0 verbose cli /usr/bin/node /usr/bin/npm
1 info using npm@8.11.0
2 info using node@v16.15.1
3 timing npm:load:whichnode Completed in 1ms
4 timing config:load:defaults Completed in 1ms
5 timing config:load:file:/usr/lib/node_modules/npm/npmrc Completed in 2ms
6 timing config:load:builtin Completed in 2ms
7 timing config:load:cli Completed in 2ms
8 timing config:load:env Completed in 0ms
9 timing config:load:file:/usr/share/nginx/html/.npmrc Completed in 0ms
10 timing config:load:project Completed in 17ms
11 timing config:load:file:/root/.npmrc Completed in 0ms
12 timing config:load:user Completed in 0ms
13 timing config:load:file:/usr/etc/npmrc Completed in 0ms
14 timing config:load:global Completed in 0ms
15 timing config:load:validate Completed in 0ms
16 timing config:load:credentials Completed in 1ms
17 timing config:load:setEnvs Completed in 1ms
18 timing config:load Completed in 25ms
19 timing npm:load:configload Completed in 25ms
20 timing npm:load:mkdirpcache Completed in 1ms
21 timing npm:load:mkdirplogs Completed in 0ms
22 verbose title npm install request
23 verbose argv "install" "request"
24 timing npm:load:setTitle Completed in 0ms
25 timing config:load:flatten Completed in 2ms
26 timing npm:load:display Completed in 5ms
27 verbose logfile logs-max:10 dir:/root/.npm/_logs
28 verbose logfile /root/.npm/_logs/2022-06-08T02_44_40_989Z-debug-0.log
29 timing npm:load:logFile Completed in 6ms
30 timing npm:load:timers Completed in 1ms
31 timing npm:load:configScope Completed in 0ms
32 timing npm:load Completed in 40ms
33 timing arborist:ctor Completed in 1ms
34 silly logfile done cleaning log files
35 timing idealTree:init Completed in 95ms
36 timing idealTree:userRequests Completed in 1ms
37 silly idealTree buildDeps
38 silly fetch manifest request@*
39 timing arborist:ctor Completed in 0ms
40 http fetch GET 200 https://registry.npmjs.org/request 150ms (cache miss)
41 silly placeDep ROOT request@2.88.2 OK for:  want: *
42 silly fetch manifest aws-sign2@~0.7.0
43 silly fetch manifest aws4@^1.8.0
44 silly fetch manifest caseless@~0.12.0
45 silly fetch manifest combined-stream@~1.0.6
46 silly fetch manifest extend@~3.0.2
47 silly fetch manifest forever-agent@~0.6.1
48 silly fetch manifest form-data@~2.3.2
49 silly fetch manifest har-validator@~5.1.3
50 silly fetch manifest http-signature@~1.2.0
51 silly fetch manifest isstream@~0.1.2
52 silly fetch manifest json-stringify-safe@~5.0.1
53 silly fetch manifest mime-types@~2.1.19
54 silly fetch manifest oauth-sign@~0.9.0
55 silly fetch manifest performance-now@^2.1.0
56 silly fetch manifest qs@~6.5.2
57 silly fetch manifest safe-buffer@^5.1.2
58 silly fetch manifest tough-cookie@~2.5.0
59 silly fetch manifest tunnel-agent@^0.6.0
60 silly fetch manifest uuid@^3.3.2
61 http fetch GET 200 https://registry.npmjs.org/aws-sign2 71ms (cache miss)
62 http fetch GET 200 https://registry.npmjs.org/safe-buffer 108ms (cache miss)
63 http fetch GET 200 https://registry.npmjs.org/json-stringify-safe 147ms (cache miss)
64 http fetch GET 200 https://registry.npmjs.org/isstream 149ms (cache miss)
65 http fetch GET 200 https://registry.npmjs.org/oauth-sign 147ms (cache miss)
66 http fetch GET 200 https://registry.npmjs.org/caseless 154ms (cache miss)
67 http fetch GET 200 https://registry.npmjs.org/performance-now 149ms (cache miss)
68 http fetch GET 200 https://registry.npmjs.org/tunnel-agent 148ms (cache miss)
69 http fetch GET 200 https://registry.npmjs.org/forever-agent 157ms (cache miss)
70 http fetch GET 200 https://registry.npmjs.org/combined-stream 158ms (cache miss)
71 http fetch GET 200 https://registry.npmjs.org/extend 159ms (cache miss)
72 http fetch GET 200 https://registry.npmjs.org/tough-cookie 153ms (cache miss)
73 http fetch GET 200 https://registry.npmjs.org/http-signature 163ms (cache miss)
74 http fetch GET 200 https://registry.npmjs.org/aws4 169ms (cache miss)
75 http fetch GET 200 https://registry.npmjs.org/form-data 170ms (cache miss)
76 http fetch GET 200 https://registry.npmjs.org/mime-types 168ms (cache miss)
77 http fetch GET 200 https://registry.npmjs.org/har-validator 172ms (cache miss)
78 http fetch GET 200 https://registry.npmjs.org/uuid 168ms (cache miss)
79 http fetch GET 200 https://registry.npmjs.org/qs 172ms (cache miss)
80 timing idealTree:#root Completed in 345ms
81 silly placeDep ROOT aws-sign2@0.7.0 OK for: request@2.88.2 want: ~0.7.0
82 silly placeDep ROOT aws4@1.11.0 OK for: request@2.88.2 want: ^1.8.0
83 silly placeDep ROOT caseless@0.12.0 OK for: request@2.88.2 want: ~0.12.0
84 silly placeDep ROOT combined-stream@1.0.8 OK for: request@2.88.2 want: ~1.0.6
85 silly placeDep ROOT extend@3.0.2 OK for: request@2.88.2 want: ~3.0.2
86 silly placeDep ROOT forever-agent@0.6.1 OK for: request@2.88.2 want: ~0.6.1
87 silly placeDep ROOT form-data@2.3.3 OK for: request@2.88.2 want: ~2.3.2
88 silly placeDep ROOT har-validator@5.1.5 OK for: request@2.88.2 want: ~5.1.3
89 silly placeDep ROOT http-signature@1.2.0 OK for: request@2.88.2 want: ~1.2.0
90 silly placeDep ROOT isstream@0.1.2 OK for: request@2.88.2 want: ~0.1.2
91 silly placeDep ROOT json-stringify-safe@5.0.1 OK for: request@2.88.2 want: ~5.0.1
92 silly placeDep ROOT mime-types@2.1.35 OK for: request@2.88.2 want: ~2.1.19
93 silly placeDep ROOT oauth-sign@0.9.0 OK for: request@2.88.2 want: ~0.9.0
94 silly placeDep ROOT performance-now@2.1.0 OK for: request@2.88.2 want: ^2.1.0
95 silly placeDep ROOT qs@6.5.3 OK for: request@2.88.2 want: ~6.5.2
96 silly placeDep ROOT safe-buffer@5.2.1 OK for: request@2.88.2 want: ^5.1.2
97 silly placeDep ROOT tough-cookie@2.5.0 OK for: request@2.88.2 want: ~2.5.0
98 silly placeDep ROOT tunnel-agent@0.6.0 OK for: request@2.88.2 want: ^0.6.0
99 silly placeDep ROOT uuid@3.4.0 OK for: request@2.88.2 want: ^3.3.2
100 silly fetch manifest delayed-stream@~1.0.0
101 silly fetch manifest asynckit@^0.4.0
102 silly fetch manifest ajv@^6.12.3
103 silly fetch manifest har-schema@^2.0.0
104 silly fetch manifest assert-plus@^1.0.0
105 silly fetch manifest jsprim@^1.2.2
106 silly fetch manifest sshpk@^1.7.0
107 silly fetch manifest mime-db@1.52.0
108 silly fetch manifest psl@^1.1.28
109 silly fetch manifest punycode@^2.1.1
110 http fetch GET 200 https://registry.npmjs.org/delayed-stream 63ms (cache miss)
111 http fetch GET 200 https://registry.npmjs.org/har-schema 62ms (cache miss)
112 http fetch GET 200 https://registry.npmjs.org/assert-plus 62ms (cache miss)
113 http fetch GET 200 https://registry.npmjs.org/asynckit 66ms (cache miss)
114 http fetch GET 200 https://registry.npmjs.org/mime-db 65ms (cache miss)
115 http fetch GET 200 https://registry.npmjs.org/sshpk 67ms (cache miss)
116 http fetch GET 200 https://registry.npmjs.org/jsprim 75ms (cache miss)
117 http fetch GET 200 https://registry.npmjs.org/psl 77ms (cache miss)
118 http fetch GET 200 https://registry.npmjs.org/punycode 79ms (cache miss)
119 http fetch GET 200 https://registry.npmjs.org/ajv 90ms (cache miss)
120 timing idealTree:node_modules/request Completed in 134ms
121 timing idealTree:node_modules/aws-sign2 Completed in 0ms
122 timing idealTree:node_modules/aws4 Completed in 0ms
123 timing idealTree:node_modules/caseless Completed in 0ms
124 silly placeDep ROOT delayed-stream@1.0.0 OK for: combined-stream@1.0.8 want: ~1.0.0
125 timing idealTree:node_modules/combined-stream Completed in 2ms
126 timing idealTree:node_modules/delayed-stream Completed in 0ms
127 timing idealTree:node_modules/extend Completed in 0ms
128 timing idealTree:node_modules/forever-agent Completed in 0ms
129 silly placeDep ROOT asynckit@0.4.0 OK for: form-data@2.3.3 want: ^0.4.0
130 timing idealTree:node_modules/form-data Completed in 2ms
131 timing idealTree:node_modules/asynckit Completed in 0ms
132 silly placeDep ROOT ajv@6.12.6 OK for: har-validator@5.1.5 want: ^6.12.3
133 silly placeDep ROOT har-schema@2.0.0 OK for: har-validator@5.1.5 want: ^2.0.0
134 silly fetch manifest fast-deep-equal@^3.1.1
135 silly fetch manifest fast-json-stable-stringify@^2.0.0
136 silly fetch manifest json-schema-traverse@^0.4.1
137 silly fetch manifest uri-js@^4.2.2
138 http fetch GET 200 https://registry.npmjs.org/fast-json-stable-stringify 40ms (cache miss)
139 http fetch GET 200 https://registry.npmjs.org/fast-deep-equal 43ms (cache miss)
140 http fetch GET 200 https://registry.npmjs.org/uri-js 42ms (cache miss)
141 http fetch GET 200 https://registry.npmjs.org/json-schema-traverse 58ms (cache miss)
142 timing idealTree:node_modules/har-validator Completed in 63ms
143 silly placeDep ROOT fast-deep-equal@3.1.3 OK for: ajv@6.12.6 want: ^3.1.1
144 silly placeDep ROOT fast-json-stable-stringify@2.1.0 OK for: ajv@6.12.6 want: ^2.0.0
145 silly placeDep ROOT json-schema-traverse@0.4.1 OK for: ajv@6.12.6 want: ^0.4.1
146 silly placeDep ROOT uri-js@4.4.1 OK for: ajv@6.12.6 want: ^4.2.2
147 silly fetch manifest punycode@^2.1.0
148 timing idealTree:node_modules/ajv Completed in 4ms
149 timing idealTree:node_modules/fast-deep-equal Completed in 0ms
150 timing idealTree:node_modules/fast-json-stable-stringify Completed in 0ms
151 timing idealTree:node_modules/har-schema Completed in 0ms
152 silly placeDep ROOT assert-plus@1.0.0 OK for: http-signature@1.2.0 want: ^1.0.0
153 silly placeDep ROOT jsprim@1.4.2 OK for: http-signature@1.2.0 want: ^1.2.2
154 silly placeDep ROOT sshpk@1.17.0 OK for: http-signature@1.2.0 want: ^1.7.0
155 silly fetch manifest extsprintf@1.3.0
156 silly fetch manifest json-schema@0.4.0
157 silly fetch manifest verror@1.10.0
158 silly fetch manifest asn1@~0.2.3
159 silly fetch manifest dashdash@^1.12.0
160 silly fetch manifest getpass@^0.1.1
161 silly fetch manifest safer-buffer@^2.0.2
162 silly fetch manifest jsbn@~0.1.0
163 silly fetch manifest tweetnacl@~0.14.0
164 silly fetch manifest ecc-jsbn@~0.1.1
165 silly fetch manifest bcrypt-pbkdf@^1.0.0
166 http fetch GET 200 https://registry.npmjs.org/safer-buffer 56ms (cache miss)
167 http fetch GET 200 https://registry.npmjs.org/verror 59ms (cache miss)
168 http fetch GET 200 https://registry.npmjs.org/extsprintf 63ms (cache miss)
169 http fetch GET 200 https://registry.npmjs.org/getpass 60ms (cache miss)
170 http fetch GET 200 https://registry.npmjs.org/bcrypt-pbkdf 53ms (cache miss)
171 http fetch GET 200 https://registry.npmjs.org/json-schema 64ms (cache miss)
172 http fetch GET 200 https://registry.npmjs.org/dashdash 63ms (cache miss)
173 http fetch GET 200 https://registry.npmjs.org/asn1 67ms (cache miss)
174 http fetch GET 200 https://registry.npmjs.org/jsbn 65ms (cache miss)
175 http fetch GET 200 https://registry.npmjs.org/tweetnacl 68ms (cache miss)
176 http fetch GET 200 https://registry.npmjs.org/ecc-jsbn 66ms (cache miss)
177 timing idealTree:node_modules/http-signature Completed in 82ms
178 timing idealTree:node_modules/assert-plus Completed in 0ms
179 timing idealTree:node_modules/isstream Completed in 0ms
180 timing idealTree:node_modules/json-schema-traverse Completed in 0ms
181 timing idealTree:node_modules/json-stringify-safe Completed in 0ms
182 silly placeDep ROOT extsprintf@1.3.0 OK for: jsprim@1.4.2 want: 1.3.0
183 silly placeDep ROOT json-schema@0.4.0 OK for: jsprim@1.4.2 want: 0.4.0
184 silly placeDep ROOT verror@1.10.0 OK for: jsprim@1.4.2 want: 1.10.0
185 silly fetch manifest core-util-is@1.0.2
186 http fetch GET 200 https://registry.npmjs.org/core-util-is 25ms (cache miss)
187 timing idealTree:node_modules/jsprim Completed in 31ms
188 timing idealTree:node_modules/extsprintf Completed in 0ms
189 timing idealTree:node_modules/json-schema Completed in 0ms
190 silly placeDep ROOT mime-db@1.52.0 OK for: mime-types@2.1.35 want: 1.52.0
191 timing idealTree:node_modules/mime-types Completed in 3ms
192 timing idealTree:node_modules/mime-db Completed in 0ms
193 timing idealTree:node_modules/oauth-sign Completed in 0ms
194 timing idealTree:node_modules/performance-now Completed in 0ms
195 timing idealTree:node_modules/qs Completed in 0ms
196 timing idealTree:node_modules/safe-buffer Completed in 0ms
197 silly placeDep ROOT asn1@0.2.6 OK for: sshpk@1.17.0 want: ~0.2.3
198 silly placeDep ROOT bcrypt-pbkdf@1.0.2 OK for: sshpk@1.17.0 want: ^1.0.0
199 silly placeDep ROOT dashdash@1.14.1 OK for: sshpk@1.17.0 want: ^1.12.0
200 silly placeDep ROOT ecc-jsbn@0.1.2 OK for: sshpk@1.17.0 want: ~0.1.1
201 silly placeDep ROOT getpass@0.1.7 OK for: sshpk@1.17.0 want: ^0.1.1
202 silly placeDep ROOT jsbn@0.1.1 OK for: sshpk@1.17.0 want: ~0.1.0
203 silly placeDep ROOT safer-buffer@2.1.2 OK for: sshpk@1.17.0 want: ^2.0.2
204 silly placeDep ROOT tweetnacl@0.14.5 OK for: sshpk@1.17.0 want: ~0.14.0
205 timing idealTree:node_modules/sshpk Completed in 12ms
206 timing idealTree:node_modules/asn1 Completed in 0ms
207 timing idealTree:node_modules/bcrypt-pbkdf Completed in 0ms
208 timing idealTree:node_modules/dashdash Completed in 0ms
209 timing idealTree:node_modules/ecc-jsbn Completed in 0ms
210 timing idealTree:node_modules/getpass Completed in 0ms
211 timing idealTree:node_modules/jsbn Completed in 0ms
212 timing idealTree:node_modules/safer-buffer Completed in 0ms
213 silly placeDep ROOT psl@1.8.0 OK for: tough-cookie@2.5.0 want: ^1.1.28
214 silly placeDep ROOT punycode@2.1.1 OK for: tough-cookie@2.5.0 want: ^2.1.1
215 timing idealTree:node_modules/tough-cookie Completed in 3ms
216 timing idealTree:node_modules/psl Completed in 0ms
217 timing idealTree:node_modules/punycode Completed in 0ms
218 timing idealTree:node_modules/tunnel-agent Completed in 0ms
219 timing idealTree:node_modules/tweetnacl Completed in 0ms
220 timing idealTree:node_modules/uri-js Completed in 0ms
221 timing idealTree:node_modules/uuid Completed in 0ms
222 silly placeDep ROOT core-util-is@1.0.2 OK for: verror@1.10.0 want: 1.0.2
223 timing idealTree:node_modules/verror Completed in 1ms
224 timing idealTree:node_modules/core-util-is Completed in 0ms
225 timing idealTree:buildDeps Completed in 686ms
226 timing idealTree:fixDepFlags Completed in 4ms
227 timing idealTree Completed in 791ms
228 timing reify:loadTrees Completed in 793ms
229 timing reify:diffTrees Completed in 5ms
230 silly reify moves {}
231 timing reify:retireShallow Completed in 1ms
232 timing reify:createSparse Completed in 8ms
233 timing reify:loadBundles Completed in 0ms
234 silly audit bulk request {
234 silly audit   '@sindresorhus/is': [ '0.14.0' ],
234 silly audit   '@szmarczak/http-timer': [ '1.1.2' ],
234 silly audit   abbrev: [ '1.1.1' ],
234 silly audit   'ansi-align': [ '3.0.1' ],
234 silly audit   'ansi-regex': [ '5.0.1' ],
234 silly audit   'ansi-styles': [ '4.3.0' ],
234 silly audit   anymatch: [ '3.1.2' ],
234 silly audit   async: [ '0.2.10' ],
234 silly audit   'balanced-match': [ '1.0.2' ],
234 silly audit   'binary-extensions': [ '2.2.0' ],
234 silly audit   'binary-search-tree': [ '0.2.5' ],
234 silly audit   boxen: [ '5.1.2' ],
234 silly audit   'brace-expansion': [ '1.1.11' ],
234 silly audit   braces: [ '3.0.2' ],
234 silly audit   'cacheable-request': [ '6.1.0' ],
234 silly audit   'get-stream': [ '5.2.0', '4.1.0' ],
234 silly audit   'lowercase-keys': [ '2.0.0', '1.0.1' ],
234 silly audit   camelcase: [ '6.3.0' ],
234 silly audit   chalk: [ '4.1.2' ],
234 silly audit   'has-flag': [ '4.0.0', '3.0.0' ],
234 silly audit   'supports-color': [ '7.2.0', '5.5.0' ],
234 silly audit   chokidar: [ '3.5.3' ],
234 silly audit   'ci-info': [ '2.0.0' ],
234 silly audit   'cli-boxes': [ '2.2.1' ],
234 silly audit   'clone-response': [ '1.0.2' ],
234 silly audit   'color-convert': [ '2.0.1' ],
234 silly audit   'color-name': [ '1.1.4' ],
234 silly audit   'concat-map': [ '0.0.1' ],
234 silly audit   configstore: [ '5.0.1' ],
234 silly audit   'crypto-random-string': [ '2.0.0' ],
234 silly audit   'data-uri-to-buffer': [ '4.0.0' ],
234 silly audit   'decompress-response': [ '3.3.0' ],
234 silly audit   'deep-extend': [ '0.6.0' ],
234 silly audit   'defer-to-connect': [ '1.1.3' ],
234 silly audit   'dot-prop': [ '5.3.0' ],
234 silly audit   duplexer3: [ '0.1.4' ],
234 silly audit   'emoji-regex': [ '8.0.0' ],
234 silly audit   'end-of-stream': [ '1.4.4' ],
234 silly audit   'escape-goat': [ '2.1.1' ],
234 silly audit   'fetch-blob': [ '3.1.5' ],
234 silly audit   'fill-range': [ '7.0.1' ],
234 silly audit   'formdata-polyfill': [ '4.0.10' ],
234 silly audit   'glob-parent': [ '5.1.2' ],
234 silly audit   'global-dirs': [ '3.0.0' ],
234 silly audit   got: [ '9.6.0' ],
234 silly audit   'graceful-fs': [ '4.2.10' ],
234 silly audit   'has-yarn': [ '2.1.0' ],
234 silly audit   'http-cache-semantics': [ '4.1.0' ],
234 silly audit   'ignore-by-default': [ '1.0.1' ],
234 silly audit   immediate: [ '3.0.6' ],
234 silly audit   'import-lazy': [ '2.1.0' ],
234 silly audit   imurmurhash: [ '0.1.4' ],
234 silly audit   ini: [ '2.0.0', '1.3.8' ],
234 silly audit   'is-binary-path': [ '2.1.0' ],
234 silly audit   'is-ci': [ '2.0.0' ],
234 silly audit   'is-extglob': [ '2.1.1' ],
234 silly audit   'is-fullwidth-code-point': [ '3.0.0' ],
234 silly audit   'is-glob': [ '4.0.3' ],
234 silly audit   'is-installed-globally': [ '0.4.0' ],
234 silly audit   'is-npm': [ '5.0.0' ],
234 silly audit   'is-number': [ '7.0.0' ],
234 silly audit   'is-obj': [ '2.0.0' ],
234 silly audit   'is-path-inside': [ '3.0.3' ],
234 silly audit   'is-typedarray': [ '1.0.0' ],
234 silly audit   'is-yarn-global': [ '0.3.0' ],
234 silly audit   'json-buffer': [ '3.0.0' ],
234 silly audit   keyv: [ '3.1.0' ],
234 silly audit   'latest-version': [ '5.1.0' ],
234 silly audit   lie: [ '3.1.1' ],
234 silly audit   localforage: [ '1.10.0' ],
234 silly audit   'lru-cache': [ '6.0.0' ],
234 silly audit   'make-dir': [ '3.1.0' ],
234 silly audit   semver: [ '6.3.0', '5.7.1', '7.3.7' ],
234 silly audit   'mimic-response': [ '1.0.1' ],
234 silly audit   minimatch: [ '3.1.2' ],
234 silly audit   minimist: [ '1.2.6' ],
234 silly audit   mkdirp: [ '0.5.6' ],
234 silly audit   nedb: [ '1.8.0' ],
234 silly audit   'node-domexception': [ '1.0.0' ],
234 silly audit   'node-fetch': [ '3.2.5' ],
234 silly audit   nodemon: [ '2.0.16' ],
234 silly audit   debug: [ '3.2.7' ],
234 silly audit   ms: [ '2.1.3' ],
234 silly audit   nopt: [ '1.0.10' ],
234 silly audit   'normalize-path': [ '3.0.0' ],
234 silly audit   'normalize-url': [ '4.5.1' ],
234 silly audit   once: [ '1.4.0' ],
234 silly audit   'p-cancelable': [ '1.1.0' ],
234 silly audit   'package-json': [ '6.5.0' ],
234 silly audit   picomatch: [ '2.3.1' ],
234 silly audit   'prepend-http': [ '2.0.0' ],
234 silly audit   'pstree.remy': [ '1.1.8' ],
234 silly audit   pump: [ '3.0.0' ],
234 silly audit   pupa: [ '2.1.1' ],
234 silly audit   rc: [ '1.2.8' ],
234 silly audit   readdirp: [ '3.6.0' ],
234 silly audit   'registry-auth-token': [ '4.2.1' ],
234 silly audit   'registry-url': [ '5.1.0' ],
234 silly audit   responselike: [ '1.0.2' ],
234 silly audit   'semver-diff': [ '3.1.1' ],
234 silly audit   'signal-exit': [ '3.0.7' ],
234 silly audit   'string-width': [ '4.2.3' ],
234 silly audit   'strip-ansi': [ '6.0.1' ],
234 silly audit   'strip-json-comments': [ '2.0.1' ],
234 silly audit   'to-readable-stream': [ '1.0.0' ],
234 silly audit   'to-regex-range': [ '5.0.1' ],
234 silly audit   touch: [ '3.1.0' ],
234 silly audit   'type-fest': [ '0.20.2' ],
234 silly audit   'typedarray-to-buffer': [ '3.1.5' ],
234 silly audit   undefsafe: [ '2.0.5' ],
234 silly audit   underscore: [ '1.4.4' ],
234 silly audit   'unique-string': [ '2.0.0' ],
234 silly audit   'update-notifier': [ '5.1.0' ],
234 silly audit   'url-parse-lax': [ '3.0.0' ],
234 silly audit   'web-streams-polyfill': [ '3.2.1' ],
234 silly audit   'widest-line': [ '3.1.0' ],
234 silly audit   'wrap-ansi': [ '7.0.0' ],
234 silly audit   wrappy: [ '1.0.2' ],
234 silly audit   'write-file-atomic': [ '3.0.3' ],
234 silly audit   'xdg-basedir': [ '4.0.0' ],
234 silly audit   yallist: [ '4.0.0' ],
234 silly audit   request: [ '2.88.2' ],
234 silly audit   'aws-sign2': [ '0.7.0' ],
234 silly audit   aws4: [ '1.11.0' ],
234 silly audit   caseless: [ '0.12.0' ],
234 silly audit   'combined-stream': [ '1.0.8' ],
234 silly audit   extend: [ '3.0.2' ],
234 silly audit   'forever-agent': [ '0.6.1' ],
234 silly audit   'form-data': [ '2.3.3' ],
234 silly audit   'har-validator': [ '5.1.5' ],
234 silly audit   'http-signature': [ '1.2.0' ],
234 silly audit   isstream: [ '0.1.2' ],
234 silly audit   'json-stringify-safe': [ '5.0.1' ],
234 silly audit   'mime-types': [ '2.1.35' ],
234 silly audit   'oauth-sign': [ '0.9.0' ],
234 silly audit   'performance-now': [ '2.1.0' ],
234 silly audit   qs: [ '6.5.3' ],
234 silly audit   'safe-buffer': [ '5.2.1' ],
234 silly audit   'tough-cookie': [ '2.5.0' ],
234 silly audit   'tunnel-agent': [ '0.6.0' ],
234 silly audit   uuid: [ '3.4.0' ],
234 silly audit   'delayed-stream': [ '1.0.0' ],
234 silly audit   asynckit: [ '0.4.0' ],
234 silly audit   ajv: [ '6.12.6' ],
234 silly audit   'har-schema': [ '2.0.0' ],
234 silly audit   'fast-deep-equal': [ '3.1.3' ],
234 silly audit   'fast-json-stable-stringify': [ '2.1.0' ],
234 silly audit   'json-schema-traverse': [ '0.4.1' ],
234 silly audit   'uri-js': [ '4.4.1' ],
234 silly audit   'assert-plus': [ '1.0.0' ],
234 silly audit   jsprim: [ '1.4.2' ],
234 silly audit   sshpk: [ '1.17.0' ],
234 silly audit   extsprintf: [ '1.3.0' ],
234 silly audit   'json-schema': [ '0.4.0' ],
234 silly audit   verror: [ '1.10.0' ],
234 silly audit   'mime-db': [ '1.52.0' ],
234 silly audit   asn1: [ '0.2.6' ],
234 silly audit   'bcrypt-pbkdf': [ '1.0.2' ],
234 silly audit   dashdash: [ '1.14.1' ],
234 silly audit   'ecc-jsbn': [ '0.1.2' ],
234 silly audit   getpass: [ '0.1.7' ],
234 silly audit   jsbn: [ '0.1.1' ],
234 silly audit   'safer-buffer': [ '2.1.2' ],
234 silly audit   tweetnacl: [ '0.14.5' ],
234 silly audit   psl: [ '1.8.0' ],
234 silly audit   punycode: [ '2.1.1' ],
234 silly audit   'core-util-is': [ '1.0.2' ]
234 silly audit }
235 silly tarball no local data for tweetnacl@https://registry.npmjs.org/tweetnacl/-/tweetnacl-0.14.5.tgz. Extracting by manifest.
236 silly tarball no local data for verror@https://registry.npmjs.org/verror/-/verror-1.10.0.tgz. Extracting by manifest.
237 silly tarball no local data for tunnel-agent@https://registry.npmjs.org/tunnel-agent/-/tunnel-agent-0.6.0.tgz. Extracting by manifest.
238 http fetch POST 200 https://registry.npmjs.org/-/npm/v1/security/advisories/bulk 177ms
239 timing auditReport:getReport Completed in 181ms
240 silly audit report {
240 silly audit report   nedb: [
240 silly audit report     {
240 silly audit report       id: 1067828,
240 silly audit report       url: 'https://github.com/advisories/GHSA-339j-hqgx-qrrx',
240 silly audit report       title: 'Prototype Pollution',
240 silly audit report       severity: 'high',
240 silly audit report       vulnerable_versions: '<=1.8.0',
240 silly audit report       cwe: [Array],
240 silly audit report       cvss: [Object]
240 silly audit report     }
240 silly audit report   ],
240 silly audit report   underscore: [
240 silly audit report     {
240 silly audit report       id: 1068134,
240 silly audit report       url: 'https://github.com/advisories/GHSA-cf4h-3jhx-xvhq',
240 silly audit report       title: 'Arbitrary Code Execution in underscore',
240 silly audit report       severity: 'high',
240 silly audit report       vulnerable_versions: '>=1.3.2 <1.12.1',
240 silly audit report       cwe: [Array],
240 silly audit report       cvss: [Object]
240 silly audit report     }
240 silly audit report   ]
240 silly audit report }
241 timing reifyNode:node_modules/oauth-sign Completed in 223ms
242 timing reifyNode:node_modules/assert-plus Completed in 227ms
243 timing reifyNode:node_modules/forever-agent Completed in 228ms
244 timing reifyNode:node_modules/caseless Completed in 228ms
245 timing reifyNode:node_modules/aws-sign2 Completed in 228ms
246 timing reifyNode:node_modules/combined-stream Completed in 232ms
247 timing reifyNode:node_modules/getpass Completed in 237ms
248 timing metavuln:cache:get:security-advisory:nedb:3Z43GH9XaCaNUAuUBnayL3PH2z2etocPDSnCf6rpRtY2/wfil0oHam9KQi2x01UHXDMFldl7NfswARCyxvbzOw== Completed in 63ms
249 timing metavuln:cache:get:security-advisory:underscore:Gnjmi1IOOUemQLeLgz5wRwLH47Eo9UznXoQR7+paJUZ5akz/mDNxKZhNia4PfEO25soJ4Pui+zZrnP/UDRFcrg== Completed in 61ms
250 timing reifyNode:node_modules/delayed-stream Completed in 238ms
251 timing reifyNode:node_modules/mime-types Completed in 239ms
252 warn deprecated har-validator@5.1.5: this library is no longer supported
253 timing reifyNode:node_modules/har-validator Completed in 240ms
254 timing reifyNode:node_modules/punycode Completed in 243ms
255 timing reifyNode:node_modules/bcrypt-pbkdf Completed in 243ms
256 timing reifyNode:node_modules/json-schema Completed in 244ms
257 timing reifyNode:node_modules/safe-buffer Completed in 244ms
258 timing reifyNode:node_modules/core-util-is Completed in 248ms
259 timing reifyNode:node_modules/safer-buffer Completed in 250ms
260 timing reifyNode:node_modules/jsprim Completed in 250ms
261 timing reifyNode:node_modules/isstream Completed in 251ms
262 timing reifyNode:node_modules/extend Completed in 251ms
263 timing reifyNode:node_modules/aws4 Completed in 250ms
264 timing reifyNode:node_modules/jsbn Completed in 254ms
265 timing reifyNode:node_modules/ecc-jsbn Completed in 265ms
266 timing reifyNode:node_modules/extsprintf Completed in 266ms
267 timing reifyNode:node_modules/json-stringify-safe Completed in 268ms
268 timing reifyNode:node_modules/json-schema-traverse Completed in 270ms
269 timing reifyNode:node_modules/asn1 Completed in 272ms
270 timing reifyNode:node_modules/fast-deep-equal Completed in 273ms
271 timing reifyNode:node_modules/dashdash Completed in 275ms
272 timing reifyNode:node_modules/tough-cookie Completed in 283ms
273 http fetch GET 200 https://registry.npmjs.org/nedb 114ms (cache hit)
274 timing metavuln:packument:nedb Completed in 116ms
275 timing metavuln:load:security-advisory:nedb:1067828 Completed in 1ms
276 timing metavuln:calculate:security-advisory:nedb:1067828 Completed in 118ms
277 http fetch GET 200 https://registry.npmjs.org/underscore 115ms (cache hit)
278 timing metavuln:packument:underscore Completed in 117ms
279 timing metavuln:load:security-advisory:underscore:1068134 Completed in 0ms
280 timing metavuln:calculate:security-advisory:underscore:1068134 Completed in 117ms
281 timing reifyNode:node_modules/http-signature Completed in 306ms
282 timing reifyNode:node_modules/form-data Completed in 309ms
283 timing reifyNode:node_modules/mime-db Completed in 311ms
284 timing reifyNode:node_modules/asynckit Completed in 315ms
285 timing reifyNode:node_modules/performance-now Completed in 315ms
286 timing reifyNode:node_modules/fast-json-stable-stringify Completed in 317ms
287 warn deprecated uuid@3.4.0: Please upgrade  to version 7 or higher.  Older versions may use Math.random() in certain circumstances, which is known to be problematic.  See https://v8.dev/blog/math-random for details.
288 timing reifyNode:node_modules/uuid Completed in 320ms
289 timing reifyNode:node_modules/har-schema Completed in 321ms
290 timing metavuln:cache:get:security-advisory:binary-search-tree:gj/ZEmOnT87Hvlmaq5yc1Mc1yNrFWUgiZcnN2xSDSTrQ8fhpNGy5r0Uh/bfbnXv0BfCvGw35yDKBdnTB/7PNfg== Completed in 21ms
291 timing metavuln:cache:get:security-advisory:nedb:zpLvV2oU0+mjzKzY5cf3zDYqg6J7Y/cXxuVgloEMJ1p9VEV+6PahjSlcvCdKCJ4tEs55a0kdoy+VTtH08HR2ug== Completed in 21ms
292 timing metavuln:load:security-advisory:nedb:Gnjmi1IOOUemQLeLgz5wRwLH47Eo9UznXoQR7+paJUZ5akz/mDNxKZhNia4PfEO25soJ4Pui+zZrnP/UDRFcrg== Completed in 1ms
293 timing metavuln:calculate:security-advisory:nedb:Gnjmi1IOOUemQLeLgz5wRwLH47Eo9UznXoQR7+paJUZ5akz/mDNxKZhNia4PfEO25soJ4Pui+zZrnP/UDRFcrg== Completed in 22ms
294 warn deprecated request@2.88.2: request has been deprecated, see https://github.com/request/request/issues/3142
295 timing reifyNode:node_modules/request Completed in 330ms
296 timing reifyNode:node_modules/qs Completed in 332ms
297 http fetch GET 200 https://registry.npmjs.org/tunnel-agent/-/tunnel-agent-0.6.0.tgz 300ms (cache miss)
298 timing reifyNode:node_modules/tunnel-agent Completed in 339ms
299 timing reifyNode:node_modules/psl Completed in 343ms
300 http fetch GET 200 https://registry.npmjs.org/verror/-/verror-1.10.0.tgz 316ms (cache miss)
301 timing reifyNode:node_modules/verror Completed in 346ms
302 http fetch GET 200 https://registry.npmjs.org/binary-search-tree 42ms (cache hit)
303 timing metavuln:packument:binary-search-tree Completed in 42ms
304 timing metavuln:load:security-advisory:binary-search-tree:Gnjmi1IOOUemQLeLgz5wRwLH47Eo9UznXoQR7+paJUZ5akz/mDNxKZhNia4PfEO25soJ4Pui+zZrnP/UDRFcrg== Completed in 0ms
305 timing metavuln:calculate:security-advisory:binary-search-tree:Gnjmi1IOOUemQLeLgz5wRwLH47Eo9UznXoQR7+paJUZ5akz/mDNxKZhNia4PfEO25soJ4Pui+zZrnP/UDRFcrg== Completed in 42ms
306 timing metavuln:cache:get:security-advisory:nedb:EgKdVAjXCYxT+YQqZdvBgro00w/ewoshJrPXf5rUtNfmakI3rxA5GDWDAtKqSXozwLkvtAu7LB1jLLWBrn837A== Completed in 5ms
307 timing metavuln:load:security-advisory:nedb:gj/ZEmOnT87Hvlmaq5yc1Mc1yNrFWUgiZcnN2xSDSTrQ8fhpNGy5r0Uh/bfbnXv0BfCvGw35yDKBdnTB/7PNfg== Completed in 0ms
308 timing metavuln:calculate:security-advisory:nedb:gj/ZEmOnT87Hvlmaq5yc1Mc1yNrFWUgiZcnN2xSDSTrQ8fhpNGy5r0Uh/bfbnXv0BfCvGw35yDKBdnTB/7PNfg== Completed in 5ms
309 timing auditReport:init Completed in 178ms
310 timing reify:audit Completed in 362ms
311 http fetch GET 200 https://registry.npmjs.org/tweetnacl/-/tweetnacl-0.14.5.tgz 336ms (cache miss)
312 timing reifyNode:node_modules/tweetnacl Completed in 364ms
313 timing reifyNode:node_modules/sshpk Completed in 366ms
314 timing reifyNode:node_modules/uri-js Completed in 373ms
315 timing reifyNode:node_modules/ajv Completed in 384ms
316 timing reify:unpack Completed in 388ms
317 timing reify:unretire Completed in 0ms
318 timing build:queue Completed in 1ms
319 timing build:link:node_modules/sshpk Completed in 2ms
320 timing build:link:node_modules/uuid Completed in 2ms
321 timing build:link Completed in 2ms
322 timing build:deps Completed in 4ms
323 timing build Completed in 4ms
324 timing reify:build Completed in 5ms
325 timing reify:trash Completed in 0ms
326 timing reify:save Completed in 49ms
327 timing reify Completed in 1288ms
328 silly ADD node_modules/core-util-is
329 silly ADD node_modules/punycode
330 silly ADD node_modules/psl
331 silly ADD node_modules/tweetnacl
332 silly ADD node_modules/safer-buffer
333 silly ADD node_modules/jsbn
334 silly ADD node_modules/getpass
335 silly ADD node_modules/ecc-jsbn
336 silly ADD node_modules/dashdash
337 silly ADD node_modules/bcrypt-pbkdf
338 silly ADD node_modules/asn1
339 silly ADD node_modules/mime-db
340 silly ADD node_modules/verror
341 silly ADD node_modules/json-schema
342 silly ADD node_modules/extsprintf
343 silly ADD node_modules/sshpk
344 silly ADD node_modules/jsprim
345 silly ADD node_modules/assert-plus
346 silly ADD node_modules/uri-js
347 silly ADD node_modules/json-schema-traverse
348 silly ADD node_modules/fast-json-stable-stringify
349 silly ADD node_modules/fast-deep-equal
350 silly ADD node_modules/har-schema
351 silly ADD node_modules/ajv
352 silly ADD node_modules/asynckit
353 silly ADD node_modules/delayed-stream
354 silly ADD node_modules/uuid
355 silly ADD node_modules/tunnel-agent
356 silly ADD node_modules/tough-cookie
357 silly ADD node_modules/safe-buffer
358 silly ADD node_modules/qs
359 silly ADD node_modules/performance-now
360 silly ADD node_modules/oauth-sign
361 silly ADD node_modules/mime-types
362 silly ADD node_modules/json-stringify-safe
363 silly ADD node_modules/isstream
364 silly ADD node_modules/http-signature
365 silly ADD node_modules/har-validator
366 silly ADD node_modules/form-data
367 silly ADD node_modules/forever-agent
368 silly ADD node_modules/extend
369 silly ADD node_modules/combined-stream
370 silly ADD node_modules/caseless
371 silly ADD node_modules/aws4
372 silly ADD node_modules/aws-sign2
373 silly ADD node_modules/request
374 timing command:install Completed in 1302ms
375 verbose exit 0
376 timing npm Completed in 1395ms
377 info ok
