0 verbose cli /usr/bin/node /usr/bin/npm
1 info using npm@8.11.0
2 info using node@v16.15.1
3 timing npm:load:whichnode Completed in 1ms
4 timing config:load:defaults Completed in 3ms
5 timing config:load:file:/usr/lib/node_modules/npm/npmrc Completed in 1ms
6 timing config:load:builtin Completed in 1ms
7 timing config:load:cli Completed in 2ms
8 timing config:load:env Completed in 1ms
9 timing config:load:file:/usr/share/nginx/html/.npmrc Completed in 0ms
10 timing config:load:project Completed in 18ms
11 timing config:load:file:/root/.npmrc Completed in 0ms
12 timing config:load:user Completed in 0ms
13 timing config:load:file:/usr/etc/npmrc Completed in 0ms
14 timing config:load:global Completed in 0ms
15 timing config:load:validate Completed in 1ms
16 timing config:load:credentials Completed in 1ms
17 timing config:load:setEnvs Completed in 1ms
18 timing config:load Completed in 30ms
19 timing npm:load:configload Completed in 30ms
20 timing npm:load:mkdirpcache Completed in 2ms
21 timing npm:load:mkdirplogs Completed in 0ms
22 verbose title npm install
23 verbose argv "install"
24 timing npm:load:setTitle Completed in 2ms
25 timing config:load:flatten Completed in 3ms
26 timing npm:load:display Completed in 6ms
27 verbose logfile logs-max:10 dir:/root/.npm/_logs
28 verbose logfile /root/.npm/_logs/2022-06-08T02_45_00_933Z-debug-0.log
29 timing npm:load:logFile Completed in 7ms
30 timing npm:load:timers Completed in 0ms
31 timing npm:load:configScope Completed in 0ms
32 timing npm:load Completed in 48ms
33 timing arborist:ctor Completed in 0ms
34 silly logfile start cleaning logs, removing 1 files
35 silly logfile done cleaning log files
36 timing idealTree:init Completed in 168ms
37 timing idealTree:userRequests Completed in 0ms
38 silly idealTree buildDeps
39 timing idealTree:#root Completed in 0ms
40 timing idealTree:buildDeps Completed in 2ms
41 timing idealTree:fixDepFlags Completed in 1ms
42 timing idealTree Completed in 176ms
43 timing arborist:ctor Completed in 1ms
44 timing reify:loadTrees Completed in 270ms
45 timing reify:diffTrees Completed in 8ms
46 silly reify moves {}
47 timing reify:retireShallow Completed in 2ms
48 timing reify:createSparse Completed in 0ms
49 timing reify:loadBundles Completed in 0ms
50 silly audit bulk request {
50 silly audit   '@sindresorhus/is': [ '0.14.0' ],
50 silly audit   '@szmarczak/http-timer': [ '1.1.2' ],
50 silly audit   abbrev: [ '1.1.1' ],
50 silly audit   ajv: [ '6.12.6' ],
50 silly audit   'ansi-align': [ '3.0.1' ],
50 silly audit   'ansi-regex': [ '5.0.1' ],
50 silly audit   'ansi-styles': [ '4.3.0' ],
50 silly audit   anymatch: [ '3.1.2' ],
50 silly audit   asn1: [ '0.2.6' ],
50 silly audit   'assert-plus': [ '1.0.0' ],
50 silly audit   async: [ '0.2.10' ],
50 silly audit   asynckit: [ '0.4.0' ],
50 silly audit   'aws-sign2': [ '0.7.0' ],
50 silly audit   aws4: [ '1.11.0' ],
50 silly audit   'balanced-match': [ '1.0.2' ],
50 silly audit   'bcrypt-pbkdf': [ '1.0.2' ],
50 silly audit   'binary-extensions': [ '2.2.0' ],
50 silly audit   'binary-search-tree': [ '0.2.5' ],
50 silly audit   bluebird: [ '3.7.2' ],
50 silly audit   boxen: [ '5.1.2' ],
50 silly audit   'brace-expansion': [ '1.1.11' ],
50 silly audit   braces: [ '3.0.2' ],
50 silly audit   'cacheable-request': [ '6.1.0' ],
50 silly audit   'get-stream': [ '5.2.0', '4.1.0' ],
50 silly audit   'lowercase-keys': [ '2.0.0', '1.0.1' ],
50 silly audit   camelcase: [ '6.3.0' ],
50 silly audit   caseless: [ '0.12.0' ],
50 silly audit   chalk: [ '4.1.2' ],
50 silly audit   'has-flag': [ '4.0.0', '3.0.0' ],
50 silly audit   'supports-color': [ '7.2.0', '5.5.0' ],
50 silly audit   chokidar: [ '3.5.3' ],
50 silly audit   'ci-info': [ '2.0.0' ],
50 silly audit   'cli-boxes': [ '2.2.1' ],
50 silly audit   'clone-response': [ '1.0.2' ],
50 silly audit   'color-convert': [ '2.0.1' ],
50 silly audit   'color-name': [ '1.1.4' ],
50 silly audit   'combined-stream': [ '1.0.8' ],
50 silly audit   'concat-map': [ '0.0.1' ],
50 silly audit   configstore: [ '5.0.1' ],
50 silly audit   'core-util-is': [ '1.0.2' ],
50 silly audit   'crypto-random-string': [ '2.0.0' ],
50 silly audit   dashdash: [ '1.14.1' ],
50 silly audit   'data-uri-to-buffer': [ '4.0.0' ],
50 silly audit   'decompress-response': [ '3.3.0' ],
50 silly audit   'deep-extend': [ '0.6.0' ],
50 silly audit   'defer-to-connect': [ '1.1.3' ],
50 silly audit   'delayed-stream': [ '1.0.0' ],
50 silly audit   'dot-prop': [ '5.3.0' ],
50 silly audit   duplexer3: [ '0.1.4' ],
50 silly audit   'ecc-jsbn': [ '0.1.2' ],
50 silly audit   'emoji-regex': [ '8.0.0' ],
50 silly audit   'end-of-stream': [ '1.4.4' ],
50 silly audit   'escape-goat': [ '2.1.1' ],
50 silly audit   extend: [ '3.0.2' ],
50 silly audit   extsprintf: [ '1.3.0' ],
50 silly audit   'fast-deep-equal': [ '3.1.3' ],
50 silly audit   'fast-json-stable-stringify': [ '2.1.0' ],
50 silly audit   'fetch-blob': [ '3.1.5' ],
50 silly audit   'fill-range': [ '7.0.1' ],
50 silly audit   'forever-agent': [ '0.6.1' ],
50 silly audit   'form-data': [ '2.3.3' ],
50 silly audit   'formdata-polyfill': [ '4.0.10' ],
50 silly audit   getpass: [ '0.1.7' ],
50 silly audit   'glob-parent': [ '5.1.2' ],
50 silly audit   'global-dirs': [ '3.0.0' ],
50 silly audit   got: [ '9.6.0' ],
50 silly audit   'graceful-fs': [ '4.2.10' ],
50 silly audit   'har-schema': [ '2.0.0' ],
50 silly audit   'har-validator': [ '5.1.5' ],
50 silly audit   'has-yarn': [ '2.1.0' ],
50 silly audit   'http-cache-semantics': [ '4.1.0' ],
50 silly audit   'http-signature': [ '1.2.0' ],
50 silly audit   'ignore-by-default': [ '1.0.1' ],
50 silly audit   immediate: [ '3.0.6' ],
50 silly audit   'import-lazy': [ '2.1.0' ],
50 silly audit   imurmurhash: [ '0.1.4' ],
50 silly audit   ini: [ '2.0.0', '1.3.8' ],
50 silly audit   'is-binary-path': [ '2.1.0' ],
50 silly audit   'is-ci': [ '2.0.0' ],
50 silly audit   'is-extglob': [ '2.1.1' ],
50 silly audit   'is-fullwidth-code-point': [ '3.0.0' ],
50 silly audit   'is-glob': [ '4.0.3' ],
50 silly audit   'is-installed-globally': [ '0.4.0' ],
50 silly audit   'is-npm': [ '5.0.0' ],
50 silly audit   'is-number': [ '7.0.0' ],
50 silly audit   'is-obj': [ '2.0.0' ],
50 silly audit   'is-path-inside': [ '3.0.3' ],
50 silly audit   'is-typedarray': [ '1.0.0' ],
50 silly audit   'is-yarn-global': [ '0.3.0' ],
50 silly audit   isstream: [ '0.1.2' ],
50 silly audit   jsbn: [ '0.1.1' ],
50 silly audit   'json-buffer': [ '3.0.0' ],
50 silly audit   'json-schema': [ '0.4.0' ],
50 silly audit   'json-schema-traverse': [ '0.4.1' ],
50 silly audit   'json-stringify-safe': [ '5.0.1' ],
50 silly audit   jsprim: [ '1.4.2' ],
50 silly audit   keyv: [ '3.1.0' ],
50 silly audit   'latest-version': [ '5.1.0' ],
50 silly audit   lie: [ '3.1.1' ],
50 silly audit   localforage: [ '1.10.0' ],
50 silly audit   lodash: [ '4.17.21' ],
50 silly audit   'lru-cache': [ '6.0.0' ],
50 silly audit   'make-dir': [ '3.1.0' ],
50 silly audit   semver: [ '6.3.0', '5.7.1', '7.3.7' ],
50 silly audit   'mime-db': [ '1.52.0' ],
50 silly audit   'mime-types': [ '2.1.35' ],
50 silly audit   'mimic-response': [ '1.0.1' ],
50 silly audit   minimatch: [ '3.1.2' ],
50 silly audit   minimist: [ '1.2.6' ],
50 silly audit   mkdirp: [ '0.5.6' ],
50 silly audit   nedb: [ '1.8.0' ],
50 silly audit   'node-domexception': [ '1.0.0' ],
50 silly audit   'node-fetch': [ '3.2.5' ],
50 silly audit   nodemon: [ '2.0.16' ],
50 silly audit   debug: [ '3.2.7' ],
50 silly audit   ms: [ '2.1.3' ],
50 silly audit   nopt: [ '1.0.10' ],
50 silly audit   'normalize-path': [ '3.0.0' ],
50 silly audit   'normalize-url': [ '4.5.1' ],
50 silly audit   'oauth-sign': [ '0.9.0' ],
50 silly audit   once: [ '1.4.0' ],
50 silly audit   'p-cancelable': [ '1.1.0' ],
50 silly audit   'package-json': [ '6.5.0' ],
50 silly audit   'performance-now': [ '2.1.0' ],
50 silly audit   picomatch: [ '2.3.1' ],
50 silly audit   'prepend-http': [ '2.0.0' ],
50 silly audit   psl: [ '1.8.0' ],
50 silly audit   'pstree.remy': [ '1.1.8' ],
50 silly audit   pump: [ '3.0.0' ],
50 silly audit   punycode: [ '2.1.1' ],
50 silly audit   pupa: [ '2.1.1' ],
50 silly audit   qs: [ '6.5.3' ],
50 silly audit   rc: [ '1.2.8' ],
50 silly audit   readdirp: [ '3.6.0' ],
50 silly audit   'registry-auth-token': [ '4.2.1' ],
50 silly audit   'registry-url': [ '5.1.0' ],
50 silly audit   request: [ '2.88.2' ],
50 silly audit   'request-promise': [ '4.2.6' ],
50 silly audit   'request-promise-core': [ '1.1.4' ],
50 silly audit   responselike: [ '1.0.2' ],
50 silly audit   'safe-buffer': [ '5.2.1' ],
50 silly audit   'safer-buffer': [ '2.1.2' ],
50 silly audit   'semver-diff': [ '3.1.1' ],
50 silly audit   'signal-exit': [ '3.0.7' ],
50 silly audit   sshpk: [ '1.17.0' ],
50 silly audit   'stealthy-require': [ '1.1.1' ],
50 silly audit   'string-width': [ '4.2.3' ],
50 silly audit   'strip-ansi': [ '6.0.1' ],
50 silly audit   'strip-json-comments': [ '2.0.1' ],
50 silly audit   'to-readable-stream': [ '1.0.0' ],
50 silly audit   'to-regex-range': [ '5.0.1' ],
50 silly audit   touch: [ '3.1.0' ],
50 silly audit   'tough-cookie': [ '2.5.0' ],
50 silly audit   'tunnel-agent': [ '0.6.0' ],
50 silly audit   tweetnacl: [ '0.14.5' ],
50 silly audit   'type-fest': [ '0.20.2' ],
50 silly audit   'typedarray-to-buffer': [ '3.1.5' ],
50 silly audit   undefsafe: [ '2.0.5' ],
50 silly audit   underscore: [ '1.4.4' ],
50 silly audit   'unique-string': [ '2.0.0' ],
50 silly audit   'update-notifier': [ '5.1.0' ],
50 silly audit   'uri-js': [ '4.4.1' ],
50 silly audit   'url-parse-lax': [ '3.0.0' ],
50 silly audit   uuid: [ '3.4.0' ],
50 silly audit   verror: [ '1.10.0' ],
50 silly audit   'web-streams-polyfill': [ '3.2.1' ],
50 silly audit   'widest-line': [ '3.1.0' ],
50 silly audit   'wrap-ansi': [ '7.0.0' ],
50 silly audit   wrappy: [ '1.0.2' ],
50 silly audit   'write-file-atomic': [ '3.0.3' ],
50 silly audit   'xdg-basedir': [ '4.0.0' ],
50 silly audit   yallist: [ '4.0.0' ]
50 silly audit }
51 timing reify:unpack Completed in 4ms
52 timing reify:unretire Completed in 0ms
53 timing build:queue Completed in 0ms
54 timing build:deps Completed in 1ms
55 timing build Completed in 1ms
56 timing reify:build Completed in 1ms
57 timing reify:trash Completed in 0ms
58 timing reify:save Completed in 60ms
59 http fetch POST 200 https://registry.npmjs.org/-/npm/v1/security/advisories/bulk 284ms
60 timing auditReport:getReport Completed in 293ms
61 silly audit report {
61 silly audit report   nedb: [
61 silly audit report     {
61 silly audit report       id: 1067828,
61 silly audit report       url: 'https://github.com/advisories/GHSA-339j-hqgx-qrrx',
61 silly audit report       title: 'Prototype Pollution',
61 silly audit report       severity: 'high',
61 silly audit report       vulnerable_versions: '<=1.8.0',
61 silly audit report       cwe: [Array],
61 silly audit report       cvss: [Object]
61 silly audit report     }
61 silly audit report   ],
61 silly audit report   underscore: [
61 silly audit report     {
61 silly audit report       id: 1068134,
61 silly audit report       url: 'https://github.com/advisories/GHSA-cf4h-3jhx-xvhq',
61 silly audit report       title: 'Arbitrary Code Execution in underscore',
61 silly audit report       severity: 'high',
61 silly audit report       vulnerable_versions: '>=1.3.2 <1.12.1',
61 silly audit report       cwe: [Array],
61 silly audit report       cvss: [Object]
61 silly audit report     }
61 silly audit report   ]
61 silly audit report }
62 timing metavuln:cache:get:security-advisory:underscore:Gnjmi1IOOUemQLeLgz5wRwLH47Eo9UznXoQR7+paJUZ5akz/mDNxKZhNia4PfEO25soJ4Pui+zZrnP/UDRFcrg== Completed in 34ms
63 timing metavuln:cache:get:security-advisory:nedb:3Z43GH9XaCaNUAuUBnayL3PH2z2etocPDSnCf6rpRtY2/wfil0oHam9KQi2x01UHXDMFldl7NfswARCyxvbzOw== Completed in 38ms
64 http fetch GET 200 https://registry.npmjs.org/nedb 67ms (cache hit)
65 timing metavuln:packument:nedb Completed in 70ms
66 timing metavuln:load:security-advisory:nedb:1067828 Completed in 4ms
67 timing metavuln:calculate:security-advisory:nedb:1067828 Completed in 76ms
68 http fetch GET 200 https://registry.npmjs.org/underscore 73ms (cache hit)
69 timing metavuln:packument:underscore Completed in 75ms
70 timing metavuln:load:security-advisory:underscore:1068134 Completed in 0ms
71 timing metavuln:calculate:security-advisory:underscore:1068134 Completed in 75ms
72 timing metavuln:cache:get:security-advisory:binary-search-tree:gj/ZEmOnT87Hvlmaq5yc1Mc1yNrFWUgiZcnN2xSDSTrQ8fhpNGy5r0Uh/bfbnXv0BfCvGw35yDKBdnTB/7PNfg== Completed in 12ms
73 timing metavuln:cache:get:security-advisory:nedb:zpLvV2oU0+mjzKzY5cf3zDYqg6J7Y/cXxuVgloEMJ1p9VEV+6PahjSlcvCdKCJ4tEs55a0kdoy+VTtH08HR2ug== Completed in 13ms
74 timing metavuln:load:security-advisory:nedb:Gnjmi1IOOUemQLeLgz5wRwLH47Eo9UznXoQR7+paJUZ5akz/mDNxKZhNia4PfEO25soJ4Pui+zZrnP/UDRFcrg== Completed in 1ms
75 timing metavuln:calculate:security-advisory:nedb:Gnjmi1IOOUemQLeLgz5wRwLH47Eo9UznXoQR7+paJUZ5akz/mDNxKZhNia4PfEO25soJ4Pui+zZrnP/UDRFcrg== Completed in 14ms
76 http fetch GET 200 https://registry.npmjs.org/binary-search-tree 30ms (cache hit)
77 timing metavuln:packument:binary-search-tree Completed in 33ms
78 timing metavuln:load:security-advisory:binary-search-tree:Gnjmi1IOOUemQLeLgz5wRwLH47Eo9UznXoQR7+paJUZ5akz/mDNxKZhNia4PfEO25soJ4Pui+zZrnP/UDRFcrg== Completed in 0ms
79 timing metavuln:calculate:security-advisory:binary-search-tree:Gnjmi1IOOUemQLeLgz5wRwLH47Eo9UznXoQR7+paJUZ5akz/mDNxKZhNia4PfEO25soJ4Pui+zZrnP/UDRFcrg== Completed in 34ms
80 timing metavuln:cache:get:security-advisory:nedb:EgKdVAjXCYxT+YQqZdvBgro00w/ewoshJrPXf5rUtNfmakI3rxA5GDWDAtKqSXozwLkvtAu7LB1jLLWBrn837A== Completed in 1ms
81 timing metavuln:load:security-advisory:nedb:gj/ZEmOnT87Hvlmaq5yc1Mc1yNrFWUgiZcnN2xSDSTrQ8fhpNGy5r0Uh/bfbnXv0BfCvGw35yDKBdnTB/7PNfg== Completed in 1ms
82 timing metavuln:calculate:security-advisory:nedb:gj/ZEmOnT87Hvlmaq5yc1Mc1yNrFWUgiZcnN2xSDSTrQ8fhpNGy5r0Uh/bfbnXv0BfCvGw35yDKBdnTB/7PNfg== Completed in 3ms
83 timing auditReport:init Completed in 144ms
84 timing reify:audit Completed in 438ms
85 timing reify Completed in 732ms
86 timing command:install Completed in 756ms
87 verbose exit 0
88 timing npm Completed in 885ms
89 info ok
