0 verbose cli /usr/bin/node /usr/bin/npm
1 info using npm@8.11.0
2 info using node@v16.15.1
3 timing npm:load:whichnode Completed in 1ms
4 timing config:load:defaults Completed in 2ms
5 timing config:load:file:/usr/lib/node_modules/npm/npmrc Completed in 1ms
6 timing config:load:builtin Completed in 2ms
7 warn config global `--global`, `--local` are deprecated. Use `--location=global` instead.
8 timing config:load:cli Completed in 3ms
9 timing config:load:env Completed in 1ms
10 timing config:load:project Completed in 14ms
11 timing config:load:file:/root/.npmrc Completed in 5ms
12 timing config:load:user Completed in 8ms
13 timing config:load:file:/usr/etc/npmrc Completed in 1ms
14 timing config:load:global Completed in 1ms
15 timing config:load:validate Completed in 0ms
16 timing config:load:credentials Completed in 1ms
17 timing config:load:setEnvs Completed in 1ms
18 timing config:load Completed in 34ms
19 timing npm:load:configload Completed in 34ms
20 timing npm:load:mkdirpcache Completed in 1ms
21 timing npm:load:mkdirplogs Completed in 0ms
22 verbose title npm install pm2
23 verbose argv "install" "--global" "pm2"
24 timing npm:load:setTitle Completed in 1ms
25 timing config:load:flatten Completed in 3ms
26 timing npm:load:display Completed in 7ms
27 verbose logfile logs-max:10 dir:/root/.npm/_logs
28 verbose logfile /root/.npm/_logs/2022-06-08T04_45_57_132Z-debug-0.log
29 timing npm:load:logFile Completed in 7ms
30 timing npm:load:timers Completed in 0ms
31 timing npm:load:configScope Completed in 0ms
32 timing npm:load Completed in 54ms
33 timing arborist:ctor Completed in 1ms
34 silly logfile start cleaning logs, removing 1 files
35 silly logfile done cleaning log files
36 timing idealTree:init Completed in 5ms
37 timing idealTree:userRequests Completed in 2ms
38 silly idealTree buildDeps
39 silly fetch manifest pm2@*
40 http fetch GET 200 https://registry.npmjs.org/pm2 17ms (cache hit)
41 silly placeDep ROOT pm2@5.2.0 OK for:  want: *
42 silly fetch manifest @pm2/agent@~2.0.0
43 silly fetch manifest @pm2/io@~5.0.0
44 silly fetch manifest @pm2/js-api@~0.6.7
45 silly fetch manifest @pm2/pm2-version-check@latest
46 silly fetch manifest async@~3.2.0
47 silly fetch manifest blessed@0.1.81
48 silly fetch manifest chalk@3.0.0
49 silly fetch manifest chokidar@^3.5.1
50 silly fetch manifest cli-tableau@^2.0.0
51 silly fetch manifest commander@2.15.1
52 silly fetch manifest croner@~4.1.92
53 silly fetch manifest dayjs@~1.8.25
54 silly fetch manifest debug@^4.3.1
55 silly fetch manifest enquirer@2.3.6
56 silly fetch manifest eventemitter2@5.0.1
57 silly fetch manifest sprintf-js@1.1.2
58 silly fetch manifest fclone@1.0.11
59 silly fetch manifest mkdirp@1.0.4
60 silly fetch manifest needle@2.4.0
61 silly fetch manifest pidusage@~3.0
62 silly fetch manifest pm2-axon@~4.0.1
63 silly fetch manifest pm2-axon-rpc@~0.7.1
64 silly fetch manifest pm2-deploy@~1.0.2
65 silly fetch manifest pm2-multimeter@^0.1.2
66 silly fetch manifest promptly@^2
67 silly fetch manifest semver@^7.2
68 silly fetch manifest source-map-support@0.5.19
69 silly fetch manifest vizion@~2.2.1
70 silly fetch manifest yamljs@0.3.0
71 silly fetch manifest pm2-sysmonit@^1.2.8
72 http fetch GET 200 https://registry.npmjs.org/@pm2%2fagent 120ms (cache hit)
73 http fetch GET 200 https://registry.npmjs.org/@pm2%2fio 120ms (cache hit)
74 http fetch GET 200 https://registry.npmjs.org/@pm2%2fjs-api 123ms (cache hit)
75 http fetch GET 200 https://registry.npmjs.org/@pm2%2fpm2-version-check 123ms (cache hit)
76 http fetch GET 200 https://registry.npmjs.org/async 123ms (cache hit)
77 http fetch GET 200 https://registry.npmjs.org/blessed 125ms (cache hit)
78 http fetch GET 200 https://registry.npmjs.org/chalk 126ms (cache hit)
79 http fetch GET 200 https://registry.npmjs.org/cli-tableau 126ms (cache hit)
80 http fetch GET 200 https://registry.npmjs.org/croner 126ms (cache hit)
81 http fetch GET 200 https://registry.npmjs.org/debug 129ms (cache hit)
82 http fetch GET 200 https://registry.npmjs.org/eventemitter2 129ms (cache hit)
83 http fetch GET 200 https://registry.npmjs.org/sprintf-js 129ms (cache hit)
84 http fetch GET 200 https://registry.npmjs.org/fclone 130ms (cache hit)
85 http fetch GET 200 https://registry.npmjs.org/mkdirp 129ms (cache hit)
86 http fetch GET 200 https://registry.npmjs.org/needle 130ms (cache hit)
87 http fetch GET 200 https://registry.npmjs.org/commander 137ms (cache hit)
88 http fetch GET 200 https://registry.npmjs.org/pm2-axon 132ms (cache hit)
89 http fetch GET 200 https://registry.npmjs.org/pm2-axon-rpc 132ms (cache hit)
90 http fetch GET 200 https://registry.npmjs.org/pm2-deploy 131ms (cache hit)
91 http fetch GET 200 https://registry.npmjs.org/pm2-multimeter 129ms (cache hit)
92 http fetch GET 200 https://registry.npmjs.org/promptly 128ms (cache hit)
93 http fetch GET 200 https://registry.npmjs.org/semver 128ms (cache hit)
94 http fetch GET 200 https://registry.npmjs.org/source-map-support 129ms (cache hit)
95 http fetch GET 200 https://registry.npmjs.org/vizion 129ms (cache hit)
96 http fetch GET 200 https://registry.npmjs.org/yamljs 129ms (cache hit)
97 http fetch GET 200 https://registry.npmjs.org/pidusage 139ms (cache hit)
98 http fetch GET 200 https://registry.npmjs.org/dayjs 144ms (cache hit)
99 http fetch GET 200 https://registry.npmjs.org/enquirer 147ms (cache hit)
100 http fetch GET 200 https://registry.npmjs.org/pm2-sysmonit 141ms (cache hit)
101 http fetch GET 200 https://registry.npmjs.org/chokidar 192ms (cache miss)
102 timing idealTree:#root Completed in 236ms
103 silly placeDep node_modules/pm2 @pm2/agent@2.0.1 OK for: pm2@5.2.0 want: ~2.0.0
104 silly placeDep node_modules/pm2 @pm2/io@5.0.0 OK for: pm2@5.2.0 want: ~5.0.0
105 silly placeDep node_modules/pm2 @pm2/js-api@0.6.7 OK for: pm2@5.2.0 want: ~0.6.7
106 silly placeDep node_modules/pm2 @pm2/pm2-version-check@1.0.4 OK for: pm2@5.2.0 want: latest
107 silly placeDep node_modules/pm2 async@3.2.4 OK for: pm2@5.2.0 want: ~3.2.0
108 silly placeDep node_modules/pm2 blessed@0.1.81 OK for: pm2@5.2.0 want: 0.1.81
109 silly placeDep node_modules/pm2 chalk@3.0.0 OK for: pm2@5.2.0 want: 3.0.0
110 silly placeDep node_modules/pm2 chokidar@3.5.3 OK for: pm2@5.2.0 want: ^3.5.1
111 silly placeDep node_modules/pm2 cli-tableau@2.0.1 OK for: pm2@5.2.0 want: ^2.0.0
112 silly placeDep node_modules/pm2 commander@2.15.1 OK for: pm2@5.2.0 want: 2.15.1
113 silly placeDep node_modules/pm2 croner@4.1.97 OK for: pm2@5.2.0 want: ~4.1.92
114 silly placeDep node_modules/pm2 dayjs@1.8.36 OK for: pm2@5.2.0 want: ~1.8.25
115 silly placeDep node_modules/pm2 debug@4.3.4 OK for: pm2@5.2.0 want: ^4.3.1
116 silly placeDep node_modules/pm2 enquirer@2.3.6 OK for: pm2@5.2.0 want: 2.3.6
117 silly placeDep node_modules/pm2 eventemitter2@5.0.1 OK for: pm2@5.2.0 want: 5.0.1
118 silly placeDep node_modules/pm2 fclone@1.0.11 OK for: pm2@5.2.0 want: 1.0.11
119 silly placeDep node_modules/pm2 mkdirp@1.0.4 OK for: pm2@5.2.0 want: 1.0.4
120 silly placeDep node_modules/pm2 needle@2.4.0 OK for: pm2@5.2.0 want: 2.4.0
121 silly placeDep node_modules/pm2 pidusage@3.0.0 OK for: pm2@5.2.0 want: ~3.0
122 silly placeDep node_modules/pm2 pm2-axon@4.0.1 OK for: pm2@5.2.0 want: ~4.0.1
123 silly placeDep node_modules/pm2 pm2-axon-rpc@0.7.1 OK for: pm2@5.2.0 want: ~0.7.1
124 silly placeDep node_modules/pm2 pm2-deploy@1.0.2 OK for: pm2@5.2.0 want: ~1.0.2
125 silly placeDep node_modules/pm2 pm2-multimeter@0.1.2 OK for: pm2@5.2.0 want: ^0.1.2
126 silly placeDep node_modules/pm2 pm2-sysmonit@1.2.8 OK for: pm2@5.2.0 want: ^1.2.8
127 silly placeDep node_modules/pm2 promptly@2.2.0 OK for: pm2@5.2.0 want: ^2
128 silly placeDep node_modules/pm2 semver@7.3.7 OK for: pm2@5.2.0 want: ^7.2
129 silly placeDep node_modules/pm2 source-map-support@0.5.19 OK for: pm2@5.2.0 want: 0.5.19
130 silly placeDep node_modules/pm2 sprintf-js@1.1.2 OK for: pm2@5.2.0 want: 1.1.2
131 silly placeDep node_modules/pm2 vizion@2.2.1 OK for: pm2@5.2.0 want: ~2.2.1
132 silly placeDep node_modules/pm2 yamljs@0.3.0 OK for: pm2@5.2.0 want: 0.3.0
133 silly fetch manifest fast-json-patch@^3.0.0-1
134 silly fetch manifest nssocket@0.6.0
135 silly fetch manifest proxy-agent@~5.0.0
136 silly fetch manifest semver@~7.2.0
137 silly fetch manifest ws@~7.4.0
138 silly fetch manifest @opencensus/core@0.0.9
139 silly fetch manifest @opencensus/propagation-b3@0.0.8
140 silly fetch manifest async@~2.6.1
141 silly fetch manifest eventemitter2@^6.3.1
142 silly fetch manifest require-in-the-middle@^5.0.0
143 silly fetch manifest semver@6.3.0
144 silly fetch manifest shimmer@^1.2.0
145 silly fetch manifest signal-exit@^3.0.3
146 silly fetch manifest tslib@1.9.3
147 silly fetch manifest async@^2.6.3
148 silly fetch manifest axios@^0.21.0
149 silly fetch manifest ws@^7.0.0
150 silly fetch manifest ansi-styles@^4.1.0
151 silly fetch manifest supports-color@^7.1.0
152 silly fetch manifest anymatch@~3.1.2
153 silly fetch manifest braces@~3.0.2
154 silly fetch manifest glob-parent@~5.1.2
155 silly fetch manifest is-binary-path@~2.1.0
156 silly fetch manifest is-glob@~4.0.1
157 silly fetch manifest normalize-path@~3.0.0
158 silly fetch manifest readdirp@~3.6.0
159 silly fetch manifest fsevents@~2.3.2
160 silly fetch manifest ms@2.1.2
161 silly fetch manifest ansi-colors@^4.1.1
162 silly fetch manifest debug@^3.2.6
163 silly fetch manifest iconv-lite@^0.4.4
164 silly fetch manifest sax@^1.2.4
165 silly fetch manifest safe-buffer@^5.2.1
166 silly fetch manifest amp@~0.3.1
167 silly fetch manifest amp-message@~0.1.1
168 silly fetch manifest escape-string-regexp@^4.0.0
169 silly fetch manifest run-series@^1.1.8
170 silly fetch manifest tv4@^1.3.0
171 silly fetch manifest charm@~0.1.1
172 silly fetch manifest pidusage@^2.0.21
173 silly fetch manifest systeminformation@^5.7
174 silly fetch manifest tx2@~1.0.4
175 silly fetch manifest read@^1.0.4
176 silly fetch manifest lru-cache@^6.0.0
177 silly fetch manifest buffer-from@^1.0.0
178 silly fetch manifest source-map@^0.6.0
179 silly fetch manifest git-node-fs@^1.0.0
180 silly fetch manifest ini@^1.3.5
181 silly fetch manifest js-git@^0.7.8
182 silly fetch manifest argparse@^1.0.7
183 silly fetch manifest glob@^7.0.5
184 http fetch GET 200 https://registry.npmjs.org/fast-json-patch 209ms (cache hit)
185 http fetch GET 200 https://registry.npmjs.org/nssocket 209ms (cache hit)
186 http fetch GET 200 https://registry.npmjs.org/proxy-agent 209ms (cache hit)
187 http fetch GET 200 https://registry.npmjs.org/@opencensus%2fcore 206ms (cache hit)
188 http fetch GET 200 https://registry.npmjs.org/ws 210ms (cache hit)
189 http fetch GET 200 https://registry.npmjs.org/@opencensus%2fpropagation-b3 209ms (cache hit)
190 http fetch GET 200 https://registry.npmjs.org/require-in-the-middle 209ms (cache hit)
191 http fetch GET 200 https://registry.npmjs.org/axios 205ms (cache hit)
192 http fetch GET 200 https://registry.npmjs.org/shimmer 210ms (cache hit)
193 http fetch GET 200 https://registry.npmjs.org/supports-color 205ms (cache hit)
194 http fetch GET 200 https://registry.npmjs.org/tslib 210ms (cache hit)
195 http fetch GET 200 https://registry.npmjs.org/ws 210ms (cache hit)
196 http fetch GET 200 https://registry.npmjs.org/ms 207ms (cache hit)
197 http fetch GET 200 https://registry.npmjs.org/ansi-colors 207ms (cache hit)
198 http fetch GET 200 https://registry.npmjs.org/sax 205ms (cache hit)
199 http fetch GET 200 https://registry.npmjs.org/amp 201ms (cache hit)
200 http fetch GET 200 https://registry.npmjs.org/amp-message 201ms (cache hit)
201 http fetch GET 200 https://registry.npmjs.org/escape-string-regexp 203ms (cache hit)
202 http fetch GET 200 https://registry.npmjs.org/run-series 203ms (cache hit)
203 http fetch GET 200 https://registry.npmjs.org/tv4 202ms (cache hit)
204 http fetch GET 200 https://registry.npmjs.org/charm 203ms (cache hit)
205 http fetch GET 200 https://registry.npmjs.org/systeminformation 205ms (cache hit)
206 http fetch GET 200 https://registry.npmjs.org/tx2 210ms (cache hit)
207 http fetch GET 200 https://registry.npmjs.org/read 209ms (cache hit)
208 http fetch GET 200 https://registry.npmjs.org/lru-cache 209ms (cache hit)
209 http fetch GET 200 https://registry.npmjs.org/buffer-from 210ms (cache hit)
210 http fetch GET 200 https://registry.npmjs.org/source-map 209ms (cache hit)
211 http fetch GET 200 https://registry.npmjs.org/git-node-fs 210ms (cache hit)
212 http fetch GET 200 https://registry.npmjs.org/ini 205ms (cache hit)
213 http fetch GET 200 https://registry.npmjs.org/js-git 206ms (cache hit)
214 http fetch GET 200 https://registry.npmjs.org/argparse 206ms (cache hit)
215 http fetch GET 200 https://registry.npmjs.org/glob 206ms (cache hit)
216 http fetch GET 200 https://registry.npmjs.org/signal-exit 272ms (cache miss)
217 http fetch GET 200 https://registry.npmjs.org/iconv-lite 275ms (cache revalidated)
218 http fetch GET 200 https://registry.npmjs.org/safe-buffer 272ms (cache revalidated)
219 http fetch GET 200 https://registry.npmjs.org/is-binary-path 285ms (cache miss)
220 http fetch GET 200 https://registry.npmjs.org/normalize-path 287ms (cache miss)
221 http fetch GET 200 https://registry.npmjs.org/is-glob 291ms (cache miss)
222 http fetch GET 200 https://registry.npmjs.org/glob-parent 294ms (cache miss)
223 http fetch GET 200 https://registry.npmjs.org/anymatch 297ms (cache miss)
224 http fetch GET 200 https://registry.npmjs.org/braces 300ms (cache miss)
225 http fetch GET 200 https://registry.npmjs.org/ansi-styles 303ms (cache miss)
226 http fetch GET 200 https://registry.npmjs.org/readdirp 299ms (cache miss)
227 http fetch GET 200 https://registry.npmjs.org/fsevents 301ms (cache miss)
228 timing idealTree:node_modules/pm2 Completed in 380ms
229 silly fetch manifest bufferutil@^4.0.1
230 http fetch GET 200 https://registry.npmjs.org/bufferutil 4ms (cache hit)
231 silly fetch manifest utf-8-validate@^5.0.2
232 http fetch GET 200 https://registry.npmjs.org/utf-8-validate 3ms (cache hit)
233 silly placeDep node_modules/pm2 fast-json-patch@3.1.1 OK for: @pm2/agent@2.0.1 want: ^3.0.0-1
234 silly placeDep node_modules/pm2 nssocket@0.6.0 OK for: @pm2/agent@2.0.1 want: 0.6.0
235 silly placeDep node_modules/pm2 proxy-agent@5.0.0 OK for: @pm2/agent@2.0.1 want: ~5.0.0
236 silly placeDep node_modules/pm2/node_modules/@pm2/agent semver@7.2.3 OK for: @pm2/agent@2.0.1 want: ~7.2.0
237 silly placeDep node_modules/pm2 ws@7.4.6 OK for: @pm2/agent@2.0.1 want: ~7.4.0
238 silly fetch manifest eventemitter2@~0.4.14
239 silly fetch manifest lazy@~1.0.11
240 silly fetch manifest agent-base@^6.0.0
241 silly fetch manifest http-proxy-agent@^4.0.0
242 silly fetch manifest https-proxy-agent@^5.0.0
243 silly fetch manifest lru-cache@^5.1.1
244 silly fetch manifest pac-proxy-agent@^5.0.0
245 silly fetch manifest proxy-from-env@^1.0.0
246 silly fetch manifest socks-proxy-agent@^5.0.0
247 http fetch GET 200 https://registry.npmjs.org/lazy 20ms (cache hit)
248 http fetch GET 200 https://registry.npmjs.org/agent-base 21ms (cache hit)
249 http fetch GET 200 https://registry.npmjs.org/http-proxy-agent 20ms (cache hit)
250 http fetch GET 200 https://registry.npmjs.org/https-proxy-agent 21ms (cache hit)
251 http fetch GET 200 https://registry.npmjs.org/pac-proxy-agent 21ms (cache hit)
252 http fetch GET 200 https://registry.npmjs.org/proxy-from-env 21ms (cache hit)
253 http fetch GET 200 https://registry.npmjs.org/socks-proxy-agent 20ms (cache hit)
254 timing idealTree:node_modules/pm2/node_modules/@pm2/agent Completed in 46ms
255 silly placeDep node_modules/pm2 @opencensus/core@0.0.9 OK for: @pm2/io@5.0.0 want: 0.0.9
256 silly placeDep node_modules/pm2 @opencensus/propagation-b3@0.0.8 OK for: @pm2/io@5.0.0 want: 0.0.8
257 silly placeDep node_modules/pm2/node_modules/@pm2/io async@2.6.4 OK for: @pm2/io@5.0.0 want: ~2.6.1
258 silly placeDep node_modules/pm2/node_modules/@pm2/io eventemitter2@6.4.5 OK for: @pm2/io@5.0.0 want: ^6.3.1
259 silly placeDep node_modules/pm2 require-in-the-middle@5.1.0 OK for: @pm2/io@5.0.0 want: ^5.0.0
260 silly placeDep node_modules/pm2/node_modules/@pm2/io semver@6.3.0 OK for: @pm2/io@5.0.0 want: 6.3.0
261 silly placeDep node_modules/pm2 shimmer@1.2.1 OK for: @pm2/io@5.0.0 want: ^1.2.0
262 silly placeDep node_modules/pm2 signal-exit@3.0.7 OK for: @pm2/io@5.0.0 want: ^3.0.3
263 silly placeDep node_modules/pm2 tslib@1.9.3 OK for: @pm2/io@5.0.0 want: 1.9.3
264 silly fetch manifest continuation-local-storage@^3.2.1
265 silly fetch manifest log-driver@^1.2.7
266 silly fetch manifest semver@^5.5.0
267 silly fetch manifest uuid@^3.2.1
268 silly fetch manifest @opencensus/core@^0.0.8
269 silly fetch manifest lodash@^4.17.14
270 silly fetch manifest module-details-from-path@^1.0.3
271 silly fetch manifest resolve@^1.12.0
272 http fetch GET 200 https://registry.npmjs.org/module-details-from-path 19ms (cache hit)
273 http fetch GET 200 https://registry.npmjs.org/resolve 19ms (cache hit)
274 http fetch GET 200 https://registry.npmjs.org/log-driver 24ms (cache hit)
275 http fetch GET 200 https://registry.npmjs.org/continuation-local-storage 25ms (cache hit)
276 http fetch GET 200 https://registry.npmjs.org/uuid 43ms (cache revalidated)
277 http fetch GET 200 https://registry.npmjs.org/lodash 49ms (cache revalidated)
278 timing idealTree:node_modules/pm2/node_modules/@pm2/io Completed in 74ms
279 silly placeDep node_modules/pm2 continuation-local-storage@3.2.1 OK for: @opencensus/core@0.0.9 want: ^3.2.1
280 silly placeDep node_modules/pm2 log-driver@1.2.7 OK for: @opencensus/core@0.0.9 want: ^1.2.7
281 silly placeDep node_modules/pm2/node_modules/@opencensus/core semver@5.7.1 OK for: @opencensus/core@0.0.9 want: ^5.5.0
282 silly placeDep node_modules/pm2 uuid@3.4.0 OK for: @opencensus/core@0.0.9 want: ^3.2.1
283 silly fetch manifest async-listener@^0.6.0
284 silly fetch manifest emitter-listener@^1.1.1
285 http fetch GET 200 https://registry.npmjs.org/emitter-listener 9ms (cache hit)
286 http fetch GET 200 https://registry.npmjs.org/async-listener 11ms (cache hit)
287 timing idealTree:node_modules/pm2/node_modules/@opencensus/core Completed in 17ms
288 silly placeDep node_modules/pm2/node_modules/@opencensus/propagation-b3 @opencensus/core@0.0.8 OK for: @opencensus/propagation-b3@0.0.8 want: ^0.0.8
289 timing idealTree:node_modules/pm2/node_modules/@opencensus/propagation-b3 Completed in 3ms
290 silly placeDep node_modules/pm2/node_modules/@pm2/js-api async@2.6.4 OK for: @pm2/js-api@0.6.7 want: ^2.6.3
291 silly placeDep node_modules/pm2 axios@0.21.4 OK for: @pm2/js-api@0.6.7 want: ^0.21.0
292 silly placeDep node_modules/pm2/node_modules/@pm2/js-api eventemitter2@6.4.5 OK for: @pm2/js-api@0.6.7 want: ^6.3.1
293 silly fetch manifest follow-redirects@^1.14.0
294 http fetch GET 200 https://registry.npmjs.org/follow-redirects 7ms (cache hit)
295 timing idealTree:node_modules/pm2/node_modules/@pm2/js-api Completed in 18ms
296 timing idealTree:node_modules/pm2/node_modules/@pm2/pm2-version-check Completed in 0ms
297 timing idealTree:node_modules/pm2/node_modules/async Completed in 0ms
298 silly placeDep node_modules/pm2 follow-redirects@1.15.1 OK for: axios@0.21.4 want: ^1.14.0
299 timing idealTree:node_modules/pm2/node_modules/axios Completed in 2ms
300 timing idealTree:node_modules/pm2/node_modules/blessed Completed in 0ms
301 silly placeDep node_modules/pm2 ansi-styles@4.3.0 OK for: chalk@3.0.0 want: ^4.1.0
302 silly placeDep node_modules/pm2 supports-color@7.2.0 OK for: chalk@3.0.0 want: ^7.1.0
303 silly fetch manifest color-convert@^2.0.1
304 silly fetch manifest has-flag@^4.0.0
305 http fetch GET 200 https://registry.npmjs.org/has-flag 6ms (cache hit)
306 http fetch GET 200 https://registry.npmjs.org/color-convert 41ms (cache miss)
307 timing idealTree:node_modules/pm2/node_modules/chalk Completed in 44ms
308 silly placeDep node_modules/pm2 color-convert@2.0.1 OK for: ansi-styles@4.3.0 want: ^2.0.1
309 silly fetch manifest color-name@~1.1.4
310 http fetch GET 200 https://registry.npmjs.org/color-name 28ms (cache miss)
311 timing idealTree:node_modules/pm2/node_modules/ansi-styles Completed in 31ms
312 silly placeDep node_modules/pm2 anymatch@3.1.2 OK for: chokidar@3.5.3 want: ~3.1.2
313 silly placeDep node_modules/pm2 braces@3.0.2 OK for: chokidar@3.5.3 want: ~3.0.2
314 silly placeDep node_modules/pm2 fsevents@2.3.2 OK for: chokidar@3.5.3 want: ~2.3.2
315 silly placeDep node_modules/pm2 glob-parent@5.1.2 OK for: chokidar@3.5.3 want: ~5.1.2
316 silly placeDep node_modules/pm2 is-binary-path@2.1.0 OK for: chokidar@3.5.3 want: ~2.1.0
317 silly placeDep node_modules/pm2 is-glob@4.0.3 OK for: chokidar@3.5.3 want: ~4.0.1
318 silly placeDep node_modules/pm2 normalize-path@3.0.0 OK for: chokidar@3.5.3 want: ~3.0.0
319 silly placeDep node_modules/pm2 readdirp@3.6.0 OK for: chokidar@3.5.3 want: ~3.6.0
320 silly fetch manifest picomatch@^2.0.4
321 silly fetch manifest fill-range@^7.0.1
322 silly fetch manifest binary-extensions@^2.0.0
323 silly fetch manifest is-extglob@^2.1.1
324 silly fetch manifest picomatch@^2.2.1
325 http fetch GET 200 https://registry.npmjs.org/is-extglob 29ms (cache miss)
326 http fetch GET 200 https://registry.npmjs.org/picomatch 43ms (cache miss)
327 http fetch GET 200 https://registry.npmjs.org/fill-range 46ms (cache miss)
328 http fetch GET 200 https://registry.npmjs.org/binary-extensions 46ms (cache miss)
329 http fetch GET 200 https://registry.npmjs.org/picomatch 45ms (cache miss)
330 timing idealTree:node_modules/pm2/node_modules/chokidar Completed in 62ms
331 silly placeDep node_modules/pm2 picomatch@2.3.1 OK for: anymatch@3.1.2 want: ^2.0.4
332 timing idealTree:node_modules/pm2/node_modules/anymatch Completed in 1ms
333 silly placeDep node_modules/pm2 fill-range@7.0.1 OK for: braces@3.0.2 want: ^7.0.1
334 silly fetch manifest to-regex-range@^5.0.1
335 http fetch GET 200 https://registry.npmjs.org/to-regex-range 48ms (cache miss)
336 timing idealTree:node_modules/pm2/node_modules/braces Completed in 51ms
337 timing idealTree:node_modules/pm2/node_modules/cli-tableau Completed in 0ms
338 silly placeDep node_modules/pm2 color-name@1.1.4 OK for: color-convert@2.0.1 want: ~1.1.4
339 timing idealTree:node_modules/pm2/node_modules/color-convert Completed in 1ms
340 timing idealTree:node_modules/pm2/node_modules/color-name Completed in 0ms
341 timing idealTree:node_modules/pm2/node_modules/commander Completed in 0ms
342 silly placeDep node_modules/pm2 async-listener@0.6.10 OK for: continuation-local-storage@3.2.1 want: ^0.6.0
343 silly placeDep node_modules/pm2 emitter-listener@1.1.2 OK for: continuation-local-storage@3.2.1 want: ^1.1.1
344 silly fetch manifest semver@^5.3.0
345 timing idealTree:node_modules/pm2/node_modules/continuation-local-storage Completed in 5ms
346 silly placeDep node_modules/pm2/node_modules/async-listener semver@5.7.1 OK for: async-listener@0.6.10 want: ^5.3.0
347 timing idealTree:node_modules/pm2/node_modules/async-listener Completed in 1ms
348 timing idealTree:node_modules/pm2/node_modules/croner Completed in 0ms
349 timing idealTree:node_modules/pm2/node_modules/dayjs Completed in 0ms
350 silly placeDep node_modules/pm2 ms@2.1.2 OK for: debug@4.3.4 want: 2.1.2
351 timing idealTree:node_modules/pm2/node_modules/debug Completed in 3ms
352 timing idealTree:node_modules/pm2/node_modules/emitter-listener Completed in 0ms
353 silly placeDep node_modules/pm2 ansi-colors@4.1.3 OK for: enquirer@2.3.6 want: ^4.1.1
354 timing idealTree:node_modules/pm2/node_modules/enquirer Completed in 1ms
355 timing idealTree:node_modules/pm2/node_modules/ansi-colors Completed in 0ms
356 timing idealTree:node_modules/pm2/node_modules/eventemitter2 Completed in 0ms
357 timing idealTree:node_modules/pm2/node_modules/fast-json-patch Completed in 0ms
358 timing idealTree:node_modules/pm2/node_modules/fclone Completed in 0ms
359 silly placeDep node_modules/pm2 to-regex-range@5.0.1 OK for: fill-range@7.0.1 want: ^5.0.1
360 silly fetch manifest is-number@^7.0.0
361 http fetch GET 200 https://registry.npmjs.org/is-number 23ms (cache miss)
362 timing idealTree:node_modules/pm2/node_modules/fill-range Completed in 27ms
363 timing idealTree:node_modules/pm2/node_modules/follow-redirects Completed in 0ms
364 timing idealTree:node_modules/pm2/node_modules/fsevents Completed in 0ms
365 timing idealTree:node_modules/pm2/node_modules/glob-parent Completed in 0ms
366 silly placeDep node_modules/pm2 binary-extensions@2.2.0 OK for: is-binary-path@2.1.0 want: ^2.0.0
367 timing idealTree:node_modules/pm2/node_modules/is-binary-path Completed in 2ms
368 timing idealTree:node_modules/pm2/node_modules/binary-extensions Completed in 0ms
369 silly placeDep node_modules/pm2 is-extglob@2.1.1 OK for: is-glob@4.0.3 want: ^2.1.1
370 timing idealTree:node_modules/pm2/node_modules/is-glob Completed in 2ms
371 timing idealTree:node_modules/pm2/node_modules/is-extglob Completed in 0ms
372 timing idealTree:node_modules/pm2/node_modules/log-driver Completed in 0ms
373 timing idealTree:node_modules/pm2/node_modules/mkdirp Completed in 0ms
374 timing idealTree:node_modules/pm2/node_modules/ms Completed in 0ms
375 silly placeDep node_modules/pm2/node_modules/needle debug@3.2.7 OK for: needle@2.4.0 want: ^3.2.6
376 silly placeDep node_modules/pm2 iconv-lite@0.4.24 OK for: needle@2.4.0 want: ^0.4.4
377 silly placeDep node_modules/pm2 sax@1.2.4 OK for: needle@2.4.0 want: ^1.2.4
378 silly fetch manifest safer-buffer@>= 2.1.2 < 3
379 http fetch GET 200 https://registry.npmjs.org/safer-buffer 142ms (cache revalidated)
380 timing idealTree:node_modules/pm2/node_modules/needle Completed in 149ms
381 silly placeDep node_modules/pm2 safer-buffer@2.1.2 OK for: iconv-lite@0.4.24 want: >= 2.1.2 < 3
382 timing idealTree:node_modules/pm2/node_modules/iconv-lite Completed in 2ms
383 timing idealTree:node_modules/pm2/node_modules/normalize-path Completed in 0ms
384 silly placeDep node_modules/pm2/node_modules/nssocket eventemitter2@0.4.14 OK for: nssocket@0.6.0 want: ~0.4.14
385 silly placeDep node_modules/pm2 lazy@1.0.11 OK for: nssocket@0.6.0 want: ~1.0.11
386 timing idealTree:node_modules/pm2/node_modules/nssocket Completed in 3ms
387 timing idealTree:node_modules/pm2/node_modules/lazy Completed in 0ms
388 timing idealTree:node_modules/pm2/node_modules/picomatch Completed in 0ms
389 silly placeDep node_modules/pm2 safe-buffer@5.2.1 OK for: pidusage@3.0.0 want: ^5.2.1
390 timing idealTree:node_modules/pm2/node_modules/pidusage Completed in 1ms
391 silly placeDep node_modules/pm2 amp@0.3.1 OK for: pm2-axon@4.0.1 want: ~0.3.1
392 silly placeDep node_modules/pm2 amp-message@0.1.2 OK for: pm2-axon@4.0.1 want: ~0.1.1
393 silly placeDep node_modules/pm2 escape-string-regexp@4.0.0 OK for: pm2-axon@4.0.1 want: ^4.0.0
394 timing idealTree:node_modules/pm2/node_modules/pm2-axon Completed in 6ms
395 timing idealTree:node_modules/pm2/node_modules/amp Completed in 0ms
396 timing idealTree:node_modules/pm2/node_modules/amp-message Completed in 0ms
397 timing idealTree:node_modules/pm2/node_modules/escape-string-regexp Completed in 0ms
398 timing idealTree:node_modules/pm2/node_modules/pm2-axon-rpc Completed in 0ms
399 silly placeDep node_modules/pm2 run-series@1.1.9 OK for: pm2-deploy@1.0.2 want: ^1.1.8
400 silly placeDep node_modules/pm2 tv4@1.3.0 OK for: pm2-deploy@1.0.2 want: ^1.3.0
401 timing idealTree:node_modules/pm2/node_modules/pm2-deploy Completed in 2ms
402 silly placeDep node_modules/pm2 charm@0.1.2 OK for: pm2-multimeter@0.1.2 want: ~0.1.1
403 timing idealTree:node_modules/pm2/node_modules/pm2-multimeter Completed in 1ms
404 timing idealTree:node_modules/pm2/node_modules/charm Completed in 0ms
405 silly placeDep node_modules/pm2/node_modules/pm2-sysmonit pidusage@2.0.21 OK for: pm2-sysmonit@1.2.8 want: ^2.0.21
406 silly placeDep node_modules/pm2 systeminformation@5.11.16 OK for: pm2-sysmonit@1.2.8 want: ^5.7
407 silly placeDep node_modules/pm2 tx2@1.0.5 OK for: pm2-sysmonit@1.2.8 want: ~1.0.4
408 silly fetch manifest json-stringify-safe@^5.0.1
409 http fetch GET 200 https://registry.npmjs.org/json-stringify-safe 29ms (cache revalidated)
410 timing idealTree:node_modules/pm2/node_modules/pm2-sysmonit Completed in 32ms
411 silly placeDep node_modules/pm2 read@1.0.7 OK for: promptly@2.2.0 want: ^1.0.4
412 silly fetch manifest mute-stream@~0.0.4
413 http fetch GET 200 https://registry.npmjs.org/mute-stream 4ms (cache hit)
414 timing idealTree:node_modules/pm2/node_modules/promptly Completed in 7ms
415 silly placeDep node_modules/pm2 agent-base@6.0.2 OK for: proxy-agent@5.0.0 want: ^6.0.0
416 silly placeDep node_modules/pm2 http-proxy-agent@4.0.1 OK for: proxy-agent@5.0.0 want: ^4.0.0
417 silly placeDep node_modules/pm2 https-proxy-agent@5.0.1 OK for: proxy-agent@5.0.0 want: ^5.0.0
418 silly placeDep node_modules/pm2 lru-cache@5.1.1 OK for: proxy-agent@5.0.0 want: ^5.1.1
419 silly placeDep node_modules/pm2 pac-proxy-agent@5.0.0 OK for: proxy-agent@5.0.0 want: ^5.0.0
420 silly placeDep node_modules/pm2 proxy-from-env@1.1.0 OK for: proxy-agent@5.0.0 want: ^1.0.0
421 silly placeDep node_modules/pm2 socks-proxy-agent@5.0.1 OK for: proxy-agent@5.0.0 want: ^5.0.0
422 silly fetch manifest @tootallnate/once@1
423 silly fetch manifest yallist@^3.0.2
424 silly fetch manifest get-uri@3
425 silly fetch manifest pac-resolver@^5.0.0
426 silly fetch manifest raw-body@^2.2.0
427 silly fetch manifest socks@^2.3.3
428 http fetch GET 200 https://registry.npmjs.org/@tootallnate%2fonce 22ms (cache hit)
429 http fetch GET 200 https://registry.npmjs.org/get-uri 21ms (cache hit)
430 http fetch GET 200 https://registry.npmjs.org/pac-resolver 22ms (cache hit)
431 http fetch GET 200 https://registry.npmjs.org/socks 22ms (cache hit)
432 http fetch GET 200 https://registry.npmjs.org/yallist 27ms (cache hit)
433 http fetch GET 200 https://registry.npmjs.org/raw-body 54ms (cache revalidated)
434 timing idealTree:node_modules/pm2/node_modules/proxy-agent Completed in 71ms
435 timing idealTree:node_modules/pm2/node_modules/agent-base Completed in 0ms
436 silly placeDep node_modules/pm2 @tootallnate/once@1.1.2 OK for: http-proxy-agent@4.0.1 want: 1
437 timing idealTree:node_modules/pm2/node_modules/http-proxy-agent Completed in 2ms
438 timing idealTree:node_modules/pm2/node_modules/@tootallnate/once Completed in 0ms
439 timing idealTree:node_modules/pm2/node_modules/https-proxy-agent Completed in 0ms
440 silly placeDep node_modules/pm2 yallist@3.1.1 OK for: lru-cache@5.1.1 want: ^3.0.2
441 timing idealTree:node_modules/pm2/node_modules/lru-cache Completed in 1ms
442 silly placeDep node_modules/pm2 get-uri@3.0.2 OK for: pac-proxy-agent@5.0.0 want: 3
443 silly placeDep node_modules/pm2 pac-resolver@5.0.1 OK for: pac-proxy-agent@5.0.0 want: ^5.0.0
444 silly placeDep node_modules/pm2 raw-body@2.5.1 OK for: pac-proxy-agent@5.0.0 want: ^2.2.0
445 silly fetch manifest data-uri-to-buffer@3
446 silly fetch manifest file-uri-to-path@2
447 silly fetch manifest fs-extra@^8.1.0
448 silly fetch manifest ftp@^0.3.10
449 silly fetch manifest degenerator@^3.0.2
450 silly fetch manifest ip@^1.1.5
451 silly fetch manifest netmask@^2.0.2
452 silly fetch manifest bytes@3.1.2
453 silly fetch manifest http-errors@2.0.0
454 silly fetch manifest unpipe@1.0.0
455 http fetch GET 200 https://registry.npmjs.org/data-uri-to-buffer 37ms (cache hit)
456 http fetch GET 200 https://registry.npmjs.org/file-uri-to-path 37ms (cache hit)
457 http fetch GET 200 https://registry.npmjs.org/fs-extra 36ms (cache hit)
458 http fetch GET 200 https://registry.npmjs.org/ftp 38ms (cache hit)
459 http fetch GET 200 https://registry.npmjs.org/degenerator 38ms (cache hit)
460 http fetch GET 200 https://registry.npmjs.org/ip 34ms (cache hit)
461 http fetch GET 200 https://registry.npmjs.org/netmask 34ms (cache hit)
462 http fetch GET 200 https://registry.npmjs.org/unpipe 56ms (cache revalidated)
463 http fetch GET 200 https://registry.npmjs.org/bytes 61ms (cache revalidated)
464 http fetch GET 200 https://registry.npmjs.org/http-errors 79ms (cache revalidated)
465 timing idealTree:node_modules/pm2/node_modules/pac-proxy-agent Completed in 94ms
466 silly placeDep node_modules/pm2 data-uri-to-buffer@3.0.1 OK for: get-uri@3.0.2 want: 3
467 silly placeDep node_modules/pm2 file-uri-to-path@2.0.0 OK for: get-uri@3.0.2 want: 2
468 silly placeDep node_modules/pm2 fs-extra@8.1.0 OK for: get-uri@3.0.2 want: ^8.1.0
469 silly placeDep node_modules/pm2 ftp@0.3.10 OK for: get-uri@3.0.2 want: ^0.3.10
470 silly fetch manifest graceful-fs@^4.2.0
471 silly fetch manifest jsonfile@^4.0.0
472 silly fetch manifest universalify@^0.1.0
473 silly fetch manifest xregexp@2.0.0
474 silly fetch manifest readable-stream@1.1.x
475 http fetch GET 200 https://registry.npmjs.org/jsonfile 14ms (cache hit)
476 http fetch GET 200 https://registry.npmjs.org/universalify 14ms (cache hit)
477 http fetch GET 200 https://registry.npmjs.org/xregexp 14ms (cache hit)
478 http fetch GET 200 https://registry.npmjs.org/readable-stream 14ms (cache hit)
479 http fetch GET 200 https://registry.npmjs.org/graceful-fs 47ms (cache miss)
480 timing idealTree:node_modules/pm2/node_modules/get-uri Completed in 54ms
481 timing idealTree:node_modules/pm2/node_modules/data-uri-to-buffer Completed in 0ms
482 timing idealTree:node_modules/pm2/node_modules/file-uri-to-path Completed in 0ms
483 silly placeDep node_modules/pm2 graceful-fs@4.2.10 OK for: fs-extra@8.1.0 want: ^4.2.0
484 silly placeDep node_modules/pm2 jsonfile@4.0.0 OK for: fs-extra@8.1.0 want: ^4.0.0
485 silly placeDep node_modules/pm2 universalify@0.1.2 OK for: fs-extra@8.1.0 want: ^0.1.0
486 timing idealTree:node_modules/pm2/node_modules/fs-extra Completed in 4ms
487 silly placeDep node_modules/pm2 readable-stream@1.1.14 OK for: ftp@0.3.10 want: 1.1.x
488 silly placeDep node_modules/pm2 xregexp@2.0.0 OK for: ftp@0.3.10 want: 2.0.0
489 silly fetch manifest core-util-is@~1.0.0
490 silly fetch manifest isarray@0.0.1
491 silly fetch manifest string_decoder@~0.10.x
492 silly fetch manifest inherits@~2.0.1
493 http fetch GET 200 https://registry.npmjs.org/isarray 14ms (cache hit)
494 http fetch GET 200 https://registry.npmjs.org/string_decoder 11ms (cache hit)
495 http fetch GET 200 https://registry.npmjs.org/core-util-is 43ms (cache revalidated)
496 http fetch GET 200 https://registry.npmjs.org/inherits 39ms (cache revalidated)
497 timing idealTree:node_modules/pm2/node_modules/ftp Completed in 48ms
498 timing idealTree:node_modules/pm2/node_modules/graceful-fs Completed in 1ms
499 timing idealTree:node_modules/pm2/node_modules/jsonfile Completed in 0ms
500 silly placeDep node_modules/pm2 degenerator@3.0.2 OK for: pac-resolver@5.0.1 want: ^3.0.2
501 silly placeDep node_modules/pm2 ip@1.1.8 OK for: pac-resolver@5.0.1 want: ^1.1.5
502 silly placeDep node_modules/pm2 netmask@2.0.2 OK for: pac-resolver@5.0.1 want: ^2.0.2
503 silly fetch manifest ast-types@^0.13.2
504 silly fetch manifest escodegen@^1.8.1
505 silly fetch manifest esprima@^4.0.0
506 silly fetch manifest vm2@^3.9.8
507 http fetch GET 200 https://registry.npmjs.org/ast-types 44ms (cache hit)
508 http fetch GET 200 https://registry.npmjs.org/escodegen 46ms (cache hit)
509 http fetch GET 200 https://registry.npmjs.org/esprima 48ms (cache hit)
510 http fetch GET 200 https://registry.npmjs.org/vm2 48ms (cache hit)
511 timing idealTree:node_modules/pm2/node_modules/pac-resolver Completed in 56ms
512 silly placeDep node_modules/pm2 ast-types@0.13.4 OK for: degenerator@3.0.2 want: ^0.13.2
513 silly placeDep node_modules/pm2 escodegen@1.14.3 OK for: degenerator@3.0.2 want: ^1.8.1
514 silly placeDep node_modules/pm2 esprima@4.0.1 OK for: degenerator@3.0.2 want: ^4.0.0
515 silly placeDep node_modules/pm2 vm2@3.9.9 OK for: degenerator@3.0.2 want: ^3.9.8
516 silly fetch manifest tslib@^2.0.1
517 silly fetch manifest estraverse@^4.2.0
518 silly fetch manifest esutils@^2.0.2
519 silly fetch manifest optionator@^0.8.1
520 silly fetch manifest source-map@~0.6.1
521 silly fetch manifest acorn@^8.7.0
522 silly fetch manifest acorn-walk@^8.2.0
523 http fetch GET 200 https://registry.npmjs.org/estraverse 16ms (cache hit)
524 http fetch GET 200 https://registry.npmjs.org/esutils 17ms (cache hit)
525 http fetch GET 200 https://registry.npmjs.org/optionator 17ms (cache hit)
526 http fetch GET 200 https://registry.npmjs.org/acorn 17ms (cache hit)
527 http fetch GET 200 https://registry.npmjs.org/acorn-walk 17ms (cache hit)
528 timing idealTree:node_modules/pm2/node_modules/degenerator Completed in 28ms
529 silly placeDep node_modules/pm2/node_modules/ast-types tslib@2.4.0 OK for: ast-types@0.13.4 want: ^2.0.1
530 timing idealTree:node_modules/pm2/node_modules/ast-types Completed in 2ms
531 silly placeDep node_modules/pm2 estraverse@4.3.0 OK for: escodegen@1.14.3 want: ^4.2.0
532 silly placeDep node_modules/pm2 esutils@2.0.3 OK for: escodegen@1.14.3 want: ^2.0.2
533 silly placeDep node_modules/pm2 optionator@0.8.3 OK for: escodegen@1.14.3 want: ^0.8.1
534 silly placeDep node_modules/pm2 source-map@0.6.1 OK for: escodegen@1.14.3 want: ~0.6.1
535 silly fetch manifest prelude-ls@~1.1.2
536 silly fetch manifest deep-is@~0.1.3
537 silly fetch manifest word-wrap@~1.2.3
538 silly fetch manifest type-check@~0.3.2
539 silly fetch manifest levn@~0.3.0
540 silly fetch manifest fast-levenshtein@~2.0.6
541 http fetch GET 200 https://registry.npmjs.org/prelude-ls 20ms (cache hit)
542 http fetch GET 200 https://registry.npmjs.org/deep-is 20ms (cache hit)
543 http fetch GET 200 https://registry.npmjs.org/word-wrap 20ms (cache hit)
544 http fetch GET 200 https://registry.npmjs.org/type-check 20ms (cache hit)
545 http fetch GET 200 https://registry.npmjs.org/levn 21ms (cache hit)
546 http fetch GET 200 https://registry.npmjs.org/fast-levenshtein 20ms (cache hit)
547 timing idealTree:node_modules/pm2/node_modules/escodegen Completed in 31ms
548 timing idealTree:node_modules/pm2/node_modules/esprima Completed in 0ms
549 timing idealTree:node_modules/pm2/node_modules/estraverse Completed in 0ms
550 timing idealTree:node_modules/pm2/node_modules/esutils Completed in 0ms
551 timing idealTree:node_modules/pm2/node_modules/ip Completed in 0ms
552 timing idealTree:node_modules/pm2/node_modules/netmask Completed in 0ms
553 silly placeDep node_modules/pm2 deep-is@0.1.4 OK for: optionator@0.8.3 want: ~0.1.3
554 silly placeDep node_modules/pm2 fast-levenshtein@2.0.6 OK for: optionator@0.8.3 want: ~2.0.6
555 silly placeDep node_modules/pm2 levn@0.3.0 OK for: optionator@0.8.3 want: ~0.3.0
556 silly placeDep node_modules/pm2 prelude-ls@1.1.2 OK for: optionator@0.8.3 want: ~1.1.2
557 silly placeDep node_modules/pm2 type-check@0.3.2 OK for: optionator@0.8.3 want: ~0.3.2
558 silly placeDep node_modules/pm2 word-wrap@1.2.3 OK for: optionator@0.8.3 want: ~1.2.3
559 timing idealTree:node_modules/pm2/node_modules/optionator Completed in 7ms
560 timing idealTree:node_modules/pm2/node_modules/deep-is Completed in 0ms
561 timing idealTree:node_modules/pm2/node_modules/fast-levenshtein Completed in 0ms
562 timing idealTree:node_modules/pm2/node_modules/levn Completed in 0ms
563 timing idealTree:node_modules/pm2/node_modules/prelude-ls Completed in 0ms
564 timing idealTree:node_modules/pm2/node_modules/proxy-from-env Completed in 0ms
565 silly placeDep node_modules/pm2 bytes@3.1.2 OK for: raw-body@2.5.1 want: 3.1.2
566 silly placeDep node_modules/pm2 http-errors@2.0.0 OK for: raw-body@2.5.1 want: 2.0.0
567 silly placeDep node_modules/pm2 unpipe@1.0.0 OK for: raw-body@2.5.1 want: 1.0.0
568 silly fetch manifest depd@2.0.0
569 silly fetch manifest inherits@2.0.4
570 silly fetch manifest setprototypeof@1.2.0
571 silly fetch manifest statuses@2.0.1
572 silly fetch manifest toidentifier@1.0.1
573 http fetch GET 200 https://registry.npmjs.org/depd 42ms (cache revalidated)
574 http fetch GET 200 https://registry.npmjs.org/toidentifier 38ms (cache revalidated)
575 http fetch GET 200 https://registry.npmjs.org/setprototypeof 43ms (cache revalidated)
576 http fetch GET 200 https://registry.npmjs.org/statuses 42ms (cache revalidated)
577 timing idealTree:node_modules/pm2/node_modules/raw-body Completed in 59ms
578 timing idealTree:node_modules/pm2/node_modules/bytes Completed in 0ms
579 silly placeDep node_modules/pm2 depd@2.0.0 OK for: http-errors@2.0.0 want: 2.0.0
580 silly placeDep node_modules/pm2 inherits@2.0.4 OK for: http-errors@2.0.0 want: 2.0.4
581 silly placeDep node_modules/pm2 setprototypeof@1.2.0 OK for: http-errors@2.0.0 want: 1.2.0
582 silly placeDep node_modules/pm2 statuses@2.0.1 OK for: http-errors@2.0.0 want: 2.0.1
583 silly placeDep node_modules/pm2 toidentifier@1.0.1 OK for: http-errors@2.0.0 want: 1.0.1
584 timing idealTree:node_modules/pm2/node_modules/http-errors Completed in 7ms
585 timing idealTree:node_modules/pm2/node_modules/depd Completed in 0ms
586 timing idealTree:node_modules/pm2/node_modules/inherits Completed in 0ms
587 silly placeDep node_modules/pm2 mute-stream@0.0.8 OK for: read@1.0.7 want: ~0.0.4
588 timing idealTree:node_modules/pm2/node_modules/read Completed in 1ms
589 timing idealTree:node_modules/pm2/node_modules/mute-stream Completed in 0ms
590 silly placeDep node_modules/pm2 core-util-is@1.0.3 OK for: readable-stream@1.1.14 want: ~1.0.0
591 silly placeDep node_modules/pm2 isarray@0.0.1 OK for: readable-stream@1.1.14 want: 0.0.1
592 silly placeDep node_modules/pm2 string_decoder@0.10.31 OK for: readable-stream@1.1.14 want: ~0.10.x
593 timing idealTree:node_modules/pm2/node_modules/readable-stream Completed in 2ms
594 timing idealTree:node_modules/pm2/node_modules/core-util-is Completed in 0ms
595 timing idealTree:node_modules/pm2/node_modules/isarray Completed in 0ms
596 timing idealTree:node_modules/pm2/node_modules/readdirp Completed in 0ms
597 silly placeDep node_modules/pm2 module-details-from-path@1.0.3 OK for: require-in-the-middle@5.1.0 want: ^1.0.3
598 silly placeDep node_modules/pm2 resolve@1.22.0 OK for: require-in-the-middle@5.1.0 want: ^1.12.0
599 silly fetch manifest is-core-module@^2.8.1
600 silly fetch manifest path-parse@^1.0.7
601 silly fetch manifest supports-preserve-symlinks-flag@^1.0.0
602 http fetch GET 200 https://registry.npmjs.org/supports-preserve-symlinks-flag 7ms (cache hit)
603 http fetch GET 200 https://registry.npmjs.org/is-core-module 9ms (cache hit)
604 http fetch GET 200 https://registry.npmjs.org/path-parse 9ms (cache hit)
605 timing idealTree:node_modules/pm2/node_modules/require-in-the-middle Completed in 15ms
606 timing idealTree:node_modules/pm2/node_modules/module-details-from-path Completed in 0ms
607 silly placeDep node_modules/pm2 is-core-module@2.9.0 OK for: resolve@1.22.0 want: ^2.8.1
608 silly placeDep node_modules/pm2 path-parse@1.0.7 OK for: resolve@1.22.0 want: ^1.0.7
609 silly placeDep node_modules/pm2 supports-preserve-symlinks-flag@1.0.0 OK for: resolve@1.22.0 want: ^1.0.0
610 silly fetch manifest has@^1.0.3
611 http fetch GET 200 https://registry.npmjs.org/has 23ms (cache revalidated)
612 timing idealTree:node_modules/pm2/node_modules/resolve Completed in 29ms
613 silly placeDep node_modules/pm2 has@1.0.3 OK for: is-core-module@2.9.0 want: ^1.0.3
614 silly fetch manifest function-bind@^1.1.1
615 http fetch GET 200 https://registry.npmjs.org/function-bind 41ms (cache revalidated)
616 timing idealTree:node_modules/pm2/node_modules/is-core-module Completed in 45ms
617 silly placeDep node_modules/pm2 function-bind@1.1.1 OK for: has@1.0.3 want: ^1.1.1
618 timing idealTree:node_modules/pm2/node_modules/has Completed in 2ms
619 timing idealTree:node_modules/pm2/node_modules/function-bind Completed in 0ms
620 timing idealTree:node_modules/pm2/node_modules/path-parse Completed in 0ms
621 timing idealTree:node_modules/pm2/node_modules/run-series Completed in 0ms
622 timing idealTree:node_modules/pm2/node_modules/safe-buffer Completed in 0ms
623 timing idealTree:node_modules/pm2/node_modules/safer-buffer Completed in 0ms
624 timing idealTree:node_modules/pm2/node_modules/sax Completed in 0ms
625 silly placeDep node_modules/pm2/node_modules/semver lru-cache@6.0.0 OK for: semver@7.3.7 want: ^6.0.0
626 silly fetch manifest yallist@^4.0.0
627 timing idealTree:node_modules/pm2/node_modules/semver Completed in 2ms
628 timing idealTree:node_modules/pm2/node_modules/setprototypeof Completed in 0ms
629 timing idealTree:node_modules/pm2/node_modules/shimmer Completed in 0ms
630 timing idealTree:node_modules/pm2/node_modules/signal-exit Completed in 0ms
631 silly placeDep node_modules/pm2 socks@2.6.2 OK for: socks-proxy-agent@5.0.1 want: ^2.3.3
632 silly fetch manifest smart-buffer@^4.2.0
633 http fetch GET 200 https://registry.npmjs.org/smart-buffer 9ms (cache hit)
634 timing idealTree:node_modules/pm2/node_modules/socks-proxy-agent Completed in 12ms
635 silly placeDep node_modules/pm2 smart-buffer@4.2.0 OK for: socks@2.6.2 want: ^4.2.0
636 timing idealTree:node_modules/pm2/node_modules/socks Completed in 2ms
637 timing idealTree:node_modules/pm2/node_modules/smart-buffer Completed in 0ms
638 timing idealTree:node_modules/pm2/node_modules/source-map Completed in 0ms
639 silly placeDep node_modules/pm2 buffer-from@1.1.2 OK for: source-map-support@0.5.19 want: ^1.0.0
640 timing idealTree:node_modules/pm2/node_modules/source-map-support Completed in 1ms
641 timing idealTree:node_modules/pm2/node_modules/buffer-from Completed in 0ms
642 timing idealTree:node_modules/pm2/node_modules/sprintf-js Completed in 0ms
643 timing idealTree:node_modules/pm2/node_modules/statuses Completed in 0ms
644 timing idealTree:node_modules/pm2/node_modules/string_decoder Completed in 0ms
645 silly placeDep node_modules/pm2 has-flag@4.0.0 OK for: supports-color@7.2.0 want: ^4.0.0
646 timing idealTree:node_modules/pm2/node_modules/supports-color Completed in 1ms
647 timing idealTree:node_modules/pm2/node_modules/has-flag Completed in 0ms
648 timing idealTree:node_modules/pm2/node_modules/supports-preserve-symlinks-flag Completed in 0ms
649 timing idealTree:node_modules/pm2/node_modules/systeminformation Completed in 0ms
650 silly placeDep node_modules/pm2 is-number@7.0.0 OK for: to-regex-range@5.0.1 want: ^7.0.0
651 timing idealTree:node_modules/pm2/node_modules/to-regex-range Completed in 1ms
652 timing idealTree:node_modules/pm2/node_modules/is-number Completed in 0ms
653 timing idealTree:node_modules/pm2/node_modules/toidentifier Completed in 0ms
654 timing idealTree:node_modules/pm2/node_modules/tslib Completed in 0ms
655 timing idealTree:node_modules/pm2/node_modules/tv4 Completed in 0ms
656 silly placeDep node_modules/pm2 json-stringify-safe@5.0.1 OK for: tx2@1.0.5 want: ^5.0.1
657 timing idealTree:node_modules/pm2/node_modules/tx2 Completed in 1ms
658 timing idealTree:node_modules/pm2/node_modules/json-stringify-safe Completed in 0ms
659 timing idealTree:node_modules/pm2/node_modules/type-check Completed in 0ms
660 timing idealTree:node_modules/pm2/node_modules/universalify Completed in 0ms
661 timing idealTree:node_modules/pm2/node_modules/unpipe Completed in 0ms
662 timing idealTree:node_modules/pm2/node_modules/uuid Completed in 0ms
663 silly placeDep node_modules/pm2/node_modules/vizion async@2.6.4 OK for: vizion@2.2.1 want: ^2.6.3
664 silly placeDep node_modules/pm2 git-node-fs@1.0.0 OK for: vizion@2.2.1 want: ^1.0.0
665 silly placeDep node_modules/pm2 ini@1.3.8 OK for: vizion@2.2.1 want: ^1.3.5
666 silly placeDep node_modules/pm2 js-git@0.7.8 OK for: vizion@2.2.1 want: ^0.7.8
667 silly fetch manifest bodec@^0.1.0
668 silly fetch manifest culvert@^0.1.2
669 silly fetch manifest git-sha1@^0.1.2
670 silly fetch manifest pako@^0.2.5
671 http fetch GET 200 https://registry.npmjs.org/culvert 14ms (cache hit)
672 http fetch GET 200 https://registry.npmjs.org/git-sha1 14ms (cache hit)
673 http fetch GET 200 https://registry.npmjs.org/pako 14ms (cache hit)
674 http fetch GET 200 https://registry.npmjs.org/bodec 17ms (cache hit)
675 timing idealTree:node_modules/pm2/node_modules/vizion Completed in 21ms
676 timing idealTree:node_modules/pm2/node_modules/git-node-fs Completed in 0ms
677 timing idealTree:node_modules/pm2/node_modules/ini Completed in 0ms
678 silly placeDep node_modules/pm2 bodec@0.1.0 OK for: js-git@0.7.8 want: ^0.1.0
679 silly placeDep node_modules/pm2 culvert@0.1.2 OK for: js-git@0.7.8 want: ^0.1.2
680 silly placeDep node_modules/pm2 git-sha1@0.1.2 OK for: js-git@0.7.8 want: ^0.1.2
681 silly placeDep node_modules/pm2 pako@0.2.9 OK for: js-git@0.7.8 want: ^0.2.5
682 timing idealTree:node_modules/pm2/node_modules/js-git Completed in 14ms
683 timing idealTree:node_modules/pm2/node_modules/bodec Completed in 0ms
684 timing idealTree:node_modules/pm2/node_modules/culvert Completed in 0ms
685 timing idealTree:node_modules/pm2/node_modules/git-sha1 Completed in 0ms
686 timing idealTree:node_modules/pm2/node_modules/pako Completed in 0ms
687 silly placeDep node_modules/pm2 acorn@8.7.1 OK for: vm2@3.9.9 want: ^8.7.0
688 silly placeDep node_modules/pm2 acorn-walk@8.2.0 OK for: vm2@3.9.9 want: ^8.2.0
689 timing idealTree:node_modules/pm2/node_modules/vm2 Completed in 3ms
690 timing idealTree:node_modules/pm2/node_modules/acorn Completed in 0ms
691 timing idealTree:node_modules/pm2/node_modules/acorn-walk Completed in 0ms
692 timing idealTree:node_modules/pm2/node_modules/word-wrap Completed in 1ms
693 timing idealTree:node_modules/pm2/node_modules/ws Completed in 0ms
694 timing idealTree:node_modules/pm2/node_modules/xregexp Completed in 0ms
695 timing idealTree:node_modules/pm2/node_modules/yallist Completed in 0ms
696 silly placeDep node_modules/pm2 argparse@1.0.10 OK for: yamljs@0.3.0 want: ^1.0.7
697 silly placeDep node_modules/pm2 glob@7.2.3 OK for: yamljs@0.3.0 want: ^7.0.5
698 silly fetch manifest sprintf-js@~1.0.2
699 silly fetch manifest fs.realpath@^1.0.0
700 silly fetch manifest inflight@^1.0.4
701 silly fetch manifest minimatch@^3.1.1
702 silly fetch manifest once@^1.3.0
703 silly fetch manifest path-is-absolute@^1.0.0
704 http fetch GET 200 https://registry.npmjs.org/fs.realpath 39ms (cache hit)
705 http fetch GET 200 https://registry.npmjs.org/inflight 48ms (cache hit)
706 http fetch GET 200 https://registry.npmjs.org/path-is-absolute 46ms (cache hit)
707 http fetch GET 200 https://registry.npmjs.org/once 64ms (cache miss)
708 http fetch GET 200 https://registry.npmjs.org/minimatch 67ms (cache miss)
709 timing idealTree:node_modules/pm2/node_modules/yamljs Completed in 79ms
710 silly placeDep node_modules/pm2/node_modules/argparse sprintf-js@1.0.3 OK for: argparse@1.0.10 want: ~1.0.2
711 timing idealTree:node_modules/pm2/node_modules/argparse Completed in 2ms
712 silly placeDep node_modules/pm2 fs.realpath@1.0.0 OK for: glob@7.2.3 want: ^1.0.0
713 silly placeDep node_modules/pm2 inflight@1.0.6 OK for: glob@7.2.3 want: ^1.0.4
714 silly placeDep node_modules/pm2 minimatch@3.1.2 OK for: glob@7.2.3 want: ^3.1.1
715 silly placeDep node_modules/pm2 once@1.4.0 OK for: glob@7.2.3 want: ^1.3.0
716 silly placeDep node_modules/pm2 path-is-absolute@1.0.1 OK for: glob@7.2.3 want: ^1.0.0
717 silly fetch manifest wrappy@1
718 silly fetch manifest brace-expansion@^1.1.7
719 http fetch GET 200 https://registry.npmjs.org/brace-expansion 26ms (cache miss)
720 http fetch GET 200 https://registry.npmjs.org/wrappy 34ms (cache miss)
721 timing idealTree:node_modules/pm2/node_modules/glob Completed in 45ms
722 timing idealTree:node_modules/pm2/node_modules/fs.realpath Completed in 0ms
723 silly placeDep node_modules/pm2 wrappy@1.0.2 OK for: inflight@1.0.6 want: 1
724 timing idealTree:node_modules/pm2/node_modules/inflight Completed in 2ms
725 silly placeDep node_modules/pm2 brace-expansion@1.1.11 OK for: minimatch@3.1.2 want: ^1.1.7
726 silly fetch manifest balanced-match@^1.0.0
727 silly fetch manifest concat-map@0.0.1
728 http fetch GET 200 https://registry.npmjs.org/concat-map 31ms (cache miss)
729 http fetch GET 200 https://registry.npmjs.org/balanced-match 41ms (cache miss)
730 timing idealTree:node_modules/pm2/node_modules/minimatch Completed in 44ms
731 silly placeDep node_modules/pm2 balanced-match@1.0.2 OK for: brace-expansion@1.1.11 want: ^1.0.0
732 silly placeDep node_modules/pm2 concat-map@0.0.1 OK for: brace-expansion@1.1.11 want: 0.0.1
733 timing idealTree:node_modules/pm2/node_modules/brace-expansion Completed in 4ms
734 timing idealTree:node_modules/pm2/node_modules/balanced-match Completed in 0ms
735 timing idealTree:node_modules/pm2/node_modules/concat-map Completed in 0ms
736 timing idealTree:node_modules/pm2/node_modules/once Completed in 0ms
737 timing idealTree:node_modules/pm2/node_modules/path-is-absolute Completed in 0ms
738 timing idealTree:node_modules/pm2/node_modules/wrappy Completed in 0ms
739 timing idealTree:node_modules/pm2/node_modules/@opencensus/core/node_modules/semver Completed in 0ms
740 silly placeDep node_modules/pm2/node_modules/@opencensus/propagation-b3 semver@5.7.1 OK for: @opencensus/core@0.0.8 want: ^5.5.0
741 timing idealTree:node_modules/pm2/node_modules/@opencensus/propagation-b3/node_modules/@opencensus/core Completed in 2ms
742 timing idealTree:node_modules/pm2/node_modules/@opencensus/propagation-b3/node_modules/semver Completed in 0ms
743 timing idealTree:node_modules/pm2/node_modules/@pm2/agent/node_modules/semver Completed in 0ms
744 silly placeDep node_modules/pm2 lodash@4.17.21 OK for: async@2.6.4 want: ^4.17.14
745 timing idealTree:node_modules/pm2/node_modules/@pm2/io/node_modules/async Completed in 2ms
746 timing idealTree:node_modules/pm2/node_modules/lodash Completed in 0ms
747 timing idealTree:node_modules/pm2/node_modules/@pm2/io/node_modules/eventemitter2 Completed in 0ms
748 timing idealTree:node_modules/pm2/node_modules/@pm2/io/node_modules/semver Completed in 0ms
749 timing idealTree:node_modules/pm2/node_modules/@pm2/js-api/node_modules/async Completed in 0ms
750 timing idealTree:node_modules/pm2/node_modules/@pm2/js-api/node_modules/eventemitter2 Completed in 0ms
751 timing idealTree:node_modules/pm2/node_modules/argparse/node_modules/sprintf-js Completed in 0ms
752 timing idealTree:node_modules/pm2/node_modules/ast-types/node_modules/tslib Completed in 0ms
753 timing idealTree:node_modules/pm2/node_modules/async-listener/node_modules/semver Completed in 0ms
754 timing idealTree:node_modules/pm2/node_modules/needle/node_modules/debug Completed in 0ms
755 timing idealTree:node_modules/pm2/node_modules/nssocket/node_modules/eventemitter2 Completed in 0ms
756 timing idealTree:node_modules/pm2/node_modules/pm2-sysmonit/node_modules/pidusage Completed in 0ms
757 silly placeDep node_modules/pm2/node_modules/semver yallist@4.0.0 OK for: lru-cache@6.0.0 want: ^4.0.0
758 timing idealTree:node_modules/pm2/node_modules/semver/node_modules/lru-cache Completed in 4ms
759 timing idealTree:node_modules/pm2/node_modules/semver/node_modules/yallist Completed in 0ms
760 timing idealTree:node_modules/pm2/node_modules/vizion/node_modules/async Completed in 0ms
761 timing idealTree:buildDeps Completed in 2046ms
762 timing idealTree:fixDepFlags Completed in 4ms
763 timing idealTree Completed in 2062ms
764 timing reify:loadTrees Completed in 2065ms
765 timing reify:diffTrees Completed in 6ms
766 silly reify moves {}
767 timing reify:retireShallow Completed in 2ms
768 timing reify:createSparse Completed in 49ms
769 timing reify:loadBundles Completed in 0ms
770 silly audit bulk request {
770 silly audit   pm2: [ '5.2.0' ],
770 silly audit   '@pm2/agent': [ '2.0.1' ],
770 silly audit   '@pm2/io': [ '5.0.0' ],
770 silly audit   '@pm2/js-api': [ '0.6.7' ],
770 silly audit   '@pm2/pm2-version-check': [ '1.0.4' ],
770 silly audit   async: [ '3.2.4', '2.6.4' ],
770 silly audit   blessed: [ '0.1.81' ],
770 silly audit   chalk: [ '3.0.0' ],
770 silly audit   chokidar: [ '3.5.3' ],
770 silly audit   'cli-tableau': [ '2.0.1' ],
770 silly audit   commander: [ '2.15.1' ],
770 silly audit   croner: [ '4.1.97' ],
770 silly audit   dayjs: [ '1.8.36' ],
770 silly audit   debug: [ '4.3.4', '3.2.7' ],
770 silly audit   enquirer: [ '2.3.6' ],
770 silly audit   eventemitter2: [ '5.0.1', '6.4.5', '0.4.14' ],
770 silly audit   fclone: [ '1.0.11' ],
770 silly audit   mkdirp: [ '1.0.4' ],
770 silly audit   needle: [ '2.4.0' ],
770 silly audit   pidusage: [ '3.0.0', '2.0.21' ],
770 silly audit   'pm2-axon': [ '4.0.1' ],
770 silly audit   'pm2-axon-rpc': [ '0.7.1' ],
770 silly audit   'pm2-deploy': [ '1.0.2' ],
770 silly audit   'pm2-multimeter': [ '0.1.2' ],
770 silly audit   'pm2-sysmonit': [ '1.2.8' ],
770 silly audit   promptly: [ '2.2.0' ],
770 silly audit   semver: [ '7.3.7', '7.2.3', '6.3.0', '5.7.1' ],
770 silly audit   'source-map-support': [ '0.5.19' ],
770 silly audit   'sprintf-js': [ '1.1.2', '1.0.3' ],
770 silly audit   vizion: [ '2.2.1' ],
770 silly audit   yamljs: [ '0.3.0' ],
770 silly audit   'fast-json-patch': [ '3.1.1' ],
770 silly audit   nssocket: [ '0.6.0' ],
770 silly audit   'proxy-agent': [ '5.0.0' ],
770 silly audit   ws: [ '7.4.6' ],
770 silly audit   '@opencensus/core': [ '0.0.9', '0.0.8' ],
770 silly audit   '@opencensus/propagation-b3': [ '0.0.8' ],
770 silly audit   'require-in-the-middle': [ '5.1.0' ],
770 silly audit   shimmer: [ '1.2.1' ],
770 silly audit   'signal-exit': [ '3.0.7' ],
770 silly audit   tslib: [ '1.9.3', '2.4.0' ],
770 silly audit   'continuation-local-storage': [ '3.2.1' ],
770 silly audit   'log-driver': [ '1.2.7' ],
770 silly audit   uuid: [ '3.4.0' ],
770 silly audit   axios: [ '0.21.4' ],
770 silly audit   'follow-redirects': [ '1.15.1' ],
770 silly audit   'ansi-styles': [ '4.3.0' ],
770 silly audit   'supports-color': [ '7.2.0' ],
770 silly audit   'color-convert': [ '2.0.1' ],
770 silly audit   anymatch: [ '3.1.2' ],
770 silly audit   braces: [ '3.0.2' ],
770 silly audit   fsevents: [ '2.3.2' ],
770 silly audit   'glob-parent': [ '5.1.2' ],
770 silly audit   'is-binary-path': [ '2.1.0' ],
770 silly audit   'is-glob': [ '4.0.3' ],
770 silly audit   'normalize-path': [ '3.0.0' ],
770 silly audit   readdirp: [ '3.6.0' ],
770 silly audit   picomatch: [ '2.3.1' ],
770 silly audit   'fill-range': [ '7.0.1' ],
770 silly audit   'color-name': [ '1.1.4' ],
770 silly audit   'async-listener': [ '0.6.10' ],
770 silly audit   'emitter-listener': [ '1.1.2' ],
770 silly audit   ms: [ '2.1.2' ],
770 silly audit   'ansi-colors': [ '4.1.3' ],
770 silly audit   'to-regex-range': [ '5.0.1' ],
770 silly audit   'binary-extensions': [ '2.2.0' ],
770 silly audit   'is-extglob': [ '2.1.1' ],
770 silly audit   'iconv-lite': [ '0.4.24' ],
770 silly audit   sax: [ '1.2.4' ],
770 silly audit   'safer-buffer': [ '2.1.2' ],
770 silly audit   lazy: [ '1.0.11' ],
770 silly audit   'safe-buffer': [ '5.2.1' ],
770 silly audit   amp: [ '0.3.1' ],
770 silly audit   'amp-message': [ '0.1.2' ],
770 silly audit   'escape-string-regexp': [ '4.0.0' ],
770 silly audit   'run-series': [ '1.1.9' ],
770 silly audit   tv4: [ '1.3.0' ],
770 silly audit   charm: [ '0.1.2' ],
770 silly audit   systeminformation: [ '5.11.16' ],
770 silly audit   tx2: [ '1.0.5' ],
770 silly audit   read: [ '1.0.7' ],
770 silly audit   'agent-base': [ '6.0.2' ],
770 silly audit   'http-proxy-agent': [ '4.0.1' ],
770 silly audit   'https-proxy-agent': [ '5.0.1' ],
770 silly audit   'lru-cache': [ '5.1.1', '6.0.0' ],
770 silly audit   'pac-proxy-agent': [ '5.0.0' ],
770 silly audit   'proxy-from-env': [ '1.1.0' ],
770 silly audit   'socks-proxy-agent': [ '5.0.1' ],
770 silly audit   '@tootallnate/once': [ '1.1.2' ],
770 silly audit   yallist: [ '3.1.1', '4.0.0' ],
770 silly audit   'get-uri': [ '3.0.2' ],
770 silly audit   'pac-resolver': [ '5.0.1' ],
770 silly audit   'raw-body': [ '2.5.1' ],
770 silly audit   'data-uri-to-buffer': [ '3.0.1' ],
770 silly audit   'file-uri-to-path': [ '2.0.0' ],
770 silly audit   'fs-extra': [ '8.1.0' ],
770 silly audit   ftp: [ '0.3.10' ],
770 silly audit   'graceful-fs': [ '4.2.10' ],
770 silly audit   jsonfile: [ '4.0.0' ],
770 silly audit   universalify: [ '0.1.2' ],
770 silly audit   'readable-stream': [ '1.1.14' ],
770 silly audit   xregexp: [ '2.0.0' ],
770 silly audit   degenerator: [ '3.0.2' ],
770 silly audit   ip: [ '1.1.8' ],
770 silly audit   netmask: [ '2.0.2' ],
770 silly audit   'ast-types': [ '0.13.4' ],
770 silly audit   escodegen: [ '1.14.3' ],
770 silly audit   esprima: [ '4.0.1' ],
770 silly audit   vm2: [ '3.9.9' ],
770 silly audit   estraverse: [ '4.3.0' ],
770 silly audit   esutils: [ '2.0.3' ],
770 silly audit   optionator: [ '0.8.3' ],
770 silly audit   'source-map': [ '0.6.1' ],
770 silly audit   'deep-is': [ '0.1.4' ],
770 silly audit   'fast-levenshtein': [ '2.0.6' ],
770 silly audit   levn: [ '0.3.0' ],
770 silly audit   'prelude-ls': [ '1.1.2' ],
770 silly audit   'type-check': [ '0.3.2' ],
770 silly audit   'word-wrap': [ '1.2.3' ],
770 silly audit   bytes: [ '3.1.2' ],
770 silly audit   'http-errors': [ '2.0.0' ],
770 silly audit   unpipe: [ '1.0.0' ],
770 silly audit   depd: [ '2.0.0' ],
770 silly audit   inherits: [ '2.0.4' ],
770 silly audit   setprototypeof: [ '1.2.0' ],
770 silly audit   statuses: [ '2.0.1' ],
770 silly audit   toidentifier: [ '1.0.1' ],
770 silly audit   'mute-stream': [ '0.0.8' ],
770 silly audit   'core-util-is': [ '1.0.3' ],
770 silly audit   isarray: [ '0.0.1' ],
770 silly audit   string_decoder: [ '0.10.31' ],
770 silly audit   'module-details-from-path': [ '1.0.3' ],
770 silly audit   resolve: [ '1.22.0' ],
770 silly audit   'is-core-module': [ '2.9.0' ],
770 silly audit   'path-parse': [ '1.0.7' ],
770 silly audit   'supports-preserve-symlinks-flag': [ '1.0.0' ],
770 silly audit   has: [ '1.0.3' ],
770 silly audit   'function-bind': [ '1.1.1' ],
770 silly audit   socks: [ '2.6.2' ],
770 silly audit   'smart-buffer': [ '4.2.0' ],
770 silly audit   'buffer-from': [ '1.1.2' ],
770 silly audit   'has-flag': [ '4.0.0' ],
770 silly audit   'is-number': [ '7.0.0' ],
770 silly audit   'json-stringify-safe': [ '5.0.1' ],
770 silly audit   'git-node-fs': [ '1.0.0' ],
770 silly audit   ini: [ '1.3.8' ],
770 silly audit   'js-git': [ '0.7.8' ],
770 silly audit   bodec: [ '0.1.0' ],
770 silly audit   culvert: [ '0.1.2' ],
770 silly audit   'git-sha1': [ '0.1.2' ],
770 silly audit   pako: [ '0.2.9' ],
770 silly audit   acorn: [ '8.7.1' ],
770 silly audit   'acorn-walk': [ '8.2.0' ],
770 silly audit   argparse: [ '1.0.10' ],
770 silly audit   glob: [ '7.2.3' ],
770 silly audit   'fs.realpath': [ '1.0.0' ],
770 silly audit   inflight: [ '1.0.6' ],
770 silly audit   minimatch: [ '3.1.2' ],
770 silly audit   once: [ '1.4.0' ],
770 silly audit   'path-is-absolute': [ '1.0.1' ],
770 silly audit   wrappy: [ '1.0.2' ],
770 silly audit   'brace-expansion': [ '1.1.11' ],
770 silly audit   'balanced-match': [ '1.0.2' ],
770 silly audit   'concat-map': [ '0.0.1' ],
770 silly audit   lodash: [ '4.17.21' ]
770 silly audit }
771 verbose reify failed optional dependency /usr/lib/node_modules/pm2/node_modules/fsevents
772 silly reify mark deleted [ '/usr/lib/node_modules/pm2/node_modules/fsevents' ]
773 timing reifyNode:node_modules/pm2/node_modules/fsevents Completed in 14ms
774 http fetch POST 200 https://registry.npmjs.org/-/npm/v1/security/advisories/bulk 93ms
775 timing auditReport:getReport Completed in 97ms
776 silly audit report {}
777 timing auditReport:init Completed in 0ms
778 timing reify:audit Completed in 99ms
779 silly tarball no local data for wrappy@https://registry.npmjs.org/wrappy/-/wrappy-1.0.2.tgz. Extracting by manifest.
780 silly tarball no local data for sprintf-js@https://registry.npmjs.org/sprintf-js/-/sprintf-js-1.0.3.tgz. Extracting by manifest.
781 silly tarball no local data for string_decoder@https://registry.npmjs.org/string_decoder/-/string_decoder-0.10.31.tgz. Extracting by manifest.
782 silly tarball no local data for core-util-is@https://registry.npmjs.org/core-util-is/-/core-util-is-1.0.3.tgz. Extracting by manifest.
783 silly tarball no local data for unpipe@https://registry.npmjs.org/unpipe/-/unpipe-1.0.0.tgz. Extracting by manifest.
784 silly tarball no local data for type-check@https://registry.npmjs.org/type-check/-/type-check-0.3.2.tgz. Extracting by manifest.
785 silly tarball no local data for xregexp@https://registry.npmjs.org/xregexp/-/xregexp-2.0.0.tgz. Extracting by manifest.
786 silly tarball no local data for tv4@https://registry.npmjs.org/tv4/-/tv4-1.3.0.tgz. Extracting by manifest.
787 timing reifyNode:node_modules/pm2/node_modules/amp-message Completed in 792ms
788 timing reifyNode:node_modules/pm2/node_modules/@pm2/pm2-version-check Completed in 793ms
789 timing reifyNode:node_modules/pm2/node_modules/brace-expansion Completed in 813ms
790 timing reifyNode:node_modules/pm2/node_modules/path-is-absolute Completed in 814ms
791 timing reifyNode:node_modules/pm2/node_modules/once Completed in 814ms
792 timing reifyNode:node_modules/pm2/node_modules/inflight Completed in 814ms
793 timing reifyNode:node_modules/pm2/node_modules/git-sha1 Completed in 814ms
794 timing reifyNode:node_modules/pm2/node_modules/ini Completed in 815ms
795 timing reifyNode:node_modules/pm2/node_modules/is-number Completed in 816ms
796 timing reifyNode:node_modules/pm2/node_modules/buffer-from Completed in 815ms
797 timing reifyNode:node_modules/pm2/node_modules/path-parse Completed in 816ms
798 timing reifyNode:node_modules/pm2/node_modules/mute-stream Completed in 817ms
799 timing reifyNode:node_modules/pm2/node_modules/fast-levenshtein Completed in 817ms
800 timing reifyNode:node_modules/pm2/node_modules/ip Completed in 817ms
801 timing reifyNode:node_modules/pm2/node_modules/universalify Completed in 817ms
802 timing reifyNode:node_modules/pm2/node_modules/run-series Completed in 818ms
803 timing reifyNode:node_modules/pm2/node_modules/is-extglob Completed in 819ms
804 timing reifyNode:node_modules/pm2/node_modules/ms Completed in 819ms
805 timing reifyNode:node_modules/pm2/node_modules/color-name Completed in 819ms
806 timing reifyNode:node_modules/pm2/node_modules/normalize-path Completed in 819ms
807 timing reifyNode:node_modules/pm2/node_modules/require-in-the-middle Completed in 820ms
808 timing reifyNode:node_modules/pm2/node_modules/culvert Completed in 842ms
809 timing reifyNode:node_modules/pm2/node_modules/bodec Completed in 842ms
810 timing reifyNode:node_modules/pm2/node_modules/has-flag Completed in 842ms
811 timing reifyNode:node_modules/pm2/node_modules/toidentifier Completed in 842ms
812 timing reifyNode:node_modules/pm2/node_modules/inherits Completed in 842ms
813 timing reifyNode:node_modules/pm2/node_modules/http-errors Completed in 842ms
814 timing reifyNode:node_modules/pm2/node_modules/bytes Completed in 843ms
815 timing reifyNode:node_modules/pm2/node_modules/word-wrap Completed in 843ms
816 timing reifyNode:node_modules/pm2/node_modules/@tootallnate/once Completed in 841ms
817 timing reifyNode:node_modules/pm2/node_modules/lru-cache Completed in 840ms
818 timing reifyNode:node_modules/pm2/node_modules/read Completed in 841ms
819 timing reifyNode:node_modules/pm2/node_modules/escape-string-regexp Completed in 840ms
820 timing reifyNode:node_modules/pm2/node_modules/to-regex-range Completed in 841ms
821 timing reifyNode:node_modules/pm2/node_modules/fill-range Completed in 840ms
822 timing reifyNode:node_modules/pm2/node_modules/is-glob Completed in 841ms
823 timing reifyNode:node_modules/pm2/node_modules/is-binary-path Completed in 841ms
824 timing reifyNode:node_modules/pm2/node_modules/glob-parent Completed in 841ms
825 timing reifyNode:node_modules/pm2/node_modules/anymatch Completed in 841ms
826 timing reifyNode:node_modules/pm2/node_modules/supports-color Completed in 841ms
827 timing reifyNode:node_modules/pm2/node_modules/signal-exit Completed in 841ms
828 timing reifyNode:node_modules/pm2/node_modules/semver/node_modules/lru-cache Completed in 841ms
829 timing reifyNode:node_modules/pm2/node_modules/balanced-match Completed in 858ms
830 timing reifyNode:node_modules/pm2/node_modules/fs.realpath Completed in 857ms
831 timing reifyNode:node_modules/pm2/node_modules/isarray Completed in 858ms
832 timing reifyNode:node_modules/pm2/node_modules/jsonfile Completed in 856ms
833 timing reifyNode:node_modules/pm2/node_modules/yallist Completed in 856ms
834 timing reifyNode:node_modules/pm2/node_modules/emitter-listener Completed in 855ms
835 timing reifyNode:node_modules/pm2/node_modules/ansi-styles Completed in 855ms
836 timing reifyNode:node_modules/pm2/node_modules/nssocket/node_modules/eventemitter2 Completed in 853ms
837 timing reifyNode:node_modules/pm2/node_modules/semver/node_modules/yallist Completed in 854ms
838 timing reifyNode:node_modules/pm2/node_modules/minimatch Completed in 873ms
839 timing reifyNode:node_modules/pm2/node_modules/has Completed in 872ms
840 timing reifyNode:node_modules/pm2/node_modules/module-details-from-path Completed in 873ms
841 timing reifyNode:node_modules/pm2/node_modules/statuses Completed in 873ms
842 timing reifyNode:node_modules/pm2/node_modules/setprototypeof Completed in 872ms
843 timing reifyNode:node_modules/pm2/node_modules/degenerator Completed in 871ms
844 timing reifyNode:node_modules/pm2/node_modules/data-uri-to-buffer Completed in 871ms
845 timing reifyNode:node_modules/pm2/node_modules/amp Completed in 870ms
846 timing reifyNode:node_modules/pm2/node_modules/binary-extensions Completed in 870ms
847 timing reifyNode:node_modules/pm2/node_modules/readdirp Completed in 870ms
848 timing reifyNode:node_modules/pm2/node_modules/log-driver Completed in 869ms
849 timing reifyNode:node_modules/pm2/node_modules/pm2-deploy Completed in 867ms
850 timing reifyNode:node_modules/pm2/node_modules/graceful-fs Completed in 880ms
851 timing reifyNode:node_modules/pm2/node_modules/file-uri-to-path Completed in 879ms
852 timing reifyNode:node_modules/pm2/node_modules/safe-buffer Completed in 878ms
853 timing reifyNode:node_modules/pm2/node_modules/sax Completed in 879ms
854 timing reifyNode:node_modules/pm2/node_modules/concat-map Completed in 894ms
855 timing reifyNode:node_modules/pm2/node_modules/raw-body Completed in 891ms
856 timing reifyNode:node_modules/pm2/node_modules/socks-proxy-agent Completed in 892ms
857 timing reifyNode:node_modules/pm2/node_modules/http-proxy-agent Completed in 891ms
858 timing reifyNode:node_modules/pm2/node_modules/ansi-colors Completed in 891ms
859 timing reifyNode:node_modules/pm2/node_modules/color-convert Completed in 891ms
860 timing reifyNode:node_modules/pm2/node_modules/follow-redirects Completed in 890ms
861 timing reifyNode:node_modules/pm2/node_modules/debug Completed in 888ms
862 timing reifyNode:node_modules/pm2/node_modules/cli-tableau Completed in 889ms
863 timing reifyNode:node_modules/pm2/node_modules/chalk Completed in 889ms
864 timing reifyNode:node_modules/pm2/node_modules/depd Completed in 904ms
865 timing reifyNode:node_modules/pm2/node_modules/estraverse Completed in 905ms
866 timing reifyNode:node_modules/pm2/node_modules/safer-buffer Completed in 906ms
867 timing reifyNode:node_modules/pm2/node_modules/promptly Completed in 902ms
868 timing reifyNode:node_modules/pm2/node_modules/pm2-axon-rpc Completed in 903ms
869 timing reifyNode:node_modules/pm2/node_modules/glob Completed in 920ms
870 timing reifyNode:node_modules/pm2/node_modules/deep-is Completed in 918ms
871 timing reifyNode:node_modules/pm2/node_modules/proxy-from-env Completed in 920ms
872 timing reifyNode:node_modules/pm2/node_modules/pac-proxy-agent Completed in 919ms
873 timing reifyNode:node_modules/pm2/node_modules/async-listener/node_modules/semver Completed in 918ms
874 timing reifyNode:node_modules/pm2/node_modules/@opencensus/propagation-b3 Completed in 919ms
875 timing reifyNode:node_modules/pm2/node_modules/@opencensus/propagation-b3/node_modules/semver Completed in 919ms
876 timing reifyNode:node_modules/pm2/node_modules/@opencensus/core/node_modules/semver Completed in 917ms
877 timing reifyNode:node_modules/pm2/node_modules/eventemitter2 Completed in 917ms
878 timing reifyNode:node_modules/pm2/node_modules/commander Completed in 917ms
879 timing reifyNode:node_modules/pm2/node_modules/acorn-walk Completed in 936ms
880 timing reifyNode:node_modules/pm2/node_modules/git-node-fs Completed in 937ms
881 timing reifyNode:node_modules/pm2/node_modules/json-stringify-safe Completed in 937ms
882 timing reifyNode:node_modules/pm2/node_modules/supports-preserve-symlinks-flag Completed in 936ms
883 timing reifyNode:node_modules/pm2/node_modules/optionator Completed in 943ms
884 timing reifyNode:node_modules/pm2/node_modules/@pm2/js-api/node_modules/eventemitter2 Completed in 938ms
885 timing reifyNode:node_modules/pm2/node_modules/@pm2/io/node_modules/eventemitter2 Completed in 939ms
886 timing reifyNode:node_modules/pm2/node_modules/is-core-module Completed in 954ms
887 timing reifyNode:node_modules/pm2/node_modules/levn Completed in 953ms
888 timing reifyNode:node_modules/pm2/node_modules/escodegen Completed in 953ms
889 timing reifyNode:node_modules/pm2/node_modules/shimmer Completed in 949ms
890 timing reifyNode:node_modules/pm2/node_modules/source-map-support Completed in 946ms
891 timing reifyNode:node_modules/pm2/node_modules/needle/node_modules/debug Completed in 946ms
892 timing reifyNode:node_modules/pm2/node_modules/@pm2/io/node_modules/semver Completed in 945ms
893 timing reifyNode:node_modules/pm2/node_modules/esutils Completed in 958ms
894 timing reifyNode:node_modules/pm2/node_modules/ftp Completed in 958ms
895 timing reifyNode:node_modules/pm2/node_modules/proxy-agent Completed in 956ms
896 timing reifyNode:node_modules/pm2/node_modules/pm2-multimeter Completed in 956ms
897 timing reifyNode:node_modules/pm2/node_modules/mkdirp Completed in 957ms
898 timing reifyNode:node_modules/pm2/node_modules/function-bind Completed in 970ms
899 timing reifyNode:node_modules/pm2/node_modules/prelude-ls Completed in 970ms
900 timing reifyNode:node_modules/pm2/node_modules/netmask Completed in 972ms
901 timing reifyNode:node_modules/pm2/node_modules/https-proxy-agent Completed in 975ms
902 timing reifyNode:node_modules/pm2/node_modules/braces Completed in 974ms
903 http fetch GET 200 https://registry.npmjs.org/core-util-is/-/core-util-is-1.0.3.tgz 846ms (cache miss)
904 timing reifyNode:node_modules/pm2/node_modules/core-util-is Completed in 992ms
905 timing reifyNode:node_modules/pm2/node_modules/agent-base Completed in 995ms
906 timing reifyNode:node_modules/pm2/node_modules/charm Completed in 996ms
907 timing reifyNode:node_modules/pm2/node_modules/sprintf-js Completed in 991ms
908 timing reifyNode:node_modules/pm2/node_modules/pm2-sysmonit Completed in 991ms
909 timing reifyNode:node_modules/pm2/node_modules/pm2-sysmonit/node_modules/pidusage Completed in 991ms
910 timing reifyNode:node_modules/pm2/node_modules/ast-types/node_modules/tslib Completed in 1009ms
911 timing reifyNode:node_modules/pm2/node_modules/picomatch Completed in 1006ms
912 timing reifyNode:node_modules/pm2/node_modules/fclone Completed in 1001ms
913 timing reifyNode:node_modules/pm2/node_modules/chokidar Completed in 1002ms
914 timing reifyNode:node_modules/pm2/node_modules/tslib Completed in 1016ms
915 timing reifyNode:node_modules/pm2/node_modules/pidusage Completed in 1013ms
916 timing reifyNode:node_modules/pm2/node_modules/readable-stream Completed in 1045ms
917 warn deprecated uuid@3.4.0: Please upgrade  to version 7 or higher.  Older versions may use Math.random() in certain circumstances, which is known to be problematic.  See https://v8.dev/blog/math-random for details.
918 timing reifyNode:node_modules/pm2/node_modules/uuid Completed in 1051ms
919 timing reifyNode:node_modules/pm2/node_modules/smart-buffer Completed in 1070ms
920 timing reifyNode:node_modules/pm2/node_modules/esprima Completed in 1073ms
921 http fetch GET 200 https://registry.npmjs.org/wrappy/-/wrappy-1.0.2.tgz 977ms (cache miss)
922 timing reifyNode:node_modules/pm2/node_modules/wrappy Completed in 1090ms
923 timing reifyNode:node_modules/pm2/node_modules/tx2 Completed in 1084ms
924 timing reifyNode:node_modules/pm2/node_modules/nssocket Completed in 1079ms
925 timing reifyNode:node_modules/pm2/node_modules/ws Completed in 1088ms
926 http fetch GET 200 https://registry.npmjs.org/unpipe/-/unpipe-1.0.0.tgz 951ms (cache miss)
927 timing reifyNode:node_modules/pm2/node_modules/unpipe Completed in 1104ms
928 timing reifyNode:node_modules/pm2/node_modules/lazy Completed in 1099ms
929 http fetch GET 200 https://registry.npmjs.org/string_decoder/-/string_decoder-0.10.31.tgz 980ms (cache miss)
930 timing reifyNode:node_modules/pm2/node_modules/string_decoder Completed in 1114ms
931 timing reifyNode:node_modules/pm2/node_modules/get-uri Completed in 1110ms
932 timing reifyNode:node_modules/pm2/node_modules/pm2-axon Completed in 1104ms
933 timing reifyNode:node_modules/pm2/node_modules/continuation-local-storage Completed in 1158ms
934 http fetch GET 200 https://registry.npmjs.org/sprintf-js/-/sprintf-js-1.0.3.tgz 1062ms (cache miss)
935 timing reifyNode:node_modules/pm2/node_modules/croner Completed in 1185ms
936 http fetch GET 200 https://registry.npmjs.org/type-check/-/type-check-0.3.2.tgz 1051ms (cache miss)
937 timing reifyNode:node_modules/pm2/node_modules/type-check Completed in 1215ms
938 timing reifyNode:node_modules/pm2/node_modules/argparse/node_modules/sprintf-js Completed in 1221ms
939 timing reifyNode:node_modules/pm2/node_modules/fast-json-patch Completed in 1213ms
940 timing reifyNode:node_modules/pm2/node_modules/acorn Completed in 1227ms
941 timing reifyNode:node_modules/pm2/node_modules/vm2 Completed in 1230ms
942 timing reifyNode:node_modules/pm2/node_modules/argparse Completed in 1235ms
943 timing reifyNode:node_modules/pm2/node_modules/iconv-lite Completed in 1239ms
944 timing reifyNode:node_modules/pm2/node_modules/pac-resolver Completed in 1254ms
945 timing reifyNode:node_modules/pm2/node_modules/@pm2/agent Completed in 1255ms
946 http fetch GET 200 https://registry.npmjs.org/tv4/-/tv4-1.3.0.tgz 1112ms (cache miss)
947 timing reifyNode:node_modules/pm2/node_modules/tv4 Completed in 1291ms
948 timing reifyNode:node_modules/pm2/node_modules/async-listener Completed in 1291ms
949 timing reifyNode:node_modules/pm2/node_modules/semver Completed in 1292ms
950 timing reifyNode:node_modules/pm2/node_modules/@pm2/agent/node_modules/semver Completed in 1290ms
951 timing reifyNode:node_modules/pm2/node_modules/vizion Completed in 1298ms
952 timing reifyNode:node_modules/pm2/node_modules/needle Completed in 1299ms
953 timing reifyNode:node_modules/pm2/node_modules/fs-extra Completed in 1313ms
954 timing reifyNode:node_modules/pm2/node_modules/enquirer Completed in 1311ms
955 timing reifyNode:node_modules/pm2/node_modules/socks Completed in 1329ms
956 timing reifyNode:node_modules/pm2/node_modules/source-map Completed in 1336ms
957 http fetch GET 200 https://registry.npmjs.org/xregexp/-/xregexp-2.0.0.tgz 1172ms (cache miss)
958 timing reifyNode:node_modules/pm2/node_modules/xregexp Completed in 1341ms
959 timing reifyNode:node_modules/pm2/node_modules/axios Completed in 1340ms
960 timing reifyNode:node_modules/pm2/node_modules/systeminformation Completed in 1345ms
961 timing reifyNode:node_modules/pm2/node_modules/pako Completed in 1356ms
962 timing reifyNode:node_modules/pm2/node_modules/@pm2/js-api Completed in 1361ms
963 timing reifyNode:node_modules/pm2/node_modules/js-git Completed in 1379ms
964 timing reifyNode:node_modules/pm2/node_modules/ast-types Completed in 1389ms
965 timing reifyNode:node_modules/pm2/node_modules/yamljs Completed in 1393ms
966 timing reifyNode:node_modules/pm2/node_modules/@opencensus/propagation-b3/node_modules/@opencensus/core Completed in 1472ms
967 timing reifyNode:node_modules/pm2/node_modules/vizion/node_modules/async Completed in 1472ms
968 timing reifyNode:node_modules/pm2/node_modules/@pm2/js-api/node_modules/async Completed in 1469ms
969 timing reifyNode:node_modules/pm2/node_modules/@pm2/io/node_modules/async Completed in 1469ms
970 timing reifyNode:node_modules/pm2/node_modules/@opencensus/core Completed in 1484ms
971 timing reifyNode:node_modules/pm2/node_modules/async Completed in 1484ms
972 timing reifyNode:node_modules/pm2/node_modules/resolve Completed in 1506ms
973 timing reifyNode:node_modules/pm2/node_modules/blessed Completed in 1493ms
974 timing reifyNode:node_modules/pm2/node_modules/@pm2/io Completed in 1498ms
975 timing reifyNode:node_modules/pm2 Completed in 1520ms
976 timing reifyNode:node_modules/pm2/node_modules/dayjs Completed in 1577ms
977 timing reifyNode:node_modules/pm2/node_modules/lodash Completed in 1689ms
978 timing reify:unpack Completed in 1691ms
979 timing reify:unretire Completed in 0ms
980 timing build:queue Completed in 13ms
981 timing build:link:node_modules/pm2 Completed in 8ms
982 timing build:link:node_modules/pm2/node_modules/acorn Completed in 8ms
983 timing build:link:node_modules/pm2/node_modules/@opencensus/core/node_modules/semver Completed in 7ms
984 timing build:link:node_modules/pm2/node_modules/@opencensus/propagation-b3/node_modules/semver Completed in 7ms
985 timing build:link:node_modules/pm2/node_modules/@pm2/io/node_modules/semver Completed in 7ms
986 timing build:link:node_modules/pm2/node_modules/@pm2/agent/node_modules/semver Completed in 7ms
987 timing build:link:node_modules/pm2/node_modules/async-listener/node_modules/semver Completed in 7ms
988 timing build:link:node_modules/pm2/node_modules/blessed Completed in 8ms
989 timing build:link:node_modules/pm2/node_modules/escodegen Completed in 8ms
990 timing build:link:node_modules/pm2/node_modules/esprima Completed in 8ms
991 timing build:link:node_modules/pm2/node_modules/needle Completed in 7ms
992 timing build:link:node_modules/pm2/node_modules/mkdirp Completed in 8ms
993 timing build:link:node_modules/pm2/node_modules/resolve Completed in 7ms
994 timing build:link:node_modules/pm2/node_modules/semver Completed in 7ms
995 timing build:link:node_modules/pm2/node_modules/systeminformation Completed in 7ms
996 timing build:link:node_modules/pm2/node_modules/uuid Completed in 7ms
997 timing build:link:node_modules/pm2/node_modules/vm2 Completed in 7ms
998 timing build:link:node_modules/pm2/node_modules/yamljs Completed in 7ms
999 timing build:link Completed in 9ms
1000 timing build:deps Completed in 22ms
1001 timing build Completed in 22ms
1002 timing reify:build Completed in 23ms
1003 timing reify:trash Completed in 1ms
1004 timing reify Completed in 3858ms
1005 silly ADD node_modules/pm2
1006 silly ADD node_modules/pm2/node_modules/lodash
1007 silly ADD node_modules/pm2/node_modules/concat-map
1008 silly ADD node_modules/pm2/node_modules/balanced-match
1009 silly ADD node_modules/pm2/node_modules/brace-expansion
1010 silly ADD node_modules/pm2/node_modules/wrappy
1011 silly ADD node_modules/pm2/node_modules/path-is-absolute
1012 silly ADD node_modules/pm2/node_modules/once
1013 silly ADD node_modules/pm2/node_modules/minimatch
1014 silly ADD node_modules/pm2/node_modules/inflight
1015 silly ADD node_modules/pm2/node_modules/fs.realpath
1016 silly ADD node_modules/pm2/node_modules/glob
1017 silly ADD node_modules/pm2/node_modules/argparse
1018 silly ADD node_modules/pm2/node_modules/argparse/node_modules/sprintf-js
1019 silly ADD node_modules/pm2/node_modules/acorn-walk
1020 silly ADD node_modules/pm2/node_modules/acorn
1021 silly ADD node_modules/pm2/node_modules/pako
1022 silly ADD node_modules/pm2/node_modules/git-sha1
1023 silly ADD node_modules/pm2/node_modules/culvert
1024 silly ADD node_modules/pm2/node_modules/bodec
1025 silly ADD node_modules/pm2/node_modules/js-git
1026 silly ADD node_modules/pm2/node_modules/ini
1027 silly ADD node_modules/pm2/node_modules/git-node-fs
1028 silly ADD node_modules/pm2/node_modules/json-stringify-safe
1029 silly ADD node_modules/pm2/node_modules/is-number
1030 silly ADD node_modules/pm2/node_modules/has-flag
1031 silly ADD node_modules/pm2/node_modules/buffer-from
1032 silly ADD node_modules/pm2/node_modules/smart-buffer
1033 silly ADD node_modules/pm2/node_modules/socks
1034 silly ADD node_modules/pm2/node_modules/function-bind
1035 silly ADD node_modules/pm2/node_modules/has
1036 silly ADD node_modules/pm2/node_modules/supports-preserve-symlinks-flag
1037 silly ADD node_modules/pm2/node_modules/path-parse
1038 silly ADD node_modules/pm2/node_modules/is-core-module
1039 silly ADD node_modules/pm2/node_modules/resolve
1040 silly ADD node_modules/pm2/node_modules/module-details-from-path
1041 silly ADD node_modules/pm2/node_modules/string_decoder
1042 silly ADD node_modules/pm2/node_modules/isarray
1043 silly ADD node_modules/pm2/node_modules/core-util-is
1044 silly ADD node_modules/pm2/node_modules/mute-stream
1045 silly ADD node_modules/pm2/node_modules/toidentifier
1046 silly ADD node_modules/pm2/node_modules/statuses
1047 silly ADD node_modules/pm2/node_modules/setprototypeof
1048 silly ADD node_modules/pm2/node_modules/inherits
1049 silly ADD node_modules/pm2/node_modules/depd
1050 silly ADD node_modules/pm2/node_modules/unpipe
1051 silly ADD node_modules/pm2/node_modules/http-errors
1052 silly ADD node_modules/pm2/node_modules/bytes
1053 silly ADD node_modules/pm2/node_modules/word-wrap
1054 silly ADD node_modules/pm2/node_modules/type-check
1055 silly ADD node_modules/pm2/node_modules/prelude-ls
1056 silly ADD node_modules/pm2/node_modules/levn
1057 silly ADD node_modules/pm2/node_modules/fast-levenshtein
1058 silly ADD node_modules/pm2/node_modules/deep-is
1059 silly ADD node_modules/pm2/node_modules/source-map
1060 silly ADD node_modules/pm2/node_modules/optionator
1061 silly ADD node_modules/pm2/node_modules/esutils
1062 silly ADD node_modules/pm2/node_modules/estraverse
1063 silly ADD node_modules/pm2/node_modules/vm2
1064 silly ADD node_modules/pm2/node_modules/esprima
1065 silly ADD node_modules/pm2/node_modules/escodegen
1066 silly ADD node_modules/pm2/node_modules/ast-types
1067 silly ADD node_modules/pm2/node_modules/ast-types/node_modules/tslib
1068 silly ADD node_modules/pm2/node_modules/netmask
1069 silly ADD node_modules/pm2/node_modules/ip
1070 silly ADD node_modules/pm2/node_modules/degenerator
1071 silly ADD node_modules/pm2/node_modules/xregexp
1072 silly ADD node_modules/pm2/node_modules/readable-stream
1073 silly ADD node_modules/pm2/node_modules/universalify
1074 silly ADD node_modules/pm2/node_modules/jsonfile
1075 silly ADD node_modules/pm2/node_modules/graceful-fs
1076 silly ADD node_modules/pm2/node_modules/ftp
1077 silly ADD node_modules/pm2/node_modules/fs-extra
1078 silly ADD node_modules/pm2/node_modules/file-uri-to-path
1079 silly ADD node_modules/pm2/node_modules/data-uri-to-buffer
1080 silly ADD node_modules/pm2/node_modules/raw-body
1081 silly ADD node_modules/pm2/node_modules/pac-resolver
1082 silly ADD node_modules/pm2/node_modules/get-uri
1083 silly ADD node_modules/pm2/node_modules/yallist
1084 silly ADD node_modules/pm2/node_modules/@tootallnate/once
1085 silly ADD node_modules/pm2/node_modules/socks-proxy-agent
1086 silly ADD node_modules/pm2/node_modules/proxy-from-env
1087 silly ADD node_modules/pm2/node_modules/pac-proxy-agent
1088 silly ADD node_modules/pm2/node_modules/lru-cache
1089 silly ADD node_modules/pm2/node_modules/https-proxy-agent
1090 silly ADD node_modules/pm2/node_modules/http-proxy-agent
1091 silly ADD node_modules/pm2/node_modules/agent-base
1092 silly ADD node_modules/pm2/node_modules/read
1093 silly ADD node_modules/pm2/node_modules/tx2
1094 silly ADD node_modules/pm2/node_modules/systeminformation
1095 silly ADD node_modules/pm2/node_modules/charm
1096 silly ADD node_modules/pm2/node_modules/tv4
1097 silly ADD node_modules/pm2/node_modules/run-series
1098 silly ADD node_modules/pm2/node_modules/escape-string-regexp
1099 silly ADD node_modules/pm2/node_modules/amp-message
1100 silly ADD node_modules/pm2/node_modules/amp
1101 silly ADD node_modules/pm2/node_modules/safe-buffer
1102 silly ADD node_modules/pm2/node_modules/lazy
1103 silly ADD node_modules/pm2/node_modules/safer-buffer
1104 silly ADD node_modules/pm2/node_modules/sax
1105 silly ADD node_modules/pm2/node_modules/iconv-lite
1106 silly ADD node_modules/pm2/node_modules/is-extglob
1107 silly ADD node_modules/pm2/node_modules/binary-extensions
1108 silly ADD node_modules/pm2/node_modules/to-regex-range
1109 silly ADD node_modules/pm2/node_modules/ansi-colors
1110 silly ADD node_modules/pm2/node_modules/ms
1111 silly ADD node_modules/pm2/node_modules/emitter-listener
1112 silly ADD node_modules/pm2/node_modules/async-listener
1113 silly ADD node_modules/pm2/node_modules/async-listener/node_modules/semver
1114 silly ADD node_modules/pm2/node_modules/color-name
1115 silly ADD node_modules/pm2/node_modules/fill-range
1116 silly ADD node_modules/pm2/node_modules/picomatch
1117 silly ADD node_modules/pm2/node_modules/readdirp
1118 silly ADD node_modules/pm2/node_modules/normalize-path
1119 silly ADD node_modules/pm2/node_modules/is-glob
1120 silly ADD node_modules/pm2/node_modules/is-binary-path
1121 silly ADD node_modules/pm2/node_modules/glob-parent
1122 silly ADD
1123 silly ADD node_modules/pm2/node_modules/braces
1124 silly ADD node_modules/pm2/node_modules/anymatch
1125 silly ADD node_modules/pm2/node_modules/color-convert
1126 silly ADD node_modules/pm2/node_modules/supports-color
1127 silly ADD node_modules/pm2/node_modules/ansi-styles
1128 silly ADD node_modules/pm2/node_modules/follow-redirects
1129 silly ADD node_modules/pm2/node_modules/axios
1130 silly ADD node_modules/pm2/node_modules/uuid
1131 silly ADD node_modules/pm2/node_modules/log-driver
1132 silly ADD node_modules/pm2/node_modules/continuation-local-storage
1133 silly ADD node_modules/pm2/node_modules/tslib
1134 silly ADD node_modules/pm2/node_modules/signal-exit
1135 silly ADD node_modules/pm2/node_modules/shimmer
1136 silly ADD node_modules/pm2/node_modules/require-in-the-middle
1137 silly ADD node_modules/pm2/node_modules/@opencensus/propagation-b3
1138 silly ADD node_modules/pm2/node_modules/@opencensus/propagation-b3/node_modules/semver
1139 silly ADD node_modules/pm2/node_modules/@opencensus/propagation-b3/node_modules/@opencensus/core
1140 silly ADD node_modules/pm2/node_modules/@opencensus/core
1141 silly ADD node_modules/pm2/node_modules/@opencensus/core/node_modules/semver
1142 silly ADD node_modules/pm2/node_modules/ws
1143 silly ADD node_modules/pm2/node_modules/proxy-agent
1144 silly ADD node_modules/pm2/node_modules/nssocket
1145 silly ADD node_modules/pm2/node_modules/nssocket/node_modules/eventemitter2
1146 silly ADD node_modules/pm2/node_modules/fast-json-patch
1147 silly ADD node_modules/pm2/node_modules/yamljs
1148 silly ADD node_modules/pm2/node_modules/vizion
1149 silly ADD node_modules/pm2/node_modules/vizion/node_modules/async
1150 silly ADD node_modules/pm2/node_modules/sprintf-js
1151 silly ADD node_modules/pm2/node_modules/source-map-support
1152 silly ADD node_modules/pm2/node_modules/semver
1153 silly ADD node_modules/pm2/node_modules/semver/node_modules/yallist
1154 silly ADD node_modules/pm2/node_modules/semver/node_modules/lru-cache
1155 silly ADD node_modules/pm2/node_modules/promptly
1156 silly ADD node_modules/pm2/node_modules/pm2-sysmonit
1157 silly ADD node_modules/pm2/node_modules/pm2-sysmonit/node_modules/pidusage
1158 silly ADD node_modules/pm2/node_modules/pm2-multimeter
1159 silly ADD node_modules/pm2/node_modules/pm2-deploy
1160 silly ADD node_modules/pm2/node_modules/pm2-axon-rpc
1161 silly ADD node_modules/pm2/node_modules/pm2-axon
1162 silly ADD node_modules/pm2/node_modules/pidusage
1163 silly ADD node_modules/pm2/node_modules/needle
1164 silly ADD node_modules/pm2/node_modules/needle/node_modules/debug
1165 silly ADD node_modules/pm2/node_modules/mkdirp
1166 silly ADD node_modules/pm2/node_modules/fclone
1167 silly ADD node_modules/pm2/node_modules/eventemitter2
1168 silly ADD node_modules/pm2/node_modules/enquirer
1169 silly ADD node_modules/pm2/node_modules/debug
1170 silly ADD node_modules/pm2/node_modules/dayjs
1171 silly ADD node_modules/pm2/node_modules/croner
1172 silly ADD node_modules/pm2/node_modules/commander
1173 silly ADD node_modules/pm2/node_modules/cli-tableau
1174 silly ADD node_modules/pm2/node_modules/chokidar
1175 silly ADD node_modules/pm2/node_modules/chalk
1176 silly ADD node_modules/pm2/node_modules/blessed
1177 silly ADD node_modules/pm2/node_modules/async
1178 silly ADD node_modules/pm2/node_modules/@pm2/pm2-version-check
1179 silly ADD node_modules/pm2/node_modules/@pm2/js-api
1180 silly ADD node_modules/pm2/node_modules/@pm2/js-api/node_modules/eventemitter2
1181 silly ADD node_modules/pm2/node_modules/@pm2/js-api/node_modules/async
1182 silly ADD node_modules/pm2/node_modules/@pm2/io
1183 silly ADD node_modules/pm2/node_modules/@pm2/io/node_modules/semver
1184 silly ADD node_modules/pm2/node_modules/@pm2/io/node_modules/eventemitter2
1185 silly ADD node_modules/pm2/node_modules/@pm2/io/node_modules/async
1186 silly ADD node_modules/pm2/node_modules/@pm2/agent
1187 silly ADD node_modules/pm2/node_modules/@pm2/agent/node_modules/semver
1188 timing command:install Completed in 3870ms
1189 verbose exit 0
1190 timing npm Completed in 4000ms
1191 info ok
