0 verbose cli /usr/bin/node /usr/bin/npm
1 info using npm@8.11.0
2 info using node@v16.15.1
3 timing npm:load:whichnode Completed in 1ms
4 timing config:load:defaults Completed in 2ms
5 timing config:load:file:/usr/lib/node_modules/npm/npmrc Completed in 0ms
6 timing config:load:builtin Completed in 1ms
7 timing config:load:cli Completed in 1ms
8 timing config:load:env Completed in 1ms
9 timing config:load:file:/usr/share/nginx/html/.npmrc Completed in 0ms
10 timing config:load:project Completed in 16ms
11 timing config:load:file:/root/.npmrc Completed in 0ms
12 timing config:load:user Completed in 0ms
13 timing config:load:file:/usr/etc/npmrc Completed in 0ms
14 timing config:load:global Completed in 0ms
15 timing config:load:validate Completed in 0ms
16 timing config:load:credentials Completed in 1ms
17 timing config:load:setEnvs Completed in 1ms
18 timing config:load Completed in 24ms
19 timing npm:load:configload Completed in 24ms
20 timing npm:load:mkdirpcache Completed in 1ms
21 timing npm:load:mkdirplogs Completed in 1ms
22 verbose title npm install nedb
23 verbose argv "install" "nedb"
24 timing npm:load:setTitle Completed in 1ms
25 timing config:load:flatten Completed in 3ms
26 timing npm:load:display Completed in 4ms
27 verbose logfile logs-max:10 dir:/root/.npm/_logs
28 verbose logfile /root/.npm/_logs/2022-06-08T02_44_08_281Z-debug-0.log
29 timing npm:load:logFile Completed in 5ms
30 timing npm:load:timers Completed in 0ms
31 timing npm:load:configScope Completed in 0ms
32 timing npm:load Completed in 38ms
33 timing arborist:ctor Completed in 1ms
34 silly logfile done cleaning log files
35 timing idealTree:init Completed in 100ms
36 timing idealTree:userRequests Completed in 2ms
37 silly idealTree buildDeps
38 silly fetch manifest nedb@*
39 timing arborist:ctor Completed in 0ms
40 http fetch GET 200 https://registry.npmjs.org/nedb 64ms (cache hit)
41 silly placeDep ROOT nedb@1.8.0 OK for:  want: *
42 silly fetch manifest async@0.2.10
43 silly fetch manifest binary-search-tree@0.2.5
44 silly fetch manifest localforage@^1.3.0
45 silly fetch manifest mkdirp@~0.5.1
46 silly fetch manifest underscore@~1.4.4
47 http fetch GET 200 https://registry.npmjs.org/binary-search-tree 54ms (cache hit)
48 http fetch GET 200 https://registry.npmjs.org/underscore 54ms (cache hit)
49 http fetch GET 200 https://registry.npmjs.org/mkdirp 123ms (cache miss)
50 http fetch GET 200 https://registry.npmjs.org/localforage 127ms (cache miss)
51 http fetch GET 200 https://registry.npmjs.org/async 141ms (cache miss)
52 timing idealTree:#root Completed in 219ms
53 silly placeDep ROOT async@0.2.10 OK for: nedb@1.8.0 want: 0.2.10
54 silly placeDep ROOT binary-search-tree@0.2.5 OK for: nedb@1.8.0 want: 0.2.5
55 silly placeDep ROOT localforage@1.10.0 OK for: nedb@1.8.0 want: ^1.3.0
56 silly placeDep ROOT mkdirp@0.5.6 OK for: nedb@1.8.0 want: ~0.5.1
57 silly placeDep ROOT underscore@1.4.4 OK for: nedb@1.8.0 want: ~1.4.4
58 silly fetch manifest lie@3.1.1
59 http fetch GET 200 https://registry.npmjs.org/lie 54ms (cache miss)
60 timing idealTree:node_modules/nedb Completed in 63ms
61 timing idealTree:node_modules/async Completed in 0ms
62 timing idealTree:node_modules/binary-search-tree Completed in 0ms
63 silly placeDep ROOT lie@3.1.1 OK for: localforage@1.10.0 want: 3.1.1
64 silly fetch manifest immediate@~3.0.5
65 http fetch GET 200 https://registry.npmjs.org/immediate 29ms (cache miss)
66 timing idealTree:node_modules/localforage Completed in 33ms
67 silly placeDep ROOT immediate@3.0.6 OK for: lie@3.1.1 want: ~3.0.5
68 timing idealTree:node_modules/lie Completed in 2ms
69 timing idealTree:node_modules/immediate Completed in 0ms
70 timing idealTree:node_modules/mkdirp Completed in 0ms
71 timing idealTree:node_modules/underscore Completed in 0ms
72 timing idealTree:buildDeps Completed in 320ms
73 timing idealTree:fixDepFlags Completed in 2ms
74 timing idealTree Completed in 428ms
75 timing reify:loadTrees Completed in 429ms
76 timing reify:diffTrees Completed in 8ms
77 silly reify moves {}
78 timing reify:retireShallow Completed in 2ms
79 timing reify:createSparse Completed in 5ms
80 timing reify:loadBundles Completed in 0ms
81 silly audit bulk request {
81 silly audit   '@sindresorhus/is': [ '0.14.0' ],
81 silly audit   '@szmarczak/http-timer': [ '1.1.2' ],
81 silly audit   abbrev: [ '1.1.1' ],
81 silly audit   'ansi-align': [ '3.0.1' ],
81 silly audit   'ansi-regex': [ '5.0.1' ],
81 silly audit   'ansi-styles': [ '4.3.0' ],
81 silly audit   anymatch: [ '3.1.2' ],
81 silly audit   'balanced-match': [ '1.0.2' ],
81 silly audit   'binary-extensions': [ '2.2.0' ],
81 silly audit   boxen: [ '5.1.2' ],
81 silly audit   'brace-expansion': [ '1.1.11' ],
81 silly audit   braces: [ '3.0.2' ],
81 silly audit   'cacheable-request': [ '6.1.0' ],
81 silly audit   'get-stream': [ '5.2.0', '4.1.0' ],
81 silly audit   'lowercase-keys': [ '2.0.0', '1.0.1' ],
81 silly audit   camelcase: [ '6.3.0' ],
81 silly audit   chalk: [ '4.1.2' ],
81 silly audit   'has-flag': [ '4.0.0', '3.0.0' ],
81 silly audit   'supports-color': [ '7.2.0', '5.5.0' ],
81 silly audit   chokidar: [ '3.5.3' ],
81 silly audit   'ci-info': [ '2.0.0' ],
81 silly audit   'cli-boxes': [ '2.2.1' ],
81 silly audit   'clone-response': [ '1.0.2' ],
81 silly audit   'color-convert': [ '2.0.1' ],
81 silly audit   'color-name': [ '1.1.4' ],
81 silly audit   'concat-map': [ '0.0.1' ],
81 silly audit   configstore: [ '5.0.1' ],
81 silly audit   'crypto-random-string': [ '2.0.0' ],
81 silly audit   'decompress-response': [ '3.3.0' ],
81 silly audit   'deep-extend': [ '0.6.0' ],
81 silly audit   'defer-to-connect': [ '1.1.3' ],
81 silly audit   'dot-prop': [ '5.3.0' ],
81 silly audit   duplexer3: [ '0.1.4' ],
81 silly audit   'emoji-regex': [ '8.0.0' ],
81 silly audit   'end-of-stream': [ '1.4.4' ],
81 silly audit   'escape-goat': [ '2.1.1' ],
81 silly audit   'fill-range': [ '7.0.1' ],
81 silly audit   'glob-parent': [ '5.1.2' ],
81 silly audit   'global-dirs': [ '3.0.0' ],
81 silly audit   got: [ '9.6.0' ],
81 silly audit   'graceful-fs': [ '4.2.10' ],
81 silly audit   'has-yarn': [ '2.1.0' ],
81 silly audit   'http-cache-semantics': [ '4.1.0' ],
81 silly audit   'ignore-by-default': [ '1.0.1' ],
81 silly audit   'import-lazy': [ '2.1.0' ],
81 silly audit   imurmurhash: [ '0.1.4' ],
81 silly audit   ini: [ '2.0.0', '1.3.8' ],
81 silly audit   'is-binary-path': [ '2.1.0' ],
81 silly audit   'is-ci': [ '2.0.0' ],
81 silly audit   'is-extglob': [ '2.1.1' ],
81 silly audit   'is-fullwidth-code-point': [ '3.0.0' ],
81 silly audit   'is-glob': [ '4.0.3' ],
81 silly audit   'is-installed-globally': [ '0.4.0' ],
81 silly audit   'is-npm': [ '5.0.0' ],
81 silly audit   'is-number': [ '7.0.0' ],
81 silly audit   'is-obj': [ '2.0.0' ],
81 silly audit   'is-path-inside': [ '3.0.3' ],
81 silly audit   'is-typedarray': [ '1.0.0' ],
81 silly audit   'is-yarn-global': [ '0.3.0' ],
81 silly audit   'json-buffer': [ '3.0.0' ],
81 silly audit   keyv: [ '3.1.0' ],
81 silly audit   'latest-version': [ '5.1.0' ],
81 silly audit   'lru-cache': [ '6.0.0' ],
81 silly audit   'make-dir': [ '3.1.0' ],
81 silly audit   semver: [ '6.3.0', '5.7.1', '7.3.7' ],
81 silly audit   'mimic-response': [ '1.0.1' ],
81 silly audit   minimatch: [ '3.1.2' ],
81 silly audit   minimist: [ '1.2.6' ],
81 silly audit   nodemon: [ '2.0.16' ],
81 silly audit   debug: [ '3.2.7' ],
81 silly audit   ms: [ '2.1.3' ],
81 silly audit   nopt: [ '1.0.10' ],
81 silly audit   'normalize-path': [ '3.0.0' ],
81 silly audit   'normalize-url': [ '4.5.1' ],
81 silly audit   once: [ '1.4.0' ],
81 silly audit   'p-cancelable': [ '1.1.0' ],
81 silly audit   'package-json': [ '6.5.0' ],
81 silly audit   picomatch: [ '2.3.1' ],
81 silly audit   'prepend-http': [ '2.0.0' ],
81 silly audit   'pstree.remy': [ '1.1.8' ],
81 silly audit   pump: [ '3.0.0' ],
81 silly audit   pupa: [ '2.1.1' ],
81 silly audit   rc: [ '1.2.8' ],
81 silly audit   readdirp: [ '3.6.0' ],
81 silly audit   'registry-auth-token': [ '4.2.1' ],
81 silly audit   'registry-url': [ '5.1.0' ],
81 silly audit   responselike: [ '1.0.2' ],
81 silly audit   'semver-diff': [ '3.1.1' ],
81 silly audit   'signal-exit': [ '3.0.7' ],
81 silly audit   'string-width': [ '4.2.3' ],
81 silly audit   'strip-ansi': [ '6.0.1' ],
81 silly audit   'strip-json-comments': [ '2.0.1' ],
81 silly audit   'to-readable-stream': [ '1.0.0' ],
81 silly audit   'to-regex-range': [ '5.0.1' ],
81 silly audit   touch: [ '3.1.0' ],
81 silly audit   'type-fest': [ '0.20.2' ],
81 silly audit   'typedarray-to-buffer': [ '3.1.5' ],
81 silly audit   undefsafe: [ '2.0.5' ],
81 silly audit   'unique-string': [ '2.0.0' ],
81 silly audit   'update-notifier': [ '5.1.0' ],
81 silly audit   'url-parse-lax': [ '3.0.0' ],
81 silly audit   'widest-line': [ '3.1.0' ],
81 silly audit   'wrap-ansi': [ '7.0.0' ],
81 silly audit   wrappy: [ '1.0.2' ],
81 silly audit   'write-file-atomic': [ '3.0.3' ],
81 silly audit   'xdg-basedir': [ '4.0.0' ],
81 silly audit   yallist: [ '4.0.0' ],
81 silly audit   nedb: [ '1.8.0' ],
81 silly audit   async: [ '0.2.10' ],
81 silly audit   'binary-search-tree': [ '0.2.5' ],
81 silly audit   localforage: [ '1.10.0' ],
81 silly audit   mkdirp: [ '0.5.6' ],
81 silly audit   underscore: [ '1.4.4' ],
81 silly audit   lie: [ '3.1.1' ],
81 silly audit   immediate: [ '3.0.6' ]
81 silly audit }
82 silly tarball no local data for underscore@https://registry.npmjs.org/underscore/-/underscore-1.4.4.tgz. Extracting by manifest.
83 http fetch POST 200 https://registry.npmjs.org/-/npm/v1/security/advisories/bulk 94ms
84 timing auditReport:getReport Completed in 100ms
85 silly audit report {
85 silly audit report   nedb: [
85 silly audit report     {
85 silly audit report       id: 1067828,
85 silly audit report       url: 'https://github.com/advisories/GHSA-339j-hqgx-qrrx',
85 silly audit report       title: 'Prototype Pollution',
85 silly audit report       severity: 'high',
85 silly audit report       vulnerable_versions: '<=1.8.0',
85 silly audit report       cwe: [Array],
85 silly audit report       cvss: [Object]
85 silly audit report     }
85 silly audit report   ],
85 silly audit report   underscore: [
85 silly audit report     {
85 silly audit report       id: 1068134,
85 silly audit report       url: 'https://github.com/advisories/GHSA-cf4h-3jhx-xvhq',
85 silly audit report       title: 'Arbitrary Code Execution in underscore',
85 silly audit report       severity: 'high',
85 silly audit report       vulnerable_versions: '>=1.3.2 <1.12.1',
85 silly audit report       cwe: [Array],
85 silly audit report       cvss: [Object]
85 silly audit report     }
85 silly audit report   ]
85 silly audit report }
86 timing metavuln:packument:nedb Completed in 0ms
87 timing metavuln:packument:underscore Completed in 0ms
88 timing reifyNode:node_modules/mkdirp Completed in 103ms
89 timing metavuln:cache:get:security-advisory:nedb:3Z43GH9XaCaNUAuUBnayL3PH2z2etocPDSnCf6rpRtY2/wfil0oHam9KQi2x01UHXDMFldl7NfswARCyxvbzOw== Completed in 13ms
90 timing metavuln:load:security-advisory:nedb:1067828 Completed in 2ms
91 timing metavuln:calculate:security-advisory:nedb:1067828 Completed in 15ms
92 timing metavuln:cache:get:security-advisory:underscore:Gnjmi1IOOUemQLeLgz5wRwLH47Eo9UznXoQR7+paJUZ5akz/mDNxKZhNia4PfEO25soJ4Pui+zZrnP/UDRFcrg== Completed in 14ms
93 timing metavuln:load:security-advisory:underscore:1068134 Completed in 1ms
94 timing metavuln:calculate:security-advisory:underscore:1068134 Completed in 15ms
95 timing metavuln:packument:binary-search-tree Completed in 0ms
96 timing reifyNode:node_modules/async Completed in 121ms
97 timing reifyNode:node_modules/immediate Completed in 125ms
98 timing metavuln:cache:get:security-advisory:nedb:zpLvV2oU0+mjzKzY5cf3zDYqg6J7Y/cXxuVgloEMJ1p9VEV+6PahjSlcvCdKCJ4tEs55a0kdoy+VTtH08HR2ug== Completed in 10ms
99 timing metavuln:load:security-advisory:nedb:Gnjmi1IOOUemQLeLgz5wRwLH47Eo9UznXoQR7+paJUZ5akz/mDNxKZhNia4PfEO25soJ4Pui+zZrnP/UDRFcrg== Completed in 1ms
100 timing metavuln:calculate:security-advisory:nedb:Gnjmi1IOOUemQLeLgz5wRwLH47Eo9UznXoQR7+paJUZ5akz/mDNxKZhNia4PfEO25soJ4Pui+zZrnP/UDRFcrg== Completed in 11ms
101 timing metavuln:cache:get:security-advisory:binary-search-tree:gj/ZEmOnT87Hvlmaq5yc1Mc1yNrFWUgiZcnN2xSDSTrQ8fhpNGy5r0Uh/bfbnXv0BfCvGw35yDKBdnTB/7PNfg== Completed in 10ms
102 timing metavuln:load:security-advisory:binary-search-tree:Gnjmi1IOOUemQLeLgz5wRwLH47Eo9UznXoQR7+paJUZ5akz/mDNxKZhNia4PfEO25soJ4Pui+zZrnP/UDRFcrg== Completed in 0ms
103 timing metavuln:calculate:security-advisory:binary-search-tree:Gnjmi1IOOUemQLeLgz5wRwLH47Eo9UznXoQR7+paJUZ5akz/mDNxKZhNia4PfEO25soJ4Pui+zZrnP/UDRFcrg== Completed in 12ms
104 timing reifyNode:node_modules/lie Completed in 131ms
105 timing reifyNode:node_modules/binary-search-tree Completed in 131ms
106 timing metavuln:cache:get:security-advisory:nedb:EgKdVAjXCYxT+YQqZdvBgro00w/ewoshJrPXf5rUtNfmakI3rxA5GDWDAtKqSXozwLkvtAu7LB1jLLWBrn837A== Completed in 2ms
107 timing metavuln:load:security-advisory:nedb:gj/ZEmOnT87Hvlmaq5yc1Mc1yNrFWUgiZcnN2xSDSTrQ8fhpNGy5r0Uh/bfbnXv0BfCvGw35yDKBdnTB/7PNfg== Completed in 1ms
108 timing metavuln:calculate:security-advisory:nedb:gj/ZEmOnT87Hvlmaq5yc1Mc1yNrFWUgiZcnN2xSDSTrQ8fhpNGy5r0Uh/bfbnXv0BfCvGw35yDKBdnTB/7PNfg== Completed in 3ms
109 timing auditReport:init Completed in 43ms
110 timing reify:audit Completed in 144ms
111 timing reifyNode:node_modules/localforage Completed in 145ms
112 timing reifyNode:node_modules/nedb Completed in 150ms
113 http fetch GET 200 https://registry.npmjs.org/underscore/-/underscore-1.4.4.tgz 162ms (cache miss)
114 timing reifyNode:node_modules/underscore Completed in 176ms
115 timing reify:unpack Completed in 178ms
116 timing reify:unretire Completed in 0ms
117 timing build:queue Completed in 1ms
118 timing build:link:node_modules/mkdirp Completed in 2ms
119 timing build:link Completed in 2ms
120 timing build:deps Completed in 3ms
121 timing build Completed in 3ms
122 timing reify:build Completed in 4ms
123 timing reify:trash Completed in 0ms
124 timing reify:save Completed in 34ms
125 timing reify Completed in 700ms
126 silly ADD node_modules/immediate
127 silly ADD node_modules/lie
128 silly ADD node_modules/underscore
129 silly ADD node_modules/mkdirp
130 silly ADD node_modules/localforage
131 silly ADD node_modules/binary-search-tree
132 silly ADD node_modules/async
133 silly ADD node_modules/nedb
134 timing command:install Completed in 716ms
135 verbose exit 0
136 timing npm Completed in 807ms
137 info ok
