0 verbose cli /usr/bin/node /usr/bin/npm
1 info using npm@8.11.0
2 info using node@v16.15.1
3 timing npm:load:whichnode Completed in 0ms
4 timing config:load:defaults Completed in 2ms
5 timing config:load:file:/usr/lib/node_modules/npm/npmrc Completed in 1ms
6 timing config:load:builtin Completed in 2ms
7 timing config:load:cli Completed in 2ms
8 timing config:load:env Completed in 0ms
9 timing config:load:file:/usr/share/nginx/html/.npmrc Completed in 0ms
10 timing config:load:project Completed in 21ms
11 timing config:load:file:/root/.npmrc Completed in 0ms
12 timing config:load:user Completed in 0ms
13 timing config:load:file:/usr/etc/npmrc Completed in 0ms
14 timing config:load:global Completed in 1ms
15 timing config:load:validate Completed in 0ms
16 timing config:load:credentials Completed in 1ms
17 timing config:load:setEnvs Completed in 2ms
18 timing config:load Completed in 32ms
19 timing npm:load:configload Completed in 32ms
20 timing npm:load:mkdirpcache Completed in 1ms
21 timing npm:load:mkdirplogs Completed in 0ms
22 verbose title npm install
23 verbose argv "install"
24 timing npm:load:setTitle Completed in 1ms
25 timing config:load:flatten Completed in 3ms
26 timing npm:load:display Completed in 4ms
27 verbose logfile logs-max:10 dir:/root/.npm/_logs
28 verbose logfile /root/.npm/_logs/2022-06-08T02_41_15_832Z-debug-0.log
29 timing npm:load:logFile Completed in 5ms
30 timing npm:load:timers Completed in 0ms
31 timing npm:load:configScope Completed in 0ms
32 timing npm:load Completed in 47ms
33 timing arborist:ctor Completed in 1ms
34 silly logfile done cleaning log files
35 timing arborist:ctor Completed in 0ms
36 timing arborist:ctor Completed in 0ms
37 timing arborist:ctor Completed in 0ms
38 timing idealTree:init Completed in 324ms
39 timing idealTree:userRequests Completed in 0ms
40 silly idealTree buildDeps
41 timing idealTree:#root Completed in 0ms
42 timing idealTree:buildDeps Completed in 2ms
43 timing idealTree:fixDepFlags Completed in 0ms
44 timing idealTree Completed in 330ms
45 timing reify:loadTrees Completed in 332ms
46 timing reify:diffTrees Completed in 5ms
47 silly reify moves {}
48 timing reify:retireShallow Completed in 1ms
49 timing reify:createSparse Completed in 0ms
50 timing reify:loadBundles Completed in 0ms
51 silly audit bulk request {
51 silly audit   '@sindresorhus/is': [ '0.14.0' ],
51 silly audit   '@szmarczak/http-timer': [ '1.1.2' ],
51 silly audit   '@types/node': [ '17.0.39' ],
51 silly audit   abbrev: [ '1.1.1' ],
51 silly audit   accepts: [ '1.3.8' ],
51 silly audit   ajv: [ '6.12.6' ],
51 silly audit   'ansi-align': [ '3.0.1' ],
51 silly audit   'ansi-regex': [ '5.0.1' ],
51 silly audit   'ansi-styles': [ '4.3.0' ],
51 silly audit   anymatch: [ '3.1.2' ],
51 silly audit   'array-flatten': [ '1.1.1' ],
51 silly audit   asn1: [ '0.2.6' ],
51 silly audit   'assert-plus': [ '1.0.0' ],
51 silly audit   async: [ '0.2.10' ],
51 silly audit   asynckit: [ '0.4.0' ],
51 silly audit   'aws-sign2': [ '0.7.0' ],
51 silly audit   aws4: [ '1.11.0' ],
51 silly audit   'balanced-match': [ '1.0.2' ],
51 silly audit   'bcrypt-pbkdf': [ '1.0.2' ],
51 silly audit   'binary-extensions': [ '2.2.0' ],
51 silly audit   'binary-search-tree': [ '0.2.5' ],
51 silly audit   bluebird: [ '3.7.2' ],
51 silly audit   'body-parser': [ '1.20.0' ],
51 silly audit   boxen: [ '5.1.2' ],
51 silly audit   'brace-expansion': [ '1.1.11' ],
51 silly audit   braces: [ '3.0.2' ],
51 silly audit   bytes: [ '3.1.2' ],
51 silly audit   'cacheable-request': [ '6.1.0' ],
51 silly audit   'get-stream': [ '5.2.0', '4.1.0' ],
51 silly audit   'lowercase-keys': [ '2.0.0', '1.0.1' ],
51 silly audit   'call-bind': [ '1.0.2' ],
51 silly audit   camelcase: [ '6.3.0' ],
51 silly audit   caseless: [ '0.12.0' ],
51 silly audit   chalk: [ '4.1.2' ],
51 silly audit   'has-flag': [ '4.0.0', '3.0.0' ],
51 silly audit   'supports-color': [ '7.2.0', '5.5.0' ],
51 silly audit   chokidar: [ '3.5.3' ],
51 silly audit   'ci-info': [ '2.0.0' ],
51 silly audit   'cli-boxes': [ '2.2.1' ],
51 silly audit   'clone-response': [ '1.0.2' ],
51 silly audit   'color-convert': [ '2.0.1' ],
51 silly audit   'color-name': [ '1.1.4' ],
51 silly audit   'combined-stream': [ '1.0.8' ],
51 silly audit   'concat-map': [ '0.0.1' ],
51 silly audit   configstore: [ '5.0.1' ],
51 silly audit   'content-disposition': [ '0.5.4' ],
51 silly audit   'content-type': [ '1.0.4' ],
51 silly audit   cookie: [ '0.5.0' ],
51 silly audit   'cookie-signature': [ '1.0.6' ],
51 silly audit   'core-util-is': [ '1.0.2' ],
51 silly audit   'crypto-random-string': [ '2.0.0' ],
51 silly audit   dashdash: [ '1.14.1' ],
51 silly audit   'data-uri-to-buffer': [ '4.0.0' ],
51 silly audit   debug: [ '2.6.9', '3.2.7' ],
51 silly audit   'decompress-response': [ '3.3.0' ],
51 silly audit   'deep-extend': [ '0.6.0' ],
51 silly audit   'defer-to-connect': [ '1.1.3' ],
51 silly audit   'delayed-stream': [ '1.0.0' ],
51 silly audit   depd: [ '2.0.0' ],
51 silly audit   destroy: [ '1.2.0' ],
51 silly audit   'dot-prop': [ '5.3.0' ],
51 silly audit   duplexer3: [ '0.1.4' ],
51 silly audit   'ecc-jsbn': [ '0.1.2' ],
51 silly audit   'ee-first': [ '1.1.1' ],
51 silly audit   'emoji-regex': [ '8.0.0' ],
51 silly audit   encodeurl: [ '1.0.2' ],
51 silly audit   'end-of-stream': [ '1.4.4' ],
51 silly audit   'escape-goat': [ '2.1.1' ],
51 silly audit   'escape-html': [ '1.0.3' ],
51 silly audit   etag: [ '1.8.1' ],
51 silly audit   express: [ '4.18.1' ],
51 silly audit   extend: [ '3.0.2' ],
51 silly audit   extsprintf: [ '1.3.0' ],
51 silly audit   'fast-deep-equal': [ '3.1.3' ],
51 silly audit   'fast-json-stable-stringify': [ '2.1.0' ],
51 silly audit   'fetch-blob': [ '3.1.5' ],
51 silly audit   'fill-range': [ '7.0.1' ],
51 silly audit   finalhandler: [ '1.2.0' ],
51 silly audit   'forever-agent': [ '0.6.1' ],
51 silly audit   'form-data': [ '2.3.3' ],
51 silly audit   'formdata-polyfill': [ '4.0.10' ],
51 silly audit   forwarded: [ '0.2.0' ],
51 silly audit   fresh: [ '0.5.2' ],
51 silly audit   'function-bind': [ '1.1.1' ],
51 silly audit   'get-intrinsic': [ '1.1.1' ],
51 silly audit   getpass: [ '0.1.7' ],
51 silly audit   'glob-parent': [ '5.1.2' ],
51 silly audit   'global-dirs': [ '3.0.0' ],
51 silly audit   got: [ '9.6.0' ],
51 silly audit   'graceful-fs': [ '4.2.10' ],
51 silly audit   'har-schema': [ '2.0.0' ],
51 silly audit   'har-validator': [ '5.1.5' ],
51 silly audit   has: [ '1.0.3' ],
51 silly audit   'has-symbols': [ '1.0.3' ],
51 silly audit   'has-yarn': [ '2.1.0' ],
51 silly audit   'http-cache-semantics': [ '4.1.0' ],
51 silly audit   'http-errors': [ '2.0.0' ],
51 silly audit   'http-signature': [ '1.2.0' ],
51 silly audit   'iconv-lite': [ '0.4.24' ],
51 silly audit   'ignore-by-default': [ '1.0.1' ],
51 silly audit   immediate: [ '3.0.6' ],
51 silly audit   'import-lazy': [ '2.1.0' ],
51 silly audit   imurmurhash: [ '0.1.4' ],
51 silly audit   inherits: [ '2.0.4' ],
51 silly audit   ini: [ '2.0.0', '1.3.8' ],
51 silly audit   'ipaddr.js': [ '1.9.1' ],
51 silly audit   'is-binary-path': [ '2.1.0' ],
51 silly audit   'is-ci': [ '2.0.0' ],
51 silly audit   'is-extglob': [ '2.1.1' ],
51 silly audit   'is-fullwidth-code-point': [ '3.0.0' ],
51 silly audit   'is-glob': [ '4.0.3' ],
51 silly audit   'is-installed-globally': [ '0.4.0' ],
51 silly audit   'is-npm': [ '5.0.0' ],
51 silly audit   'is-number': [ '7.0.0' ],
51 silly audit   'is-obj': [ '2.0.0' ],
51 silly audit   'is-path-inside': [ '3.0.3' ],
51 silly audit   'is-typedarray': [ '1.0.0' ],
51 silly audit   'is-yarn-global': [ '0.3.0' ],
51 silly audit   isstream: [ '0.1.2' ],
51 silly audit   jsbn: [ '0.1.1' ],
51 silly audit   'json-buffer': [ '3.0.0' ],
51 silly audit   'json-schema': [ '0.4.0' ],
51 silly audit   'json-schema-traverse': [ '0.4.1' ],
51 silly audit   'json-stringify-safe': [ '5.0.1' ],
51 silly audit   jsprim: [ '1.4.2' ],
51 silly audit   keyv: [ '3.1.0' ],
51 silly audit   'latest-version': [ '5.1.0' ],
51 silly audit   lie: [ '3.1.1' ],
51 silly audit   localforage: [ '1.10.0' ],
51 silly audit   lodash: [ '4.17.21' ],
51 silly audit   'lru-cache': [ '6.0.0' ],
51 silly audit   'make-dir': [ '3.1.0' ],
51 silly audit   semver: [ '6.3.0', '5.7.1', '7.3.7' ],
51 silly audit   'media-typer': [ '0.3.0' ],
51 silly audit   'merge-descriptors': [ '1.0.1' ],
51 silly audit   methods: [ '1.1.2' ],
51 silly audit   mime: [ '1.6.0' ],
51 silly audit   'mime-db': [ '1.52.0' ],
51 silly audit   'mime-types': [ '2.1.35' ],
51 silly audit   'mimic-response': [ '1.0.1' ],
51 silly audit   minimatch: [ '3.1.2' ],
51 silly audit   minimist: [ '1.2.6' ],
51 silly audit   mkdirp: [ '0.5.6' ],
51 silly audit   ms: [ '2.0.0', '2.1.3' ],
51 silly audit   nedb: [ '1.8.0' ],
51 silly audit   negotiator: [ '0.6.3' ],
51 silly audit   'node-domexception': [ '1.0.0' ],
51 silly audit   'node-fetch': [ '3.2.5' ],
51 silly audit   nodemon: [ '2.0.16' ],
51 silly audit   nopt: [ '1.0.10' ],
51 silly audit   'normalize-path': [ '3.0.0' ],
51 silly audit   'normalize-url': [ '4.5.1' ],
51 silly audit   'oauth-sign': [ '0.9.0' ],
51 silly audit   'object-inspect': [ '1.12.2' ],
51 silly audit   'on-finished': [ '2.4.1' ],
51 silly audit   once: [ '1.4.0' ],
51 silly audit   'p-cancelable': [ '1.1.0' ],
51 silly audit   'package-json': [ '6.5.0' ],
51 silly audit   parseurl: [ '1.3.3' ],
51 silly audit   'path-to-regexp': [ '0.1.7' ],
51 silly audit   'performance-now': [ '2.1.0' ],
51 silly audit   picomatch: [ '2.3.1' ],
51 silly audit   'prepend-http': [ '2.0.0' ],
51 silly audit   'proxy-addr': [ '2.0.7' ],
51 silly audit   psl: [ '1.8.0' ],
51 silly audit   'pstree.remy': [ '1.1.8' ],
51 silly audit   pump: [ '3.0.0' ],
51 silly audit   punycode: [ '2.1.1' ],
51 silly audit   pupa: [ '2.1.1' ],
51 silly audit   qs: [ '6.10.3', '6.5.3' ],
51 silly audit   'range-parser': [ '1.2.1' ],
51 silly audit   'raw-body': [ '2.5.1' ],
51 silly audit   rc: [ '1.2.8' ],
51 silly audit   readdirp: [ '3.6.0' ],
51 silly audit   'registry-auth-token': [ '4.2.1' ],
51 silly audit   'registry-url': [ '5.1.0' ],
51 silly audit   request: [ '2.88.2' ],
51 silly audit   'request-promise': [ '4.2.6' ],
51 silly audit   'request-promise-core': [ '1.1.4' ],
51 silly audit   responselike: [ '1.0.2' ],
51 silly audit   'safe-buffer': [ '5.2.1' ],
51 silly audit   'safer-buffer': [ '2.1.2' ],
51 silly audit   'semver-diff': [ '3.1.1' ],
51 silly audit   send: [ '0.18.0' ],
51 silly audit   'serve-static': [ '1.15.0' ],
51 silly audit   setprototypeof: [ '1.2.0' ],
51 silly audit   'side-channel': [ '1.0.4' ],
51 silly audit   'signal-exit': [ '3.0.7' ],
51 silly audit   sshpk: [ '1.17.0' ],
51 silly audit   statuses: [ '2.0.1' ],
51 silly audit   'stealthy-require': [ '1.1.1' ],
51 silly audit   'string-width': [ '4.2.3' ],
51 silly audit   'strip-ansi': [ '6.0.1' ],
51 silly audit   'strip-json-comments': [ '2.0.1' ],
51 silly audit   stripe: [ '9.6.0' ],
51 silly audit   'to-readable-stream': [ '1.0.0' ],
51 silly audit   'to-regex-range': [ '5.0.1' ],
51 silly audit   toidentifier: [ '1.0.1' ],
51 silly audit   touch: [ '3.1.0' ],
51 silly audit   'tough-cookie': [ '2.5.0' ],
51 silly audit   'tunnel-agent': [ '0.6.0' ],
51 silly audit   tweetnacl: [ '0.14.5' ],
51 silly audit   'type-fest': [ '0.20.2' ],
51 silly audit   'type-is': [ '1.6.18' ],
51 silly audit   'typedarray-to-buffer': [ '3.1.5' ],
51 silly audit   undefsafe: [ '2.0.5' ],
51 silly audit   underscore: [ '1.4.4' ],
51 silly audit   'unique-string': [ '2.0.0' ],
51 silly audit   unpipe: [ '1.0.0' ],
51 silly audit   'update-notifier': [ '5.1.0' ],
51 silly audit   'uri-js': [ '4.4.1' ],
51 silly audit   'url-parse-lax': [ '3.0.0' ],
51 silly audit   'utils-merge': [ '1.0.1' ],
51 silly audit   uuid: [ '3.4.0' ],
51 silly audit   vary: [ '1.1.2' ],
51 silly audit   verror: [ '1.10.0' ],
51 silly audit   'web-streams-polyfill': [ '3.2.1' ],
51 silly audit   'widest-line': [ '3.1.0' ],
51 silly audit   'wrap-ansi': [ '7.0.0' ],
51 silly audit   wrappy: [ '1.0.2' ],
51 silly audit   'write-file-atomic': [ '3.0.3' ],
51 silly audit   'xdg-basedir': [ '4.0.0' ],
51 silly audit   yallist: [ '4.0.0' ]
51 silly audit }
52 timing reify:unpack Completed in 3ms
53 timing reify:unretire Completed in 0ms
54 timing build:queue Completed in 0ms
55 timing build:deps Completed in 0ms
56 timing build Completed in 0ms
57 timing reify:build Completed in 1ms
58 timing reify:trash Completed in 1ms
59 timing reify:save Completed in 63ms
60 http fetch POST 200 https://registry.npmjs.org/-/npm/v1/security/advisories/bulk 362ms
61 timing auditReport:getReport Completed in 368ms
62 silly audit report {
62 silly audit report   nedb: [
62 silly audit report     {
62 silly audit report       id: 1067828,
62 silly audit report       url: 'https://github.com/advisories/GHSA-339j-hqgx-qrrx',
62 silly audit report       title: 'Prototype Pollution',
62 silly audit report       severity: 'high',
62 silly audit report       vulnerable_versions: '<=1.8.0',
62 silly audit report       cwe: [Array],
62 silly audit report       cvss: [Object]
62 silly audit report     }
62 silly audit report   ],
62 silly audit report   underscore: [
62 silly audit report     {
62 silly audit report       id: 1068134,
62 silly audit report       url: 'https://github.com/advisories/GHSA-cf4h-3jhx-xvhq',
62 silly audit report       title: 'Arbitrary Code Execution in underscore',
62 silly audit report       severity: 'high',
62 silly audit report       vulnerable_versions: '>=1.3.2 <1.12.1',
62 silly audit report       cwe: [Array],
62 silly audit report       cvss: [Object]
62 silly audit report     }
62 silly audit report   ]
62 silly audit report }
63 timing metavuln:cache:get:security-advisory:nedb:3Z43GH9XaCaNUAuUBnayL3PH2z2etocPDSnCf6rpRtY2/wfil0oHam9KQi2x01UHXDMFldl7NfswARCyxvbzOw== Completed in 7ms
64 timing metavuln:cache:get:security-advisory:underscore:Gnjmi1IOOUemQLeLgz5wRwLH47Eo9UznXoQR7+paJUZ5akz/mDNxKZhNia4PfEO25soJ4Pui+zZrnP/UDRFcrg== Completed in 5ms
65 http fetch GET 200 https://registry.npmjs.org/underscore 44ms (cache revalidated)
66 timing metavuln:packument:underscore Completed in 44ms
67 timing metavuln:load:security-advisory:underscore:1068134 Completed in 2ms
68 timing metavuln:calculate:security-advisory:underscore:1068134 Completed in 47ms
69 http fetch GET 200 https://registry.npmjs.org/nedb 154ms (cache revalidated)
70 timing metavuln:packument:nedb Completed in 156ms
71 timing metavuln:load:security-advisory:nedb:1067828 Completed in 1ms
72 timing metavuln:calculate:security-advisory:nedb:1067828 Completed in 157ms
73 timing metavuln:cache:get:security-advisory:binary-search-tree:gj/ZEmOnT87Hvlmaq5yc1Mc1yNrFWUgiZcnN2xSDSTrQ8fhpNGy5r0Uh/bfbnXv0BfCvGw35yDKBdnTB/7PNfg== Completed in 3ms
74 timing metavuln:cache:get:security-advisory:nedb:zpLvV2oU0+mjzKzY5cf3zDYqg6J7Y/cXxuVgloEMJ1p9VEV+6PahjSlcvCdKCJ4tEs55a0kdoy+VTtH08HR2ug== Completed in 2ms
75 timing metavuln:load:security-advisory:nedb:Gnjmi1IOOUemQLeLgz5wRwLH47Eo9UznXoQR7+paJUZ5akz/mDNxKZhNia4PfEO25soJ4Pui+zZrnP/UDRFcrg== Completed in 1ms
76 timing metavuln:calculate:security-advisory:nedb:Gnjmi1IOOUemQLeLgz5wRwLH47Eo9UznXoQR7+paJUZ5akz/mDNxKZhNia4PfEO25soJ4Pui+zZrnP/UDRFcrg== Completed in 3ms
77 http fetch GET 200 https://registry.npmjs.org/binary-search-tree 40ms (cache revalidated)
78 timing metavuln:packument:binary-search-tree Completed in 41ms
79 timing metavuln:load:security-advisory:binary-search-tree:Gnjmi1IOOUemQLeLgz5wRwLH47Eo9UznXoQR7+paJUZ5akz/mDNxKZhNia4PfEO25soJ4Pui+zZrnP/UDRFcrg== Completed in 0ms
80 timing metavuln:calculate:security-advisory:binary-search-tree:Gnjmi1IOOUemQLeLgz5wRwLH47Eo9UznXoQR7+paJUZ5akz/mDNxKZhNia4PfEO25soJ4Pui+zZrnP/UDRFcrg== Completed in 41ms
81 timing metavuln:cache:get:security-advisory:nedb:EgKdVAjXCYxT+YQqZdvBgro00w/ewoshJrPXf5rUtNfmakI3rxA5GDWDAtKqSXozwLkvtAu7LB1jLLWBrn837A== Completed in 1ms
82 timing metavuln:load:security-advisory:nedb:gj/ZEmOnT87Hvlmaq5yc1Mc1yNrFWUgiZcnN2xSDSTrQ8fhpNGy5r0Uh/bfbnXv0BfCvGw35yDKBdnTB/7PNfg== Completed in 2ms
83 timing metavuln:calculate:security-advisory:nedb:gj/ZEmOnT87Hvlmaq5yc1Mc1yNrFWUgiZcnN2xSDSTrQ8fhpNGy5r0Uh/bfbnXv0BfCvGw35yDKBdnTB/7PNfg== Completed in 3ms
84 timing auditReport:init Completed in 203ms
85 timing reify:audit Completed in 572ms
86 timing reify Completed in 921ms
87 timing command:install Completed in 927ms
88 verbose stack Error: ENOENT: no such file or directory, open '/usr/share/nginx/html/package.json'
89 verbose cwd /usr/share/nginx/html
90 verbose Linux 3.10.0-1160.66.1.el7.x86_64
91 verbose node v16.15.1
92 verbose npm  v8.11.0
93 error code ENOENT
94 error syscall open
95 error path /usr/share/nginx/html/package.json
96 error errno -2
97 error enoent ENOENT: no such file or directory, open '/usr/share/nginx/html/package.json'
98 error enoent This is related to npm not being able to find a file.
98 error enoent
99 verbose exit -2
100 timing npm Completed in 1029ms
101 verbose code -2
102 error A complete log of this run can be found in:
102 error     /root/.npm/_logs/2022-06-08T02_41_15_832Z-debug-0.log
