0 verbose cli /usr/bin/node /usr/bin/npm
1 info using npm@8.11.0
2 info using node@v16.15.1
3 timing npm:load:whichnode Completed in 0ms
4 timing config:load:defaults Completed in 1ms
5 timing config:load:file:/usr/lib/node_modules/npm/npmrc Completed in 1ms
6 timing config:load:builtin Completed in 1ms
7 timing config:load:cli Completed in 2ms
8 timing config:load:env Completed in 0ms
9 timing config:load:file:/usr/share/nginx/html/.npmrc Completed in 0ms
10 timing config:load:project Completed in 15ms
11 timing config:load:file:/root/.npmrc Completed in 1ms
12 timing config:load:user Completed in 1ms
13 timing config:load:file:/usr/etc/npmrc Completed in 0ms
14 timing config:load:global Completed in 0ms
15 timing config:load:validate Completed in 0ms
16 timing config:load:credentials Completed in 1ms
17 timing config:load:setEnvs Completed in 1ms
18 timing config:load Completed in 22ms
19 timing npm:load:configload Completed in 23ms
20 timing npm:load:mkdirpcache Completed in 1ms
21 timing npm:load:mkdirplogs Completed in 0ms
22 verbose title npm install node-fetch
23 verbose argv "install" "node-fetch"
24 timing npm:load:setTitle Completed in 1ms
25 timing config:load:flatten Completed in 2ms
26 timing npm:load:display Completed in 4ms
27 verbose logfile logs-max:10 dir:/root/.npm/_logs
28 verbose logfile /root/.npm/_logs/2022-06-08T02_44_33_400Z-debug-0.log
29 timing npm:load:logFile Completed in 4ms
30 timing npm:load:timers Completed in 0ms
31 timing npm:load:configScope Completed in 0ms
32 timing npm:load Completed in 34ms
33 timing arborist:ctor Completed in 0ms
34 silly logfile done cleaning log files
35 timing idealTree:init Completed in 89ms
36 timing idealTree:userRequests Completed in 2ms
37 silly idealTree buildDeps
38 silly fetch manifest node-fetch@*
39 timing arborist:ctor Completed in 0ms
40 http fetch GET 200 https://registry.npmjs.org/node-fetch 128ms (cache miss)
41 silly placeDep ROOT node-fetch@3.2.5 OK for:  want: *
42 silly fetch manifest data-uri-to-buffer@^4.0.0
43 silly fetch manifest fetch-blob@^3.1.4
44 silly fetch manifest formdata-polyfill@^4.0.10
45 http fetch GET 200 https://registry.npmjs.org/data-uri-to-buffer 31ms (cache miss)
46 http fetch GET 200 https://registry.npmjs.org/fetch-blob 39ms (cache miss)
47 http fetch GET 200 https://registry.npmjs.org/formdata-polyfill 48ms (cache miss)
48 timing idealTree:#root Completed in 186ms
49 silly placeDep ROOT data-uri-to-buffer@4.0.0 OK for: node-fetch@3.2.5 want: ^4.0.0
50 silly placeDep ROOT fetch-blob@3.1.5 OK for: node-fetch@3.2.5 want: ^3.1.4
51 silly placeDep ROOT formdata-polyfill@4.0.10 OK for: node-fetch@3.2.5 want: ^4.0.10
52 silly fetch manifest node-domexception@^1.0.0
53 silly fetch manifest web-streams-polyfill@^3.0.3
54 http fetch GET 200 https://registry.npmjs.org/node-domexception 38ms (cache miss)
55 http fetch GET 200 https://registry.npmjs.org/web-streams-polyfill 40ms (cache miss)
56 timing idealTree:node_modules/node-fetch Completed in 47ms
57 timing idealTree:node_modules/data-uri-to-buffer Completed in 0ms
58 silly placeDep ROOT node-domexception@1.0.0 OK for: fetch-blob@3.1.5 want: ^1.0.0
59 silly placeDep ROOT web-streams-polyfill@3.2.1 OK for: fetch-blob@3.1.5 want: ^3.0.3
60 timing idealTree:node_modules/fetch-blob Completed in 5ms
61 timing idealTree:node_modules/formdata-polyfill Completed in 0ms
62 timing idealTree:node_modules/node-domexception Completed in 0ms
63 timing idealTree:node_modules/web-streams-polyfill Completed in 0ms
64 timing idealTree:buildDeps Completed in 239ms
65 timing idealTree:fixDepFlags Completed in 3ms
66 timing idealTree Completed in 340ms
67 timing reify:loadTrees Completed in 342ms
68 timing reify:diffTrees Completed in 9ms
69 silly reify moves {}
70 timing reify:retireShallow Completed in 1ms
71 timing reify:createSparse Completed in 2ms
72 timing reify:loadBundles Completed in 0ms
73 silly audit bulk request {
73 silly audit   '@sindresorhus/is': [ '0.14.0' ],
73 silly audit   '@szmarczak/http-timer': [ '1.1.2' ],
73 silly audit   abbrev: [ '1.1.1' ],
73 silly audit   'ansi-align': [ '3.0.1' ],
73 silly audit   'ansi-regex': [ '5.0.1' ],
73 silly audit   'ansi-styles': [ '4.3.0' ],
73 silly audit   anymatch: [ '3.1.2' ],
73 silly audit   async: [ '0.2.10' ],
73 silly audit   'balanced-match': [ '1.0.2' ],
73 silly audit   'binary-extensions': [ '2.2.0' ],
73 silly audit   'binary-search-tree': [ '0.2.5' ],
73 silly audit   boxen: [ '5.1.2' ],
73 silly audit   'brace-expansion': [ '1.1.11' ],
73 silly audit   braces: [ '3.0.2' ],
73 silly audit   'cacheable-request': [ '6.1.0' ],
73 silly audit   'get-stream': [ '5.2.0', '4.1.0' ],
73 silly audit   'lowercase-keys': [ '2.0.0', '1.0.1' ],
73 silly audit   camelcase: [ '6.3.0' ],
73 silly audit   chalk: [ '4.1.2' ],
73 silly audit   'has-flag': [ '4.0.0', '3.0.0' ],
73 silly audit   'supports-color': [ '7.2.0', '5.5.0' ],
73 silly audit   chokidar: [ '3.5.3' ],
73 silly audit   'ci-info': [ '2.0.0' ],
73 silly audit   'cli-boxes': [ '2.2.1' ],
73 silly audit   'clone-response': [ '1.0.2' ],
73 silly audit   'color-convert': [ '2.0.1' ],
73 silly audit   'color-name': [ '1.1.4' ],
73 silly audit   'concat-map': [ '0.0.1' ],
73 silly audit   configstore: [ '5.0.1' ],
73 silly audit   'crypto-random-string': [ '2.0.0' ],
73 silly audit   'decompress-response': [ '3.3.0' ],
73 silly audit   'deep-extend': [ '0.6.0' ],
73 silly audit   'defer-to-connect': [ '1.1.3' ],
73 silly audit   'dot-prop': [ '5.3.0' ],
73 silly audit   duplexer3: [ '0.1.4' ],
73 silly audit   'emoji-regex': [ '8.0.0' ],
73 silly audit   'end-of-stream': [ '1.4.4' ],
73 silly audit   'escape-goat': [ '2.1.1' ],
73 silly audit   'fill-range': [ '7.0.1' ],
73 silly audit   'glob-parent': [ '5.1.2' ],
73 silly audit   'global-dirs': [ '3.0.0' ],
73 silly audit   got: [ '9.6.0' ],
73 silly audit   'graceful-fs': [ '4.2.10' ],
73 silly audit   'has-yarn': [ '2.1.0' ],
73 silly audit   'http-cache-semantics': [ '4.1.0' ],
73 silly audit   'ignore-by-default': [ '1.0.1' ],
73 silly audit   immediate: [ '3.0.6' ],
73 silly audit   'import-lazy': [ '2.1.0' ],
73 silly audit   imurmurhash: [ '0.1.4' ],
73 silly audit   ini: [ '2.0.0', '1.3.8' ],
73 silly audit   'is-binary-path': [ '2.1.0' ],
73 silly audit   'is-ci': [ '2.0.0' ],
73 silly audit   'is-extglob': [ '2.1.1' ],
73 silly audit   'is-fullwidth-code-point': [ '3.0.0' ],
73 silly audit   'is-glob': [ '4.0.3' ],
73 silly audit   'is-installed-globally': [ '0.4.0' ],
73 silly audit   'is-npm': [ '5.0.0' ],
73 silly audit   'is-number': [ '7.0.0' ],
73 silly audit   'is-obj': [ '2.0.0' ],
73 silly audit   'is-path-inside': [ '3.0.3' ],
73 silly audit   'is-typedarray': [ '1.0.0' ],
73 silly audit   'is-yarn-global': [ '0.3.0' ],
73 silly audit   'json-buffer': [ '3.0.0' ],
73 silly audit   keyv: [ '3.1.0' ],
73 silly audit   'latest-version': [ '5.1.0' ],
73 silly audit   lie: [ '3.1.1' ],
73 silly audit   localforage: [ '1.10.0' ],
73 silly audit   'lru-cache': [ '6.0.0' ],
73 silly audit   'make-dir': [ '3.1.0' ],
73 silly audit   semver: [ '6.3.0', '5.7.1', '7.3.7' ],
73 silly audit   'mimic-response': [ '1.0.1' ],
73 silly audit   minimatch: [ '3.1.2' ],
73 silly audit   minimist: [ '1.2.6' ],
73 silly audit   mkdirp: [ '0.5.6' ],
73 silly audit   nedb: [ '1.8.0' ],
73 silly audit   nodemon: [ '2.0.16' ],
73 silly audit   debug: [ '3.2.7' ],
73 silly audit   ms: [ '2.1.3' ],
73 silly audit   nopt: [ '1.0.10' ],
73 silly audit   'normalize-path': [ '3.0.0' ],
73 silly audit   'normalize-url': [ '4.5.1' ],
73 silly audit   once: [ '1.4.0' ],
73 silly audit   'p-cancelable': [ '1.1.0' ],
73 silly audit   'package-json': [ '6.5.0' ],
73 silly audit   picomatch: [ '2.3.1' ],
73 silly audit   'prepend-http': [ '2.0.0' ],
73 silly audit   'pstree.remy': [ '1.1.8' ],
73 silly audit   pump: [ '3.0.0' ],
73 silly audit   pupa: [ '2.1.1' ],
73 silly audit   rc: [ '1.2.8' ],
73 silly audit   readdirp: [ '3.6.0' ],
73 silly audit   'registry-auth-token': [ '4.2.1' ],
73 silly audit   'registry-url': [ '5.1.0' ],
73 silly audit   responselike: [ '1.0.2' ],
73 silly audit   'semver-diff': [ '3.1.1' ],
73 silly audit   'signal-exit': [ '3.0.7' ],
73 silly audit   'string-width': [ '4.2.3' ],
73 silly audit   'strip-ansi': [ '6.0.1' ],
73 silly audit   'strip-json-comments': [ '2.0.1' ],
73 silly audit   'to-readable-stream': [ '1.0.0' ],
73 silly audit   'to-regex-range': [ '5.0.1' ],
73 silly audit   touch: [ '3.1.0' ],
73 silly audit   'type-fest': [ '0.20.2' ],
73 silly audit   'typedarray-to-buffer': [ '3.1.5' ],
73 silly audit   undefsafe: [ '2.0.5' ],
73 silly audit   underscore: [ '1.4.4' ],
73 silly audit   'unique-string': [ '2.0.0' ],
73 silly audit   'update-notifier': [ '5.1.0' ],
73 silly audit   'url-parse-lax': [ '3.0.0' ],
73 silly audit   'widest-line': [ '3.1.0' ],
73 silly audit   'wrap-ansi': [ '7.0.0' ],
73 silly audit   wrappy: [ '1.0.2' ],
73 silly audit   'write-file-atomic': [ '3.0.3' ],
73 silly audit   'xdg-basedir': [ '4.0.0' ],
73 silly audit   yallist: [ '4.0.0' ],
73 silly audit   'node-fetch': [ '3.2.5' ],
73 silly audit   'data-uri-to-buffer': [ '4.0.0' ],
73 silly audit   'fetch-blob': [ '3.1.5' ],
73 silly audit   'formdata-polyfill': [ '4.0.10' ],
73 silly audit   'node-domexception': [ '1.0.0' ],
73 silly audit   'web-streams-polyfill': [ '3.2.1' ]
73 silly audit }
74 http fetch POST 200 https://registry.npmjs.org/-/npm/v1/security/advisories/bulk 75ms
75 timing auditReport:getReport Completed in 81ms
76 silly audit report {
76 silly audit report   nedb: [
76 silly audit report     {
76 silly audit report       id: 1067828,
76 silly audit report       url: 'https://github.com/advisories/GHSA-339j-hqgx-qrrx',
76 silly audit report       title: 'Prototype Pollution',
76 silly audit report       severity: 'high',
76 silly audit report       vulnerable_versions: '<=1.8.0',
76 silly audit report       cwe: [Array],
76 silly audit report       cvss: [Object]
76 silly audit report     }
76 silly audit report   ],
76 silly audit report   underscore: [
76 silly audit report     {
76 silly audit report       id: 1068134,
76 silly audit report       url: 'https://github.com/advisories/GHSA-cf4h-3jhx-xvhq',
76 silly audit report       title: 'Arbitrary Code Execution in underscore',
76 silly audit report       severity: 'high',
76 silly audit report       vulnerable_versions: '>=1.3.2 <1.12.1',
76 silly audit report       cwe: [Array],
76 silly audit report       cvss: [Object]
76 silly audit report     }
76 silly audit report   ]
76 silly audit report }
77 timing reifyNode:node_modules/formdata-polyfill Completed in 78ms
78 timing reifyNode:node_modules/fetch-blob Completed in 78ms
79 timing metavuln:cache:get:security-advisory:nedb:3Z43GH9XaCaNUAuUBnayL3PH2z2etocPDSnCf6rpRtY2/wfil0oHam9KQi2x01UHXDMFldl7NfswARCyxvbzOw== Completed in 8ms
80 timing metavuln:cache:get:security-advisory:underscore:Gnjmi1IOOUemQLeLgz5wRwLH47Eo9UznXoQR7+paJUZ5akz/mDNxKZhNia4PfEO25soJ4Pui+zZrnP/UDRFcrg== Completed in 8ms
81 timing reifyNode:node_modules/data-uri-to-buffer Completed in 82ms
82 http fetch GET 200 https://registry.npmjs.org/nedb 41ms (cache hit)
83 timing metavuln:packument:nedb Completed in 43ms
84 timing metavuln:load:security-advisory:nedb:1067828 Completed in 1ms
85 timing metavuln:calculate:security-advisory:nedb:1067828 Completed in 44ms
86 http fetch GET 200 https://registry.npmjs.org/underscore 43ms (cache hit)
87 timing metavuln:packument:underscore Completed in 44ms
88 timing metavuln:load:security-advisory:underscore:1068134 Completed in 0ms
89 timing metavuln:calculate:security-advisory:underscore:1068134 Completed in 45ms
90 timing reifyNode:node_modules/node-fetch Completed in 131ms
91 timing metavuln:cache:get:security-advisory:binary-search-tree:gj/ZEmOnT87Hvlmaq5yc1Mc1yNrFWUgiZcnN2xSDSTrQ8fhpNGy5r0Uh/bfbnXv0BfCvGw35yDKBdnTB/7PNfg== Completed in 7ms
92 timing metavuln:cache:get:security-advisory:nedb:zpLvV2oU0+mjzKzY5cf3zDYqg6J7Y/cXxuVgloEMJ1p9VEV+6PahjSlcvCdKCJ4tEs55a0kdoy+VTtH08HR2ug== Completed in 6ms
93 timing metavuln:load:security-advisory:nedb:Gnjmi1IOOUemQLeLgz5wRwLH47Eo9UznXoQR7+paJUZ5akz/mDNxKZhNia4PfEO25soJ4Pui+zZrnP/UDRFcrg== Completed in 1ms
94 timing metavuln:calculate:security-advisory:nedb:Gnjmi1IOOUemQLeLgz5wRwLH47Eo9UznXoQR7+paJUZ5akz/mDNxKZhNia4PfEO25soJ4Pui+zZrnP/UDRFcrg== Completed in 7ms
95 timing reifyNode:node_modules/node-domexception Completed in 135ms
96 http fetch GET 200 https://registry.npmjs.org/binary-search-tree 10ms (cache hit)
97 timing metavuln:packument:binary-search-tree Completed in 12ms
98 timing metavuln:load:security-advisory:binary-search-tree:Gnjmi1IOOUemQLeLgz5wRwLH47Eo9UznXoQR7+paJUZ5akz/mDNxKZhNia4PfEO25soJ4Pui+zZrnP/UDRFcrg== Completed in 0ms
99 timing metavuln:calculate:security-advisory:binary-search-tree:Gnjmi1IOOUemQLeLgz5wRwLH47Eo9UznXoQR7+paJUZ5akz/mDNxKZhNia4PfEO25soJ4Pui+zZrnP/UDRFcrg== Completed in 12ms
100 timing metavuln:cache:get:security-advisory:nedb:EgKdVAjXCYxT+YQqZdvBgro00w/ewoshJrPXf5rUtNfmakI3rxA5GDWDAtKqSXozwLkvtAu7LB1jLLWBrn837A== Completed in 1ms
101 timing metavuln:load:security-advisory:nedb:gj/ZEmOnT87Hvlmaq5yc1Mc1yNrFWUgiZcnN2xSDSTrQ8fhpNGy5r0Uh/bfbnXv0BfCvGw35yDKBdnTB/7PNfg== Completed in 1ms
102 timing metavuln:calculate:security-advisory:nedb:gj/ZEmOnT87Hvlmaq5yc1Mc1yNrFWUgiZcnN2xSDSTrQ8fhpNGy5r0Uh/bfbnXv0BfCvGw35yDKBdnTB/7PNfg== Completed in 2ms
103 timing auditReport:init Completed in 68ms
104 timing reify:audit Completed in 149ms
105 timing reifyNode:node_modules/web-streams-polyfill Completed in 173ms
106 timing reify:unpack Completed in 173ms
107 timing reify:unretire Completed in 0ms
108 timing build:queue Completed in 1ms
109 timing build:deps Completed in 1ms
110 timing build Completed in 1ms
111 timing reify:build Completed in 2ms
112 timing reify:trash Completed in 0ms
113 timing reify:save Completed in 28ms
114 timing reify Completed in 589ms
115 silly ADD node_modules/web-streams-polyfill
116 silly ADD node_modules/node-domexception
117 silly ADD node_modules/formdata-polyfill
118 silly ADD node_modules/fetch-blob
119 silly ADD node_modules/data-uri-to-buffer
120 silly ADD node_modules/node-fetch
121 timing command:install Completed in 599ms
122 verbose exit 0
123 timing npm Completed in 686ms
124 info ok
