0 verbose cli /usr/bin/node /usr/bin/npm
1 info using npm@8.11.0
2 info using node@v16.15.1
3 timing npm:load:whichnode Completed in 1ms
4 timing config:load:defaults Completed in 2ms
5 timing config:load:file:/usr/lib/node_modules/npm/npmrc Completed in 1ms
6 timing config:load:builtin Completed in 1ms
7 timing config:load:cli Completed in 2ms
8 timing config:load:env Completed in 0ms
9 timing config:load:file:/usr/share/nginx/html/.npmrc Completed in 0ms
10 timing config:load:project Completed in 17ms
11 timing config:load:file:/root/.npmrc Completed in 0ms
12 timing config:load:user Completed in 0ms
13 timing config:load:file:/usr/etc/npmrc Completed in 0ms
14 timing config:load:global Completed in 0ms
15 timing config:load:validate Completed in 0ms
16 timing config:load:credentials Completed in 1ms
17 timing config:load:setEnvs Completed in 1ms
18 timing config:load Completed in 25ms
19 timing npm:load:configload Completed in 25ms
20 timing npm:load:mkdirpcache Completed in 1ms
21 timing npm:load:mkdirplogs Completed in 0ms
22 verbose title npm install express
23 verbose argv "install" "express"
24 timing npm:load:setTitle Completed in 1ms
25 timing config:load:flatten Completed in 3ms
26 timing npm:load:display Completed in 4ms
27 verbose logfile logs-max:10 dir:/root/.npm/_logs
28 verbose logfile /root/.npm/_logs/2022-06-08T02_46_53_011Z-debug-0.log
29 timing npm:load:logFile Completed in 5ms
30 timing npm:load:timers Completed in 0ms
31 timing npm:load:configScope Completed in 0ms
32 timing npm:load Completed in 38ms
33 timing arborist:ctor Completed in 0ms
34 silly logfile start cleaning logs, removing 1 files
35 silly logfile done cleaning log files
36 timing idealTree:init Completed in 151ms
37 timing idealTree:userRequests Completed in 2ms
38 silly idealTree buildDeps
39 silly fetch manifest express@*
40 timing arborist:ctor Completed in 0ms
41 http fetch GET 200 https://registry.npmjs.org/express 157ms (cache miss)
42 silly placeDep ROOT express@4.18.1 OK for:  want: *
43 silly fetch manifest accepts@~1.3.8
44 silly fetch manifest array-flatten@1.1.1
45 silly fetch manifest body-parser@1.20.0
46 silly fetch manifest content-disposition@0.5.4
47 silly fetch manifest content-type@~1.0.4
48 silly fetch manifest cookie@0.5.0
49 silly fetch manifest cookie-signature@1.0.6
50 silly fetch manifest debug@2.6.9
51 silly fetch manifest depd@2.0.0
52 silly fetch manifest encodeurl@~1.0.2
53 silly fetch manifest escape-html@~1.0.3
54 silly fetch manifest etag@~1.8.1
55 silly fetch manifest finalhandler@1.2.0
56 silly fetch manifest fresh@0.5.2
57 silly fetch manifest http-errors@2.0.0
58 silly fetch manifest merge-descriptors@1.0.1
59 silly fetch manifest methods@~1.1.2
60 silly fetch manifest on-finished@2.4.1
61 silly fetch manifest parseurl@~1.3.3
62 silly fetch manifest path-to-regexp@0.1.7
63 silly fetch manifest proxy-addr@~2.0.7
64 silly fetch manifest qs@6.10.3
65 silly fetch manifest range-parser@~1.2.1
66 silly fetch manifest send@0.18.0
67 silly fetch manifest serve-static@1.15.0
68 silly fetch manifest setprototypeof@1.2.0
69 silly fetch manifest statuses@2.0.1
70 silly fetch manifest type-is@~1.6.18
71 silly fetch manifest utils-merge@1.0.1
72 silly fetch manifest vary@~1.1.2
73 http fetch GET 200 https://registry.npmjs.org/accepts 86ms (cache miss)
74 http fetch GET 200 https://registry.npmjs.org/qs 87ms (cache hit)
75 http fetch GET 200 https://registry.npmjs.org/merge-descriptors 184ms (cache miss)
76 http fetch GET 200 https://registry.npmjs.org/escape-html 188ms (cache miss)
77 http fetch GET 200 https://registry.npmjs.org/content-type 193ms (cache miss)
78 http fetch GET 200 https://registry.npmjs.org/content-disposition 196ms (cache miss)
79 http fetch GET 200 https://registry.npmjs.org/encodeurl 194ms (cache miss)
80 http fetch GET 200 https://registry.npmjs.org/methods 191ms (cache miss)
81 http fetch GET 200 https://registry.npmjs.org/utils-merge 180ms (cache miss)
82 http fetch GET 200 https://registry.npmjs.org/vary 181ms (cache miss)
83 http fetch GET 200 https://registry.npmjs.org/array-flatten 203ms (cache miss)
84 http fetch GET 200 https://registry.npmjs.org/depd 201ms (cache miss)
85 http fetch GET 200 https://registry.npmjs.org/range-parser 192ms (cache miss)
86 http fetch GET 200 https://registry.npmjs.org/fresh 199ms (cache miss)
87 http fetch GET 200 https://registry.npmjs.org/parseurl 198ms (cache miss)
88 http fetch GET 200 https://registry.npmjs.org/etag 206ms (cache miss)
89 http fetch GET 200 https://registry.npmjs.org/on-finished 203ms (cache miss)
90 http fetch GET 200 https://registry.npmjs.org/setprototypeof 197ms (cache miss)
91 http fetch GET 200 https://registry.npmjs.org/cookie-signature 212ms (cache miss)
92 http fetch GET 200 https://registry.npmjs.org/cookie 213ms (cache miss)
93 http fetch GET 200 https://registry.npmjs.org/type-is 199ms (cache miss)
94 http fetch GET 200 https://registry.npmjs.org/statuses 201ms (cache miss)
95 http fetch GET 200 https://registry.npmjs.org/proxy-addr 208ms (cache miss)
96 http fetch GET 200 https://registry.npmjs.org/finalhandler 216ms (cache miss)
97 http fetch GET 200 https://registry.npmjs.org/http-errors 217ms (cache miss)
98 http fetch GET 200 https://registry.npmjs.org/serve-static 210ms (cache miss)
99 http fetch GET 200 https://registry.npmjs.org/send 215ms (cache miss)
100 http fetch GET 200 https://registry.npmjs.org/path-to-regexp 220ms (cache miss)
101 http fetch GET 200 https://registry.npmjs.org/body-parser 230ms (cache miss)
102 http fetch GET 200 https://registry.npmjs.org/debug 230ms (cache miss)
103 timing idealTree:#root Completed in 405ms
104 silly placeDep ROOT accepts@1.3.8 OK for: express@4.18.1 want: ~1.3.8
105 silly placeDep ROOT array-flatten@1.1.1 OK for: express@4.18.1 want: 1.1.1
106 silly placeDep ROOT body-parser@1.20.0 OK for: express@4.18.1 want: 1.20.0
107 silly placeDep ROOT content-disposition@0.5.4 OK for: express@4.18.1 want: 0.5.4
108 silly placeDep ROOT content-type@1.0.4 OK for: express@4.18.1 want: ~1.0.4
109 silly placeDep ROOT cookie@0.5.0 OK for: express@4.18.1 want: 0.5.0
110 silly placeDep ROOT cookie-signature@1.0.6 OK for: express@4.18.1 want: 1.0.6
111 silly placeDep ROOT debug@2.6.9 OK for: express@4.18.1 want: 2.6.9
112 silly placeDep ROOT depd@2.0.0 OK for: express@4.18.1 want: 2.0.0
113 silly placeDep ROOT encodeurl@1.0.2 OK for: express@4.18.1 want: ~1.0.2
114 silly placeDep ROOT escape-html@1.0.3 OK for: express@4.18.1 want: ~1.0.3
115 silly placeDep ROOT etag@1.8.1 OK for: express@4.18.1 want: ~1.8.1
116 silly placeDep ROOT finalhandler@1.2.0 OK for: express@4.18.1 want: 1.2.0
117 silly placeDep ROOT fresh@0.5.2 OK for: express@4.18.1 want: 0.5.2
118 silly placeDep ROOT http-errors@2.0.0 OK for: express@4.18.1 want: 2.0.0
119 silly placeDep ROOT merge-descriptors@1.0.1 OK for: express@4.18.1 want: 1.0.1
120 silly placeDep ROOT methods@1.1.2 OK for: express@4.18.1 want: ~1.1.2
121 silly placeDep ROOT on-finished@2.4.1 OK for: express@4.18.1 want: 2.4.1
122 silly placeDep ROOT parseurl@1.3.3 OK for: express@4.18.1 want: ~1.3.3
123 silly placeDep ROOT path-to-regexp@0.1.7 OK for: express@4.18.1 want: 0.1.7
124 silly placeDep ROOT proxy-addr@2.0.7 OK for: express@4.18.1 want: ~2.0.7
125 silly placeDep node_modules/express qs@6.10.3 OK for: express@4.18.1 want: 6.10.3
126 silly placeDep ROOT range-parser@1.2.1 OK for: express@4.18.1 want: ~1.2.1
127 silly placeDep ROOT send@0.18.0 OK for: express@4.18.1 want: 0.18.0
128 silly placeDep ROOT serve-static@1.15.0 OK for: express@4.18.1 want: 1.15.0
129 silly placeDep ROOT setprototypeof@1.2.0 OK for: express@4.18.1 want: 1.2.0
130 silly placeDep ROOT statuses@2.0.1 OK for: express@4.18.1 want: 2.0.1
131 silly placeDep ROOT type-is@1.6.18 OK for: express@4.18.1 want: ~1.6.18
132 silly placeDep ROOT utils-merge@1.0.1 OK for: express@4.18.1 want: 1.0.1
133 silly placeDep ROOT vary@1.1.2 OK for: express@4.18.1 want: ~1.1.2
134 silly fetch manifest negotiator@0.6.3
135 silly fetch manifest bytes@3.1.2
136 silly fetch manifest destroy@1.2.0
137 silly fetch manifest iconv-lite@0.4.24
138 silly fetch manifest raw-body@2.5.1
139 silly fetch manifest unpipe@1.0.0
140 silly fetch manifest ms@2.0.0
141 silly fetch manifest unpipe@~1.0.0
142 silly fetch manifest inherits@2.0.4
143 silly fetch manifest toidentifier@1.0.1
144 silly fetch manifest ee-first@1.1.1
145 silly fetch manifest forwarded@0.2.0
146 silly fetch manifest ipaddr.js@1.9.1
147 silly fetch manifest side-channel@^1.0.4
148 silly fetch manifest mime@1.6.0
149 silly fetch manifest ms@2.1.3
150 silly fetch manifest media-typer@0.3.0
151 http fetch GET 200 https://registry.npmjs.org/negotiator 93ms (cache miss)
152 http fetch GET 200 https://registry.npmjs.org/unpipe 109ms (cache miss)
153 http fetch GET 200 https://registry.npmjs.org/side-channel 106ms (cache miss)
154 http fetch GET 200 https://registry.npmjs.org/unpipe 112ms (cache miss)
155 http fetch GET 200 https://registry.npmjs.org/toidentifier 113ms (cache miss)
156 http fetch GET 200 https://registry.npmjs.org/destroy 121ms (cache miss)
157 http fetch GET 200 https://registry.npmjs.org/bytes 126ms (cache miss)
158 http fetch GET 200 https://registry.npmjs.org/forwarded 129ms (cache miss)
159 http fetch GET 200 https://registry.npmjs.org/ms 126ms (cache miss)
160 http fetch GET 200 https://registry.npmjs.org/inherits 142ms (cache miss)
161 http fetch GET 200 https://registry.npmjs.org/ee-first 142ms (cache miss)
162 http fetch GET 200 https://registry.npmjs.org/media-typer 134ms (cache miss)
163 http fetch GET 200 https://registry.npmjs.org/iconv-lite 152ms (cache miss)
164 http fetch GET 200 https://registry.npmjs.org/ms 150ms (cache miss)
165 http fetch GET 200 https://registry.npmjs.org/raw-body 152ms (cache miss)
166 http fetch GET 200 https://registry.npmjs.org/ipaddr.js 147ms (cache miss)
167 http fetch GET 200 https://registry.npmjs.org/mime 146ms (cache miss)
168 timing idealTree:node_modules/express Completed in 213ms
169 silly placeDep ROOT negotiator@0.6.3 OK for: accepts@1.3.8 want: 0.6.3
170 timing idealTree:node_modules/accepts Completed in 1ms
171 timing idealTree:node_modules/array-flatten Completed in 0ms
172 silly placeDep ROOT bytes@3.1.2 OK for: body-parser@1.20.0 want: 3.1.2
173 silly placeDep ROOT destroy@1.2.0 OK for: body-parser@1.20.0 want: 1.2.0
174 silly placeDep ROOT iconv-lite@0.4.24 OK for: body-parser@1.20.0 want: 0.4.24
175 silly placeDep node_modules/body-parser qs@6.10.3 OK for: body-parser@1.20.0 want: 6.10.3
176 silly placeDep ROOT raw-body@2.5.1 OK for: body-parser@1.20.0 want: 2.5.1
177 silly placeDep ROOT unpipe@1.0.0 OK for: body-parser@1.20.0 want: 1.0.0
178 timing idealTree:node_modules/body-parser Completed in 6ms
179 timing idealTree:node_modules/bytes Completed in 0ms
180 timing idealTree:node_modules/content-disposition Completed in 0ms
181 timing idealTree:node_modules/content-type Completed in 0ms
182 timing idealTree:node_modules/cookie Completed in 0ms
183 timing idealTree:node_modules/cookie-signature Completed in 0ms
184 silly placeDep ROOT ms@2.0.0 OK for: debug@2.6.9 want: 2.0.0
185 timing idealTree:node_modules/debug Completed in 2ms
186 timing idealTree:node_modules/depd Completed in 0ms
187 timing idealTree:node_modules/destroy Completed in 0ms
188 timing idealTree:node_modules/encodeurl Completed in 0ms
189 timing idealTree:node_modules/escape-html Completed in 0ms
190 timing idealTree:node_modules/etag Completed in 0ms
191 timing idealTree:node_modules/finalhandler Completed in 0ms
192 timing idealTree:node_modules/fresh Completed in 0ms
193 silly placeDep ROOT inherits@2.0.4 OK for: http-errors@2.0.0 want: 2.0.4
194 silly placeDep ROOT toidentifier@1.0.1 OK for: http-errors@2.0.0 want: 1.0.1
195 timing idealTree:node_modules/http-errors Completed in 2ms
196 timing idealTree:node_modules/iconv-lite Completed in 0ms
197 timing idealTree:node_modules/inherits Completed in 0ms
198 timing idealTree:node_modules/merge-descriptors Completed in 0ms
199 timing idealTree:node_modules/methods Completed in 0ms
200 timing idealTree:node_modules/ms Completed in 0ms
201 timing idealTree:node_modules/negotiator Completed in 0ms
202 silly placeDep ROOT ee-first@1.1.1 OK for: on-finished@2.4.1 want: 1.1.1
203 timing idealTree:node_modules/on-finished Completed in 1ms
204 timing idealTree:node_modules/ee-first Completed in 0ms
205 timing idealTree:node_modules/parseurl Completed in 0ms
206 timing idealTree:node_modules/path-to-regexp Completed in 0ms
207 silly placeDep ROOT forwarded@0.2.0 OK for: proxy-addr@2.0.7 want: 0.2.0
208 silly placeDep ROOT ipaddr.js@1.9.1 OK for: proxy-addr@2.0.7 want: 1.9.1
209 timing idealTree:node_modules/proxy-addr Completed in 1ms
210 timing idealTree:node_modules/forwarded Completed in 0ms
211 timing idealTree:node_modules/ipaddr.js Completed in 0ms
212 timing idealTree:node_modules/range-parser Completed in 0ms
213 timing idealTree:node_modules/raw-body Completed in 0ms
214 silly placeDep ROOT mime@1.6.0 OK for: send@0.18.0 want: 1.6.0
215 silly placeDep node_modules/send ms@2.1.3 OK for: send@0.18.0 want: 2.1.3
216 timing idealTree:node_modules/send Completed in 2ms
217 timing idealTree:node_modules/mime Completed in 0ms
218 timing idealTree:node_modules/serve-static Completed in 0ms
219 timing idealTree:node_modules/setprototypeof Completed in 0ms
220 timing idealTree:node_modules/statuses Completed in 0ms
221 timing idealTree:node_modules/toidentifier Completed in 0ms
222 silly placeDep ROOT media-typer@0.3.0 OK for: type-is@1.6.18 want: 0.3.0
223 timing idealTree:node_modules/type-is Completed in 1ms
224 timing idealTree:node_modules/media-typer Completed in 0ms
225 timing idealTree:node_modules/unpipe Completed in 0ms
226 timing idealTree:node_modules/utils-merge Completed in 0ms
227 timing idealTree:node_modules/vary Completed in 0ms
228 silly placeDep ROOT side-channel@1.0.4 OK for: qs@6.10.3 want: ^1.0.4
229 silly fetch manifest call-bind@^1.0.0
230 silly fetch manifest get-intrinsic@^1.0.2
231 silly fetch manifest object-inspect@^1.9.0
232 http fetch GET 200 https://registry.npmjs.org/get-intrinsic 24ms (cache miss)
233 http fetch GET 200 https://registry.npmjs.org/object-inspect 31ms (cache miss)
234 http fetch GET 200 https://registry.npmjs.org/call-bind 91ms (cache miss)
235 timing idealTree:node_modules/body-parser/node_modules/qs Completed in 100ms
236 silly placeDep ROOT call-bind@1.0.2 OK for: side-channel@1.0.4 want: ^1.0.0
237 silly placeDep ROOT get-intrinsic@1.1.1 OK for: side-channel@1.0.4 want: ^1.0.2
238 silly placeDep ROOT object-inspect@1.12.2 OK for: side-channel@1.0.4 want: ^1.9.0
239 silly fetch manifest function-bind@^1.1.1
240 silly fetch manifest has@^1.0.3
241 silly fetch manifest has-symbols@^1.0.1
242 http fetch GET 200 https://registry.npmjs.org/has 26ms (cache miss)
243 http fetch GET 200 https://registry.npmjs.org/has-symbols 26ms (cache miss)
244 http fetch GET 200 https://registry.npmjs.org/function-bind 52ms (cache miss)
245 timing idealTree:node_modules/side-channel Completed in 57ms
246 silly placeDep ROOT function-bind@1.1.1 OK for: call-bind@1.0.2 want: ^1.1.1
247 timing idealTree:node_modules/call-bind Completed in 1ms
248 timing idealTree:node_modules/function-bind Completed in 0ms
249 silly placeDep ROOT has@1.0.3 OK for: get-intrinsic@1.1.1 want: ^1.0.3
250 silly placeDep ROOT has-symbols@1.0.3 OK for: get-intrinsic@1.1.1 want: ^1.0.1
251 timing idealTree:node_modules/get-intrinsic Completed in 2ms
252 timing idealTree:node_modules/has Completed in 0ms
253 timing idealTree:node_modules/has-symbols Completed in 0ms
254 timing idealTree:node_modules/object-inspect Completed in 0ms
255 timing idealTree:node_modules/express/node_modules/qs Completed in 0ms
256 timing idealTree:node_modules/send/node_modules/ms Completed in 0ms
257 timing idealTree:buildDeps Completed in 800ms
258 timing idealTree:fixDepFlags Completed in 3ms
259 timing idealTree Completed in 961ms
260 timing reify:loadTrees Completed in 962ms
261 timing reify:diffTrees Completed in 9ms
262 silly reify moves {}
263 timing reify:retireShallow Completed in 1ms
264 timing reify:createSparse Completed in 9ms
265 timing reify:loadBundles Completed in 0ms
266 silly audit bulk request {
266 silly audit   '@sindresorhus/is': [ '0.14.0' ],
266 silly audit   '@szmarczak/http-timer': [ '1.1.2' ],
266 silly audit   abbrev: [ '1.1.1' ],
266 silly audit   ajv: [ '6.12.6' ],
266 silly audit   'ansi-align': [ '3.0.1' ],
266 silly audit   'ansi-regex': [ '5.0.1' ],
266 silly audit   'ansi-styles': [ '4.3.0' ],
266 silly audit   anymatch: [ '3.1.2' ],
266 silly audit   asn1: [ '0.2.6' ],
266 silly audit   'assert-plus': [ '1.0.0' ],
266 silly audit   async: [ '0.2.10' ],
266 silly audit   asynckit: [ '0.4.0' ],
266 silly audit   'aws-sign2': [ '0.7.0' ],
266 silly audit   aws4: [ '1.11.0' ],
266 silly audit   'balanced-match': [ '1.0.2' ],
266 silly audit   'bcrypt-pbkdf': [ '1.0.2' ],
266 silly audit   'binary-extensions': [ '2.2.0' ],
266 silly audit   'binary-search-tree': [ '0.2.5' ],
266 silly audit   bluebird: [ '3.7.2' ],
266 silly audit   boxen: [ '5.1.2' ],
266 silly audit   'brace-expansion': [ '1.1.11' ],
266 silly audit   braces: [ '3.0.2' ],
266 silly audit   'cacheable-request': [ '6.1.0' ],
266 silly audit   'get-stream': [ '5.2.0', '4.1.0' ],
266 silly audit   'lowercase-keys': [ '2.0.0', '1.0.1' ],
266 silly audit   camelcase: [ '6.3.0' ],
266 silly audit   caseless: [ '0.12.0' ],
266 silly audit   chalk: [ '4.1.2' ],
266 silly audit   'has-flag': [ '4.0.0', '3.0.0' ],
266 silly audit   'supports-color': [ '7.2.0', '5.5.0' ],
266 silly audit   chokidar: [ '3.5.3' ],
266 silly audit   'ci-info': [ '2.0.0' ],
266 silly audit   'cli-boxes': [ '2.2.1' ],
266 silly audit   'clone-response': [ '1.0.2' ],
266 silly audit   'color-convert': [ '2.0.1' ],
266 silly audit   'color-name': [ '1.1.4' ],
266 silly audit   'combined-stream': [ '1.0.8' ],
266 silly audit   'concat-map': [ '0.0.1' ],
266 silly audit   configstore: [ '5.0.1' ],
266 silly audit   'core-util-is': [ '1.0.2' ],
266 silly audit   'crypto-random-string': [ '2.0.0' ],
266 silly audit   dashdash: [ '1.14.1' ],
266 silly audit   'data-uri-to-buffer': [ '4.0.0' ],
266 silly audit   'decompress-response': [ '3.3.0' ],
266 silly audit   'deep-extend': [ '0.6.0' ],
266 silly audit   'defer-to-connect': [ '1.1.3' ],
266 silly audit   'delayed-stream': [ '1.0.0' ],
266 silly audit   'dot-prop': [ '5.3.0' ],
266 silly audit   duplexer3: [ '0.1.4' ],
266 silly audit   'ecc-jsbn': [ '0.1.2' ],
266 silly audit   'emoji-regex': [ '8.0.0' ],
266 silly audit   'end-of-stream': [ '1.4.4' ],
266 silly audit   'escape-goat': [ '2.1.1' ],
266 silly audit   extend: [ '3.0.2' ],
266 silly audit   extsprintf: [ '1.3.0' ],
266 silly audit   'fast-deep-equal': [ '3.1.3' ],
266 silly audit   'fast-json-stable-stringify': [ '2.1.0' ],
266 silly audit   'fetch-blob': [ '3.1.5' ],
266 silly audit   'fill-range': [ '7.0.1' ],
266 silly audit   'forever-agent': [ '0.6.1' ],
266 silly audit   'form-data': [ '2.3.3' ],
266 silly audit   'formdata-polyfill': [ '4.0.10' ],
266 silly audit   getpass: [ '0.1.7' ],
266 silly audit   'glob-parent': [ '5.1.2' ],
266 silly audit   'global-dirs': [ '3.0.0' ],
266 silly audit   got: [ '9.6.0' ],
266 silly audit   'graceful-fs': [ '4.2.10' ],
266 silly audit   'har-schema': [ '2.0.0' ],
266 silly audit   'har-validator': [ '5.1.5' ],
266 silly audit   'has-yarn': [ '2.1.0' ],
266 silly audit   'http-cache-semantics': [ '4.1.0' ],
266 silly audit   'http-signature': [ '1.2.0' ],
266 silly audit   'ignore-by-default': [ '1.0.1' ],
266 silly audit   immediate: [ '3.0.6' ],
266 silly audit   'import-lazy': [ '2.1.0' ],
266 silly audit   imurmurhash: [ '0.1.4' ],
266 silly audit   ini: [ '2.0.0', '1.3.8' ],
266 silly audit   'is-binary-path': [ '2.1.0' ],
266 silly audit   'is-ci': [ '2.0.0' ],
266 silly audit   'is-extglob': [ '2.1.1' ],
266 silly audit   'is-fullwidth-code-point': [ '3.0.0' ],
266 silly audit   'is-glob': [ '4.0.3' ],
266 silly audit   'is-installed-globally': [ '0.4.0' ],
266 silly audit   'is-npm': [ '5.0.0' ],
266 silly audit   'is-number': [ '7.0.0' ],
266 silly audit   'is-obj': [ '2.0.0' ],
266 silly audit   'is-path-inside': [ '3.0.3' ],
266 silly audit   'is-typedarray': [ '1.0.0' ],
266 silly audit   'is-yarn-global': [ '0.3.0' ],
266 silly audit   isstream: [ '0.1.2' ],
266 silly audit   jsbn: [ '0.1.1' ],
266 silly audit   'json-buffer': [ '3.0.0' ],
266 silly audit   'json-schema': [ '0.4.0' ],
266 silly audit   'json-schema-traverse': [ '0.4.1' ],
266 silly audit   'json-stringify-safe': [ '5.0.1' ],
266 silly audit   jsprim: [ '1.4.2' ],
266 silly audit   keyv: [ '3.1.0' ],
266 silly audit   'latest-version': [ '5.1.0' ],
266 silly audit   lie: [ '3.1.1' ],
266 silly audit   localforage: [ '1.10.0' ],
266 silly audit   lodash: [ '4.17.21' ],
266 silly audit   'lru-cache': [ '6.0.0' ],
266 silly audit   'make-dir': [ '3.1.0' ],
266 silly audit   semver: [ '6.3.0', '5.7.1', '7.3.7' ],
266 silly audit   'mime-db': [ '1.52.0' ],
266 silly audit   'mime-types': [ '2.1.35' ],
266 silly audit   'mimic-response': [ '1.0.1' ],
266 silly audit   minimatch: [ '3.1.2' ],
266 silly audit   minimist: [ '1.2.6' ],
266 silly audit   mkdirp: [ '0.5.6' ],
266 silly audit   nedb: [ '1.8.0' ],
266 silly audit   'node-domexception': [ '1.0.0' ],
266 silly audit   'node-fetch': [ '3.2.5' ],
266 silly audit   nodemon: [ '2.0.16' ],
266 silly audit   debug: [ '3.2.7', '2.6.9' ],
266 silly audit   ms: [ '2.1.3', '2.0.0' ],
266 silly audit   nopt: [ '1.0.10' ],
266 silly audit   'normalize-path': [ '3.0.0' ],
266 silly audit   'normalize-url': [ '4.5.1' ],
266 silly audit   'oauth-sign': [ '0.9.0' ],
266 silly audit   once: [ '1.4.0' ],
266 silly audit   'p-cancelable': [ '1.1.0' ],
266 silly audit   'package-json': [ '6.5.0' ],
266 silly audit   'performance-now': [ '2.1.0' ],
266 silly audit   picomatch: [ '2.3.1' ],
266 silly audit   'prepend-http': [ '2.0.0' ],
266 silly audit   psl: [ '1.8.0' ],
266 silly audit   'pstree.remy': [ '1.1.8' ],
266 silly audit   pump: [ '3.0.0' ],
266 silly audit   punycode: [ '2.1.1' ],
266 silly audit   pupa: [ '2.1.1' ],
266 silly audit   qs: [ '6.5.3', '6.10.3' ],
266 silly audit   rc: [ '1.2.8' ],
266 silly audit   readdirp: [ '3.6.0' ],
266 silly audit   'registry-auth-token': [ '4.2.1' ],
266 silly audit   'registry-url': [ '5.1.0' ],
266 silly audit   request: [ '2.88.2' ],
266 silly audit   'request-promise': [ '4.2.6' ],
266 silly audit   'request-promise-core': [ '1.1.4' ],
266 silly audit   responselike: [ '1.0.2' ],
266 silly audit   'safe-buffer': [ '5.2.1' ],
266 silly audit   'safer-buffer': [ '2.1.2' ],
266 silly audit   'semver-diff': [ '3.1.1' ],
266 silly audit   'signal-exit': [ '3.0.7' ],
266 silly audit   sshpk: [ '1.17.0' ],
266 silly audit   'stealthy-require': [ '1.1.1' ],
266 silly audit   'string-width': [ '4.2.3' ],
266 silly audit   'strip-ansi': [ '6.0.1' ],
266 silly audit   'strip-json-comments': [ '2.0.1' ],
266 silly audit   'to-readable-stream': [ '1.0.0' ],
266 silly audit   'to-regex-range': [ '5.0.1' ],
266 silly audit   touch: [ '3.1.0' ],
266 silly audit   'tough-cookie': [ '2.5.0' ],
266 silly audit   'tunnel-agent': [ '0.6.0' ],
266 silly audit   tweetnacl: [ '0.14.5' ],
266 silly audit   'type-fest': [ '0.20.2' ],
266 silly audit   'typedarray-to-buffer': [ '3.1.5' ],
266 silly audit   undefsafe: [ '2.0.5' ],
266 silly audit   underscore: [ '1.4.4' ],
266 silly audit   'unique-string': [ '2.0.0' ],
266 silly audit   'update-notifier': [ '5.1.0' ],
266 silly audit   'uri-js': [ '4.4.1' ],
266 silly audit   'url-parse-lax': [ '3.0.0' ],
266 silly audit   uuid: [ '3.4.0' ],
266 silly audit   verror: [ '1.10.0' ],
266 silly audit   'web-streams-polyfill': [ '3.2.1' ],
266 silly audit   'widest-line': [ '3.1.0' ],
266 silly audit   'wrap-ansi': [ '7.0.0' ],
266 silly audit   wrappy: [ '1.0.2' ],
266 silly audit   'write-file-atomic': [ '3.0.3' ],
266 silly audit   'xdg-basedir': [ '4.0.0' ],
266 silly audit   yallist: [ '4.0.0' ],
266 silly audit   express: [ '4.18.1' ],
266 silly audit   accepts: [ '1.3.8' ],
266 silly audit   'array-flatten': [ '1.1.1' ],
266 silly audit   'body-parser': [ '1.20.0' ],
266 silly audit   'content-disposition': [ '0.5.4' ],
266 silly audit   'content-type': [ '1.0.4' ],
266 silly audit   cookie: [ '0.5.0' ],
266 silly audit   'cookie-signature': [ '1.0.6' ],
266 silly audit   depd: [ '2.0.0' ],
266 silly audit   encodeurl: [ '1.0.2' ],
266 silly audit   'escape-html': [ '1.0.3' ],
266 silly audit   etag: [ '1.8.1' ],
266 silly audit   finalhandler: [ '1.2.0' ],
266 silly audit   fresh: [ '0.5.2' ],
266 silly audit   'http-errors': [ '2.0.0' ],
266 silly audit   'merge-descriptors': [ '1.0.1' ],
266 silly audit   methods: [ '1.1.2' ],
266 silly audit   'on-finished': [ '2.4.1' ],
266 silly audit   parseurl: [ '1.3.3' ],
266 silly audit   'path-to-regexp': [ '0.1.7' ],
266 silly audit   'proxy-addr': [ '2.0.7' ],
266 silly audit   'range-parser': [ '1.2.1' ],
266 silly audit   send: [ '0.18.0' ],
266 silly audit   'serve-static': [ '1.15.0' ],
266 silly audit   setprototypeof: [ '1.2.0' ],
266 silly audit   statuses: [ '2.0.1' ],
266 silly audit   'type-is': [ '1.6.18' ],
266 silly audit   'utils-merge': [ '1.0.1' ],
266 silly audit   vary: [ '1.1.2' ],
266 silly audit   negotiator: [ '0.6.3' ],
266 silly audit   bytes: [ '3.1.2' ],
266 silly audit   destroy: [ '1.2.0' ],
266 silly audit   'iconv-lite': [ '0.4.24' ],
266 silly audit   'raw-body': [ '2.5.1' ],
266 silly audit   unpipe: [ '1.0.0' ],
266 silly audit   inherits: [ '2.0.4' ],
266 silly audit   toidentifier: [ '1.0.1' ],
266 silly audit   'ee-first': [ '1.1.1' ],
266 silly audit   forwarded: [ '0.2.0' ],
266 silly audit   'ipaddr.js': [ '1.9.1' ],
266 silly audit   mime: [ '1.6.0' ],
266 silly audit   'media-typer': [ '0.3.0' ],
266 silly audit   'side-channel': [ '1.0.4' ],
266 silly audit   'call-bind': [ '1.0.2' ],
266 silly audit   'get-intrinsic': [ '1.1.1' ],
266 silly audit   'object-inspect': [ '1.12.2' ],
266 silly audit   'function-bind': [ '1.1.1' ],
266 silly audit   has: [ '1.0.3' ],
266 silly audit   'has-symbols': [ '1.0.3' ]
266 silly audit }
267 silly tarball no local data for unpipe@https://registry.npmjs.org/unpipe/-/unpipe-1.0.0.tgz. Extracting by manifest.
268 silly tarball no local data for vary@https://registry.npmjs.org/vary/-/vary-1.1.2.tgz. Extracting by manifest.
269 silly tarball no local data for utils-merge@https://registry.npmjs.org/utils-merge/-/utils-merge-1.0.1.tgz. Extracting by manifest.
270 http fetch POST 200 https://registry.npmjs.org/-/npm/v1/security/advisories/bulk 134ms
271 timing auditReport:getReport Completed in 141ms
272 silly audit report {
272 silly audit report   nedb: [
272 silly audit report     {
272 silly audit report       id: 1067828,
272 silly audit report       url: 'https://github.com/advisories/GHSA-339j-hqgx-qrrx',
272 silly audit report       title: 'Prototype Pollution',
272 silly audit report       severity: 'high',
272 silly audit report       vulnerable_versions: '<=1.8.0',
272 silly audit report       cwe: [Array],
272 silly audit report       cvss: [Object]
272 silly audit report     }
272 silly audit report   ],
272 silly audit report   underscore: [
272 silly audit report     {
272 silly audit report       id: 1068134,
272 silly audit report       url: 'https://github.com/advisories/GHSA-cf4h-3jhx-xvhq',
272 silly audit report       title: 'Arbitrary Code Execution in underscore',
272 silly audit report       severity: 'high',
272 silly audit report       vulnerable_versions: '>=1.3.2 <1.12.1',
272 silly audit report       cwe: [Array],
272 silly audit report       cvss: [Object]
272 silly audit report     }
272 silly audit report   ]
272 silly audit report }
273 timing reifyNode:node_modules/ee-first Completed in 210ms
274 timing reifyNode:node_modules/ms Completed in 210ms
275 timing reifyNode:node_modules/destroy Completed in 210ms
276 timing reifyNode:node_modules/escape-html Completed in 211ms
277 timing reifyNode:node_modules/array-flatten Completed in 211ms
278 timing reifyNode:node_modules/send/node_modules/ms Completed in 212ms
279 timing reifyNode:node_modules/media-typer Completed in 216ms
280 timing reifyNode:node_modules/forwarded Completed in 217ms
281 timing reifyNode:node_modules/toidentifier Completed in 217ms
282 timing reifyNode:node_modules/inherits Completed in 216ms
283 timing reifyNode:node_modules/bytes Completed in 217ms
284 timing reifyNode:node_modules/type-is Completed in 218ms
285 timing reifyNode:node_modules/range-parser Completed in 217ms
286 timing reifyNode:node_modules/path-to-regexp Completed in 217ms
287 timing reifyNode:node_modules/parseurl Completed in 217ms
288 timing reifyNode:node_modules/methods Completed in 218ms
289 timing reifyNode:node_modules/merge-descriptors Completed in 218ms
290 timing reifyNode:node_modules/http-errors Completed in 218ms
291 timing reifyNode:node_modules/fresh Completed in 218ms
292 timing reifyNode:node_modules/etag Completed in 218ms
293 timing reifyNode:node_modules/encodeurl Completed in 219ms
294 timing reifyNode:node_modules/cookie-signature Completed in 218ms
295 timing reifyNode:node_modules/content-type Completed in 218ms
296 timing reifyNode:node_modules/accepts Completed in 219ms
297 timing reifyNode:node_modules/proxy-addr Completed in 223ms
298 timing reifyNode:node_modules/on-finished Completed in 223ms
299 timing reifyNode:node_modules/has Completed in 227ms
300 timing reifyNode:node_modules/statuses Completed in 227ms
301 timing reifyNode:node_modules/setprototypeof Completed in 228ms
302 timing reifyNode:node_modules/serve-static Completed in 228ms
303 timing metavuln:cache:get:security-advisory:nedb:3Z43GH9XaCaNUAuUBnayL3PH2z2etocPDSnCf6rpRtY2/wfil0oHam9KQi2x01UHXDMFldl7NfswARCyxvbzOw== Completed in 97ms
304 timing metavuln:cache:get:security-advisory:underscore:Gnjmi1IOOUemQLeLgz5wRwLH47Eo9UznXoQR7+paJUZ5akz/mDNxKZhNia4PfEO25soJ4Pui+zZrnP/UDRFcrg== Completed in 96ms
305 timing reifyNode:node_modules/content-disposition Completed in 228ms
306 timing reifyNode:node_modules/finalhandler Completed in 231ms
307 timing reifyNode:node_modules/cookie Completed in 230ms
308 timing reifyNode:node_modules/raw-body Completed in 238ms
309 timing reifyNode:node_modules/depd Completed in 239ms
310 timing reifyNode:node_modules/ipaddr.js Completed in 243ms
311 timing reifyNode:node_modules/send Completed in 249ms
312 timing reifyNode:node_modules/negotiator Completed in 255ms
313 timing reifyNode:node_modules/side-channel Completed in 257ms
314 timing reifyNode:node_modules/function-bind Completed in 259ms
315 timing reifyNode:node_modules/mime Completed in 259ms
316 timing reifyNode:node_modules/get-intrinsic Completed in 260ms
317 timing reifyNode:node_modules/call-bind Completed in 261ms
318 timing reifyNode:node_modules/has-symbols Completed in 269ms
319 timing reifyNode:node_modules/body-parser Completed in 266ms
320 timing reifyNode:node_modules/debug Completed in 267ms
321 timing reifyNode:node_modules/express Completed in 295ms
322 timing reifyNode:node_modules/body-parser/node_modules/qs Completed in 297ms
323 timing reifyNode:node_modules/express/node_modules/qs Completed in 298ms
324 http fetch GET 200 https://registry.npmjs.org/underscore 167ms (cache revalidated)
325 timing metavuln:packument:underscore Completed in 174ms
326 timing metavuln:load:security-advisory:underscore:1068134 Completed in 1ms
327 timing metavuln:calculate:security-advisory:underscore:1068134 Completed in 175ms
328 http fetch GET 200 https://registry.npmjs.org/nedb 177ms (cache revalidated)
329 timing metavuln:packument:nedb Completed in 179ms
330 timing metavuln:load:security-advisory:nedb:1067828 Completed in 1ms
331 timing metavuln:calculate:security-advisory:nedb:1067828 Completed in 182ms
332 timing reifyNode:node_modules/object-inspect Completed in 330ms
333 http fetch GET 200 https://registry.npmjs.org/unpipe/-/unpipe-1.0.0.tgz 305ms (cache miss)
334 timing reifyNode:node_modules/unpipe Completed in 336ms
335 http fetch GET 200 https://registry.npmjs.org/utils-merge/-/utils-merge-1.0.1.tgz 299ms (cache miss)
336 timing reifyNode:node_modules/utils-merge Completed in 341ms
337 timing reifyNode:node_modules/iconv-lite Completed in 341ms
338 http fetch GET 200 https://registry.npmjs.org/vary/-/vary-1.1.2.tgz 310ms (cache miss)
339 timing reifyNode:node_modules/vary Completed in 345ms
340 timing reify:unpack Completed in 347ms
341 timing reify:unretire Completed in 0ms
342 timing build:queue Completed in 5ms
343 timing metavuln:cache:get:security-advisory:binary-search-tree:gj/ZEmOnT87Hvlmaq5yc1Mc1yNrFWUgiZcnN2xSDSTrQ8fhpNGy5r0Uh/bfbnXv0BfCvGw35yDKBdnTB/7PNfg== Completed in 28ms
344 timing metavuln:cache:get:security-advisory:nedb:zpLvV2oU0+mjzKzY5cf3zDYqg6J7Y/cXxuVgloEMJ1p9VEV+6PahjSlcvCdKCJ4tEs55a0kdoy+VTtH08HR2ug== Completed in 26ms
345 timing metavuln:load:security-advisory:nedb:Gnjmi1IOOUemQLeLgz5wRwLH47Eo9UznXoQR7+paJUZ5akz/mDNxKZhNia4PfEO25soJ4Pui+zZrnP/UDRFcrg== Completed in 1ms
346 timing metavuln:calculate:security-advisory:nedb:Gnjmi1IOOUemQLeLgz5wRwLH47Eo9UznXoQR7+paJUZ5akz/mDNxKZhNia4PfEO25soJ4Pui+zZrnP/UDRFcrg== Completed in 27ms
347 timing build:link:node_modules/mime Completed in 3ms
348 timing build:link Completed in 4ms
349 timing build:deps Completed in 9ms
350 timing build Completed in 9ms
351 timing reify:build Completed in 10ms
352 timing reify:trash Completed in 0ms
353 timing reify:save Completed in 52ms
354 http fetch GET 200 https://registry.npmjs.org/binary-search-tree 392ms (cache revalidated)
355 timing metavuln:packument:binary-search-tree Completed in 393ms
356 timing metavuln:load:security-advisory:binary-search-tree:Gnjmi1IOOUemQLeLgz5wRwLH47Eo9UznXoQR7+paJUZ5akz/mDNxKZhNia4PfEO25soJ4Pui+zZrnP/UDRFcrg== Completed in 0ms
357 timing metavuln:calculate:security-advisory:binary-search-tree:Gnjmi1IOOUemQLeLgz5wRwLH47Eo9UznXoQR7+paJUZ5akz/mDNxKZhNia4PfEO25soJ4Pui+zZrnP/UDRFcrg== Completed in 393ms
358 timing metavuln:cache:get:security-advisory:nedb:EgKdVAjXCYxT+YQqZdvBgro00w/ewoshJrPXf5rUtNfmakI3rxA5GDWDAtKqSXozwLkvtAu7LB1jLLWBrn837A== Completed in 1ms
359 timing metavuln:load:security-advisory:nedb:gj/ZEmOnT87Hvlmaq5yc1Mc1yNrFWUgiZcnN2xSDSTrQ8fhpNGy5r0Uh/bfbnXv0BfCvGw35yDKBdnTB/7PNfg== Completed in 0ms
360 timing metavuln:calculate:security-advisory:nedb:gj/ZEmOnT87Hvlmaq5yc1Mc1yNrFWUgiZcnN2xSDSTrQ8fhpNGy5r0Uh/bfbnXv0BfCvGw35yDKBdnTB/7PNfg== Completed in 1ms
361 timing auditReport:init Completed in 590ms
362 timing reify:audit Completed in 731ms
363 timing reify Completed in 1726ms
364 silly ADD node_modules/has-symbols
365 silly ADD node_modules/has
366 silly ADD node_modules/function-bind
367 silly ADD node_modules/object-inspect
368 silly ADD node_modules/get-intrinsic
369 silly ADD node_modules/call-bind
370 silly ADD node_modules/side-channel
371 silly ADD node_modules/media-typer
372 silly ADD node_modules/mime
373 silly ADD node_modules/ipaddr.js
374 silly ADD node_modules/forwarded
375 silly ADD node_modules/ee-first
376 silly ADD node_modules/toidentifier
377 silly ADD node_modules/inherits
378 silly ADD node_modules/ms
379 silly ADD node_modules/unpipe
380 silly ADD node_modules/raw-body
381 silly ADD node_modules/iconv-lite
382 silly ADD node_modules/destroy
383 silly ADD node_modules/bytes
384 silly ADD node_modules/negotiator
385 silly ADD node_modules/vary
386 silly ADD node_modules/utils-merge
387 silly ADD node_modules/type-is
388 silly ADD node_modules/statuses
389 silly ADD node_modules/setprototypeof
390 silly ADD node_modules/serve-static
391 silly ADD node_modules/send
392 silly ADD node_modules/send/node_modules/ms
393 silly ADD node_modules/range-parser
394 silly ADD node_modules/proxy-addr
395 silly ADD node_modules/path-to-regexp
396 silly ADD node_modules/parseurl
397 silly ADD node_modules/on-finished
398 silly ADD node_modules/methods
399 silly ADD node_modules/merge-descriptors
400 silly ADD node_modules/http-errors
401 silly ADD node_modules/fresh
402 silly ADD node_modules/finalhandler
403 silly ADD node_modules/etag
404 silly ADD node_modules/escape-html
405 silly ADD node_modules/encodeurl
406 silly ADD node_modules/depd
407 silly ADD node_modules/debug
408 silly ADD node_modules/cookie-signature
409 silly ADD node_modules/cookie
410 silly ADD node_modules/content-type
411 silly ADD node_modules/content-disposition
412 silly ADD node_modules/body-parser
413 silly ADD node_modules/body-parser/node_modules/qs
414 silly ADD node_modules/array-flatten
415 silly ADD node_modules/accepts
416 silly ADD node_modules/express
417 silly ADD node_modules/express/node_modules/qs
418 timing command:install Completed in 1739ms
419 verbose exit 0
420 timing npm Completed in 1830ms
421 info ok
