0 verbose cli /usr/bin/node /usr/bin/npm
1 info using npm@8.11.0
2 info using node@v16.15.1
3 timing npm:load:whichnode Completed in 1ms
4 timing config:load:defaults Completed in 3ms
5 timing config:load:file:/usr/lib/node_modules/npm/npmrc Completed in 1ms
6 timing config:load:builtin Completed in 1ms
7 timing config:load:cli Completed in 2ms
8 timing config:load:env Completed in 0ms
9 timing config:load:file:/usr/share/nginx/html/.npmrc Completed in 1ms
10 timing config:load:project Completed in 20ms
11 timing config:load:file:/root/.npmrc Completed in 0ms
12 timing config:load:user Completed in 0ms
13 timing config:load:file:/usr/etc/npmrc Completed in 0ms
14 timing config:load:global Completed in 0ms
15 timing config:load:validate Completed in 0ms
16 timing config:load:credentials Completed in 1ms
17 timing config:load:setEnvs Completed in 1ms
18 timing config:load Completed in 31ms
19 timing npm:load:configload Completed in 31ms
20 timing npm:load:mkdirpcache Completed in 1ms
21 timing npm:load:mkdirplogs Completed in 1ms
22 verbose title npm install nodemon
23 verbose argv "install" "nodemon"
24 timing npm:load:setTitle Completed in 1ms
25 timing config:load:flatten Completed in 3ms
26 timing npm:load:display Completed in 5ms
27 verbose logfile logs-max:10 dir:/root/.npm/_logs
28 verbose logfile /root/.npm/_logs/2022-06-08T02_44_00_906Z-debug-0.log
29 timing npm:load:logFile Completed in 5ms
30 timing npm:load:timers Completed in 0ms
31 timing npm:load:configScope Completed in 0ms
32 timing npm:load Completed in 45ms
33 timing arborist:ctor Completed in 1ms
34 silly logfile done cleaning log files
35 timing idealTree:init Completed in 170ms
36 timing idealTree:userRequests Completed in 1ms
37 silly idealTree buildDeps
38 silly fetch manifest nodemon@*
39 timing arborist:ctor Completed in 0ms
40 http fetch GET 200 https://registry.npmjs.org/nodemon 220ms (cache miss)
41 silly placeDep ROOT nodemon@2.0.16 REPLACE for:  want: *
42 timing idealTree:#root Completed in 236ms
43 timing idealTree:node_modules/nodemon Completed in 0ms
44 timing idealTree:buildDeps Completed in 238ms
45 timing idealTree:fixDepFlags Completed in 10ms
46 timing idealTree Completed in 424ms
47 timing reify:loadTrees Completed in 424ms
48 timing reify:diffTrees Completed in 8ms
49 silly reify mark retired [ '/usr/share/nginx/html/node_modules/@types/node' ]
50 silly reify mark retired [ '/usr/share/nginx/html/node_modules/accepts' ]
51 silly reify mark retired [ '/usr/share/nginx/html/node_modules/ajv' ]
52 silly reify mark retired [ '/usr/share/nginx/html/node_modules/array-flatten' ]
53 silly reify mark retired [ '/usr/share/nginx/html/node_modules/asn1' ]
54 silly reify mark retired [ '/usr/share/nginx/html/node_modules/assert-plus' ]
55 silly reify mark retired [ '/usr/share/nginx/html/node_modules/async' ]
56 silly reify mark retired [ '/usr/share/nginx/html/node_modules/asynckit' ]
57 silly reify mark retired [ '/usr/share/nginx/html/node_modules/aws-sign2' ]
58 silly reify mark retired [ '/usr/share/nginx/html/node_modules/aws4' ]
59 silly reify mark retired [ '/usr/share/nginx/html/node_modules/bcrypt-pbkdf' ]
60 silly reify mark retired [ '/usr/share/nginx/html/node_modules/binary-search-tree' ]
61 silly reify mark retired [ '/usr/share/nginx/html/node_modules/bluebird' ]
62 silly reify mark retired [ '/usr/share/nginx/html/node_modules/body-parser' ]
63 silly reify mark retired [ '/usr/share/nginx/html/node_modules/bytes' ]
64 silly reify mark retired [ '/usr/share/nginx/html/node_modules/call-bind' ]
65 silly reify mark retired [ '/usr/share/nginx/html/node_modules/caseless' ]
66 silly reify mark retired [ '/usr/share/nginx/html/node_modules/combined-stream' ]
67 silly reify mark retired [ '/usr/share/nginx/html/node_modules/content-disposition' ]
68 silly reify mark retired [ '/usr/share/nginx/html/node_modules/content-type' ]
69 silly reify mark retired [ '/usr/share/nginx/html/node_modules/cookie' ]
70 silly reify mark retired [ '/usr/share/nginx/html/node_modules/cookie-signature' ]
71 silly reify mark retired [ '/usr/share/nginx/html/node_modules/core-util-is' ]
72 silly reify mark retired [ '/usr/share/nginx/html/node_modules/dashdash' ]
73 silly reify mark retired [ '/usr/share/nginx/html/node_modules/data-uri-to-buffer' ]
74 silly reify mark retired [ '/usr/share/nginx/html/node_modules/debug' ]
75 silly reify mark retired [ '/usr/share/nginx/html/node_modules/delayed-stream' ]
76 silly reify mark retired [ '/usr/share/nginx/html/node_modules/depd' ]
77 silly reify mark retired [ '/usr/share/nginx/html/node_modules/destroy' ]
78 silly reify mark retired [ '/usr/share/nginx/html/node_modules/ecc-jsbn' ]
79 silly reify mark retired [ '/usr/share/nginx/html/node_modules/ee-first' ]
80 silly reify mark retired [ '/usr/share/nginx/html/node_modules/encodeurl' ]
81 silly reify mark retired [ '/usr/share/nginx/html/node_modules/escape-html' ]
82 silly reify mark retired [ '/usr/share/nginx/html/node_modules/etag' ]
83 silly reify mark retired [ '/usr/share/nginx/html/node_modules/express' ]
84 silly reify mark retired [ '/usr/share/nginx/html/node_modules/extend' ]
85 silly reify mark retired [ '/usr/share/nginx/html/node_modules/extsprintf' ]
86 silly reify mark retired [ '/usr/share/nginx/html/node_modules/fast-deep-equal' ]
87 silly reify mark retired [ '/usr/share/nginx/html/node_modules/fast-json-stable-stringify' ]
88 silly reify mark retired [ '/usr/share/nginx/html/node_modules/fetch-blob' ]
89 silly reify mark retired [ '/usr/share/nginx/html/node_modules/finalhandler' ]
90 silly reify mark retired [ '/usr/share/nginx/html/node_modules/forever-agent' ]
91 silly reify mark retired [ '/usr/share/nginx/html/node_modules/form-data' ]
92 silly reify mark retired [ '/usr/share/nginx/html/node_modules/formdata-polyfill' ]
93 silly reify mark retired [ '/usr/share/nginx/html/node_modules/forwarded' ]
94 silly reify mark retired [ '/usr/share/nginx/html/node_modules/fresh' ]
95 silly reify mark retired [ '/usr/share/nginx/html/node_modules/function-bind' ]
96 silly reify mark retired [ '/usr/share/nginx/html/node_modules/get-intrinsic' ]
97 silly reify mark retired [ '/usr/share/nginx/html/node_modules/getpass' ]
98 silly reify mark retired [ '/usr/share/nginx/html/node_modules/har-schema' ]
99 silly reify mark retired [ '/usr/share/nginx/html/node_modules/har-validator' ]
100 silly reify mark retired [ '/usr/share/nginx/html/node_modules/has' ]
101 silly reify mark retired [ '/usr/share/nginx/html/node_modules/has-symbols' ]
102 silly reify mark retired [ '/usr/share/nginx/html/node_modules/http-errors' ]
103 silly reify mark retired [ '/usr/share/nginx/html/node_modules/http-signature' ]
104 silly reify mark retired [ '/usr/share/nginx/html/node_modules/iconv-lite' ]
105 silly reify mark retired [ '/usr/share/nginx/html/node_modules/immediate' ]
106 silly reify mark retired [ '/usr/share/nginx/html/node_modules/inherits' ]
107 silly reify mark retired [ '/usr/share/nginx/html/node_modules/ipaddr.js' ]
108 silly reify mark retired [ '/usr/share/nginx/html/node_modules/isstream' ]
109 silly reify mark retired [ '/usr/share/nginx/html/node_modules/jsbn' ]
110 silly reify mark retired [ '/usr/share/nginx/html/node_modules/json-schema' ]
111 silly reify mark retired [ '/usr/share/nginx/html/node_modules/json-schema-traverse' ]
112 silly reify mark retired [ '/usr/share/nginx/html/node_modules/json-stringify-safe' ]
113 silly reify mark retired [ '/usr/share/nginx/html/node_modules/jsprim' ]
114 silly reify mark retired [ '/usr/share/nginx/html/node_modules/lie' ]
115 silly reify mark retired [ '/usr/share/nginx/html/node_modules/localforage' ]
116 silly reify mark retired [ '/usr/share/nginx/html/node_modules/lodash' ]
117 silly reify mark retired [ '/usr/share/nginx/html/node_modules/media-typer' ]
118 silly reify mark retired [ '/usr/share/nginx/html/node_modules/merge-descriptors' ]
119 silly reify mark retired [ '/usr/share/nginx/html/node_modules/methods' ]
120 silly reify mark retired [
120 silly reify   '/usr/share/nginx/html/node_modules/mime',
120 silly reify   '/usr/share/nginx/html/node_modules/.bin/mime'
120 silly reify ]
121 silly reify mark retired [ '/usr/share/nginx/html/node_modules/mime-db' ]
122 silly reify mark retired [ '/usr/share/nginx/html/node_modules/mime-types' ]
123 silly reify mark retired [
123 silly reify   '/usr/share/nginx/html/node_modules/mkdirp',
123 silly reify   '/usr/share/nginx/html/node_modules/.bin/mkdirp'
123 silly reify ]
124 silly reify mark retired [ '/usr/share/nginx/html/node_modules/ms' ]
125 silly reify mark retired [ '/usr/share/nginx/html/node_modules/nedb' ]
126 silly reify mark retired [ '/usr/share/nginx/html/node_modules/negotiator' ]
127 silly reify mark retired [ '/usr/share/nginx/html/node_modules/node-domexception' ]
128 silly reify mark retired [ '/usr/share/nginx/html/node_modules/node-fetch' ]
129 silly reify mark retired [ '/usr/share/nginx/html/node_modules/oauth-sign' ]
130 silly reify mark retired [ '/usr/share/nginx/html/node_modules/object-inspect' ]
131 silly reify mark retired [ '/usr/share/nginx/html/node_modules/on-finished' ]
132 silly reify mark retired [ '/usr/share/nginx/html/node_modules/parseurl' ]
133 silly reify mark retired [ '/usr/share/nginx/html/node_modules/path-to-regexp' ]
134 silly reify mark retired [ '/usr/share/nginx/html/node_modules/performance-now' ]
135 silly reify mark retired [ '/usr/share/nginx/html/node_modules/proxy-addr' ]
136 silly reify mark retired [ '/usr/share/nginx/html/node_modules/psl' ]
137 silly reify mark retired [ '/usr/share/nginx/html/node_modules/punycode' ]
138 silly reify mark retired [ '/usr/share/nginx/html/node_modules/qs' ]
139 silly reify mark retired [ '/usr/share/nginx/html/node_modules/range-parser' ]
140 silly reify mark retired [ '/usr/share/nginx/html/node_modules/raw-body' ]
141 silly reify mark retired [ '/usr/share/nginx/html/node_modules/request' ]
142 silly reify mark retired [ '/usr/share/nginx/html/node_modules/request-promise' ]
143 silly reify mark retired [ '/usr/share/nginx/html/node_modules/request-promise-core' ]
144 silly reify mark retired [ '/usr/share/nginx/html/node_modules/safe-buffer' ]
145 silly reify mark retired [ '/usr/share/nginx/html/node_modules/safer-buffer' ]
146 silly reify mark retired [ '/usr/share/nginx/html/node_modules/send' ]
147 silly reify mark retired [ '/usr/share/nginx/html/node_modules/serve-static' ]
148 silly reify mark retired [ '/usr/share/nginx/html/node_modules/setprototypeof' ]
149 silly reify mark retired [ '/usr/share/nginx/html/node_modules/side-channel' ]
150 silly reify mark retired [
150 silly reify   '/usr/share/nginx/html/node_modules/sshpk',
150 silly reify   '/usr/share/nginx/html/node_modules/.bin/sshpk-conv',
150 silly reify   '/usr/share/nginx/html/node_modules/.bin/sshpk-sign',
150 silly reify   '/usr/share/nginx/html/node_modules/.bin/sshpk-verify'
150 silly reify ]
151 silly reify mark retired [ '/usr/share/nginx/html/node_modules/statuses' ]
152 silly reify mark retired [ '/usr/share/nginx/html/node_modules/stealthy-require' ]
153 silly reify mark retired [ '/usr/share/nginx/html/node_modules/stripe' ]
154 silly reify mark retired [ '/usr/share/nginx/html/node_modules/toidentifier' ]
155 silly reify mark retired [ '/usr/share/nginx/html/node_modules/tough-cookie' ]
156 silly reify mark retired [ '/usr/share/nginx/html/node_modules/tunnel-agent' ]
157 silly reify mark retired [ '/usr/share/nginx/html/node_modules/tweetnacl' ]
158 silly reify mark retired [ '/usr/share/nginx/html/node_modules/type-is' ]
159 silly reify mark retired [ '/usr/share/nginx/html/node_modules/underscore' ]
160 silly reify mark retired [ '/usr/share/nginx/html/node_modules/unpipe' ]
161 silly reify mark retired [ '/usr/share/nginx/html/node_modules/uri-js' ]
162 silly reify mark retired [ '/usr/share/nginx/html/node_modules/utils-merge' ]
163 silly reify mark retired [
163 silly reify   '/usr/share/nginx/html/node_modules/uuid',
163 silly reify   '/usr/share/nginx/html/node_modules/.bin/uuid'
163 silly reify ]
164 silly reify mark retired [ '/usr/share/nginx/html/node_modules/vary' ]
165 silly reify mark retired [ '/usr/share/nginx/html/node_modules/verror' ]
166 silly reify mark retired [ '/usr/share/nginx/html/node_modules/web-streams-polyfill' ]
167 silly reify moves {
167 silly reify   '/usr/share/nginx/html/node_modules/@types/node': '/usr/share/nginx/html/node_modules/@types/.node-bjSoVAYz',
167 silly reify   '/usr/share/nginx/html/node_modules/accepts': '/usr/share/nginx/html/node_modules/.accepts-KJRmvDZf',
167 silly reify   '/usr/share/nginx/html/node_modules/ajv': '/usr/share/nginx/html/node_modules/.ajv-qjd2OGsu',
167 silly reify   '/usr/share/nginx/html/node_modules/array-flatten': '/usr/share/nginx/html/node_modules/.array-flatten-QXrsbKme',
167 silly reify   '/usr/share/nginx/html/node_modules/asn1': '/usr/share/nginx/html/node_modules/.asn1-SDseFtCO',
167 silly reify   '/usr/share/nginx/html/node_modules/assert-plus': '/usr/share/nginx/html/node_modules/.assert-plus-8FJkzana',
167 silly reify   '/usr/share/nginx/html/node_modules/async': '/usr/share/nginx/html/node_modules/.async-ej0egBA1',
167 silly reify   '/usr/share/nginx/html/node_modules/asynckit': '/usr/share/nginx/html/node_modules/.asynckit-iPkODWmB',
167 silly reify   '/usr/share/nginx/html/node_modules/aws-sign2': '/usr/share/nginx/html/node_modules/.aws-sign2-5d3mm1Zg',
167 silly reify   '/usr/share/nginx/html/node_modules/aws4': '/usr/share/nginx/html/node_modules/.aws4-MT4xvKnt',
167 silly reify   '/usr/share/nginx/html/node_modules/bcrypt-pbkdf': '/usr/share/nginx/html/node_modules/.bcrypt-pbkdf-aH5XgF2A',
167 silly reify   '/usr/share/nginx/html/node_modules/binary-search-tree': '/usr/share/nginx/html/node_modules/.binary-search-tree-33JbRHRm',
167 silly reify   '/usr/share/nginx/html/node_modules/bluebird': '/usr/share/nginx/html/node_modules/.bluebird-9W7Teufb',
167 silly reify   '/usr/share/nginx/html/node_modules/body-parser': '/usr/share/nginx/html/node_modules/.body-parser-R8VsE6To',
167 silly reify   '/usr/share/nginx/html/node_modules/bytes': '/usr/share/nginx/html/node_modules/.bytes-PjYWmX0O',
167 silly reify   '/usr/share/nginx/html/node_modules/call-bind': '/usr/share/nginx/html/node_modules/.call-bind-YW16dVtP',
167 silly reify   '/usr/share/nginx/html/node_modules/caseless': '/usr/share/nginx/html/node_modules/.caseless-qeWGl9a2',
167 silly reify   '/usr/share/nginx/html/node_modules/combined-stream': '/usr/share/nginx/html/node_modules/.combined-stream-VPTVoxDu',
167 silly reify   '/usr/share/nginx/html/node_modules/content-disposition': '/usr/share/nginx/html/node_modules/.content-disposition-lirKKwIc',
167 silly reify   '/usr/share/nginx/html/node_modules/content-type': '/usr/share/nginx/html/node_modules/.content-type-AzMkm41A',
167 silly reify   '/usr/share/nginx/html/node_modules/cookie': '/usr/share/nginx/html/node_modules/.cookie-FLHbDe36',
167 silly reify   '/usr/share/nginx/html/node_modules/cookie-signature': '/usr/share/nginx/html/node_modules/.cookie-signature-KYA4TC6D',
167 silly reify   '/usr/share/nginx/html/node_modules/core-util-is': '/usr/share/nginx/html/node_modules/.core-util-is-DMfr8AGm',
167 silly reify   '/usr/share/nginx/html/node_modules/dashdash': '/usr/share/nginx/html/node_modules/.dashdash-m1QdSJRc',
167 silly reify   '/usr/share/nginx/html/node_modules/data-uri-to-buffer': '/usr/share/nginx/html/node_modules/.data-uri-to-buffer-BqBt5vVm',
167 silly reify   '/usr/share/nginx/html/node_modules/debug': '/usr/share/nginx/html/node_modules/.debug-dGNorUhg',
167 silly reify   '/usr/share/nginx/html/node_modules/delayed-stream': '/usr/share/nginx/html/node_modules/.delayed-stream-DManUDAB',
167 silly reify   '/usr/share/nginx/html/node_modules/depd': '/usr/share/nginx/html/node_modules/.depd-Gnj0xonO',
167 silly reify   '/usr/share/nginx/html/node_modules/destroy': '/usr/share/nginx/html/node_modules/.destroy-dO298Eqo',
167 silly reify   '/usr/share/nginx/html/node_modules/ecc-jsbn': '/usr/share/nginx/html/node_modules/.ecc-jsbn-YidwrYSP',
167 silly reify   '/usr/share/nginx/html/node_modules/ee-first': '/usr/share/nginx/html/node_modules/.ee-first-mkDFKD9O',
167 silly reify   '/usr/share/nginx/html/node_modules/encodeurl': '/usr/share/nginx/html/node_modules/.encodeurl-hjIbc1YO',
167 silly reify   '/usr/share/nginx/html/node_modules/escape-html': '/usr/share/nginx/html/node_modules/.escape-html-VcEEUXWW',
167 silly reify   '/usr/share/nginx/html/node_modules/etag': '/usr/share/nginx/html/node_modules/.etag-x9HJMep6',
167 silly reify   '/usr/share/nginx/html/node_modules/express': '/usr/share/nginx/html/node_modules/.express-WgOzWU21',
167 silly reify   '/usr/share/nginx/html/node_modules/extend': '/usr/share/nginx/html/node_modules/.extend-jKUad2Hb',
167 silly reify   '/usr/share/nginx/html/node_modules/extsprintf': '/usr/share/nginx/html/node_modules/.extsprintf-OGdO5WLr',
167 silly reify   '/usr/share/nginx/html/node_modules/fast-deep-equal': '/usr/share/nginx/html/node_modules/.fast-deep-equal-VDiMBNuZ',
167 silly reify   '/usr/share/nginx/html/node_modules/fast-json-stable-stringify': '/usr/share/nginx/html/node_modules/.fast-json-stable-stringify-uG6MvhVz',
167 silly reify   '/usr/share/nginx/html/node_modules/fetch-blob': '/usr/share/nginx/html/node_modules/.fetch-blob-trRvH5Ov',
167 silly reify   '/usr/share/nginx/html/node_modules/finalhandler': '/usr/share/nginx/html/node_modules/.finalhandler-edOjG7Jm',
167 silly reify   '/usr/share/nginx/html/node_modules/forever-agent': '/usr/share/nginx/html/node_modules/.forever-agent-fiCLi7h7',
167 silly reify   '/usr/share/nginx/html/node_modules/form-data': '/usr/share/nginx/html/node_modules/.form-data-nRgo9b82',
167 silly reify   '/usr/share/nginx/html/node_modules/formdata-polyfill': '/usr/share/nginx/html/node_modules/.formdata-polyfill-7HeAo17I',
167 silly reify   '/usr/share/nginx/html/node_modules/forwarded': '/usr/share/nginx/html/node_modules/.forwarded-ISh1Dw8J',
167 silly reify   '/usr/share/nginx/html/node_modules/fresh': '/usr/share/nginx/html/node_modules/.fresh-eb0ruQef',
167 silly reify   '/usr/share/nginx/html/node_modules/function-bind': '/usr/share/nginx/html/node_modules/.function-bind-wmh5x3tA',
167 silly reify   '/usr/share/nginx/html/node_modules/get-intrinsic': '/usr/share/nginx/html/node_modules/.get-intrinsic-waVq4x4r',
167 silly reify   '/usr/share/nginx/html/node_modules/getpass': '/usr/share/nginx/html/node_modules/.getpass-y5USbJqI',
167 silly reify   '/usr/share/nginx/html/node_modules/har-schema': '/usr/share/nginx/html/node_modules/.har-schema-tu0zcHhr',
167 silly reify   '/usr/share/nginx/html/node_modules/har-validator': '/usr/share/nginx/html/node_modules/.har-validator-ZSl5L0Tb',
167 silly reify   '/usr/share/nginx/html/node_modules/has': '/usr/share/nginx/html/node_modules/.has-9VSHbdKS',
167 silly reify   '/usr/share/nginx/html/node_modules/has-symbols': '/usr/share/nginx/html/node_modules/.has-symbols-QBnquyPG',
167 silly reify   '/usr/share/nginx/html/node_modules/http-errors': '/usr/share/nginx/html/node_modules/.http-errors-Fj4FBAqW',
167 silly reify   '/usr/share/nginx/html/node_modules/http-signature': '/usr/share/nginx/html/node_modules/.http-signature-8ZmkstEq',
167 silly reify   '/usr/share/nginx/html/node_modules/iconv-lite': '/usr/share/nginx/html/node_modules/.iconv-lite-auyWOthp',
167 silly reify   '/usr/share/nginx/html/node_modules/immediate': '/usr/share/nginx/html/node_modules/.immediate-izVrTudo',
167 silly reify   '/usr/share/nginx/html/node_modules/inherits': '/usr/share/nginx/html/node_modules/.inherits-FIsBcLau',
167 silly reify   '/usr/share/nginx/html/node_modules/ipaddr.js': '/usr/share/nginx/html/node_modules/.ipaddr.js-uixN6sJN',
167 silly reify   '/usr/share/nginx/html/node_modules/isstream': '/usr/share/nginx/html/node_modules/.isstream-nY91I6GK',
167 silly reify   '/usr/share/nginx/html/node_modules/jsbn': '/usr/share/nginx/html/node_modules/.jsbn-B7Dor842',
167 silly reify   '/usr/share/nginx/html/node_modules/json-schema': '/usr/share/nginx/html/node_modules/.json-schema-6ZG9IXEK',
167 silly reify   '/usr/share/nginx/html/node_modules/json-schema-traverse': '/usr/share/nginx/html/node_modules/.json-schema-traverse-ObGpqN1d',
167 silly reify   '/usr/share/nginx/html/node_modules/json-stringify-safe': '/usr/share/nginx/html/node_modules/.json-stringify-safe-rdh41DYH',
167 silly reify   '/usr/share/nginx/html/node_modules/jsprim': '/usr/share/nginx/html/node_modules/.jsprim-0j9JZiss',
167 silly reify   '/usr/share/nginx/html/node_modules/lie': '/usr/share/nginx/html/node_modules/.lie-ihr3YNKf',
167 silly reify   '/usr/share/nginx/html/node_modules/localforage': '/usr/share/nginx/html/node_modules/.localforage-m8PNlgyI',
167 silly reify   '/usr/share/nginx/html/node_modules/lodash': '/usr/share/nginx/html/node_modules/.lodash-s9igIer6',
167 silly reify   '/usr/share/nginx/html/node_modules/media-typer': '/usr/share/nginx/html/node_modules/.media-typer-j8XF4UNr',
167 silly reify   '/usr/share/nginx/html/node_modules/merge-descriptors': '/usr/share/nginx/html/node_modules/.merge-descriptors-otowoIcI',
167 silly reify   '/usr/share/nginx/html/node_modules/methods': '/usr/share/nginx/html/node_modules/.methods-YlI85d4C',
167 silly reify   '/usr/share/nginx/html/node_modules/mime': '/usr/share/nginx/html/node_modules/.mime-Rfhkt5iH',
167 silly reify   '/usr/share/nginx/html/node_modules/.bin/mime': '/usr/share/nginx/html/node_modules/.bin/.mime-DS5HEASI',
167 silly reify   '/usr/share/nginx/html/node_modules/mime-db': '/usr/share/nginx/html/node_modules/.mime-db-a9SXlgUY',
167 silly reify   '/usr/share/nginx/html/node_modules/mime-types': '/usr/share/nginx/html/node_modules/.mime-types-2LmatfOI',
167 silly reify   '/usr/share/nginx/html/node_modules/mkdirp': '/usr/share/nginx/html/node_modules/.mkdirp-RbTU7nYl',
167 silly reify   '/usr/share/nginx/html/node_modules/.bin/mkdirp': '/usr/share/nginx/html/node_modules/.bin/.mkdirp-J4PDb115',
167 silly reify   '/usr/share/nginx/html/node_modules/ms': '/usr/share/nginx/html/node_modules/.ms-HP76O181',
167 silly reify   '/usr/share/nginx/html/node_modules/nedb': '/usr/share/nginx/html/node_modules/.nedb-AZEB4h2D',
167 silly reify   '/usr/share/nginx/html/node_modules/negotiator': '/usr/share/nginx/html/node_modules/.negotiator-psSDI50r',
167 silly reify   '/usr/share/nginx/html/node_modules/node-domexception': '/usr/share/nginx/html/node_modules/.node-domexception-oaj7YV9v',
167 silly reify   '/usr/share/nginx/html/node_modules/node-fetch': '/usr/share/nginx/html/node_modules/.node-fetch-GSqbiOak',
167 silly reify   '/usr/share/nginx/html/node_modules/oauth-sign': '/usr/share/nginx/html/node_modules/.oauth-sign-RjtfZPjr',
167 silly reify   '/usr/share/nginx/html/node_modules/object-inspect': '/usr/share/nginx/html/node_modules/.object-inspect-nfH6YyWd',
167 silly reify   '/usr/share/nginx/html/node_modules/on-finished': '/usr/share/nginx/html/node_modules/.on-finished-iwf42qiQ',
167 silly reify   '/usr/share/nginx/html/node_modules/parseurl': '/usr/share/nginx/html/node_modules/.parseurl-5KZ9daNO',
167 silly reify   '/usr/share/nginx/html/node_modules/path-to-regexp': '/usr/share/nginx/html/node_modules/.path-to-regexp-FcSh9tAQ',
167 silly reify   '/usr/share/nginx/html/node_modules/performance-now': '/usr/share/nginx/html/node_modules/.performance-now-eXdmcTzp',
167 silly reify   '/usr/share/nginx/html/node_modules/proxy-addr': '/usr/share/nginx/html/node_modules/.proxy-addr-sIRxBjgm',
167 silly reify   '/usr/share/nginx/html/node_modules/psl': '/usr/share/nginx/html/node_modules/.psl-UojM8kVE',
167 silly reify   '/usr/share/nginx/html/node_modules/punycode': '/usr/share/nginx/html/node_modules/.punycode-QAPS9qhh',
167 silly reify   '/usr/share/nginx/html/node_modules/qs': '/usr/share/nginx/html/node_modules/.qs-Lf0JClhe',
167 silly reify   '/usr/share/nginx/html/node_modules/range-parser': '/usr/share/nginx/html/node_modules/.range-parser-mbQG2ot7',
167 silly reify   '/usr/share/nginx/html/node_modules/raw-body': '/usr/share/nginx/html/node_modules/.raw-body-vx9B2ZrV',
167 silly reify   '/usr/share/nginx/html/node_modules/request': '/usr/share/nginx/html/node_modules/.request-dfusS8RE',
167 silly reify   '/usr/share/nginx/html/node_modules/request-promise': '/usr/share/nginx/html/node_modules/.request-promise-cbgFgg81',
167 silly reify   '/usr/share/nginx/html/node_modules/request-promise-core': '/usr/share/nginx/html/node_modules/.request-promise-core-09XidLaN',
167 silly reify   '/usr/share/nginx/html/node_modules/safe-buffer': '/usr/share/nginx/html/node_modules/.safe-buffer-aA2gPvBO',
167 silly reify   '/usr/share/nginx/html/node_modules/safer-buffer': '/usr/share/nginx/html/node_modules/.safer-buffer-G6TkSA6l',
167 silly reify   '/usr/share/nginx/html/node_modules/send': '/usr/share/nginx/html/node_modules/.send-LjQpaBLd',
167 silly reify   '/usr/share/nginx/html/node_modules/serve-static': '/usr/share/nginx/html/node_modules/.serve-static-QxxYr1q2',
167 silly reify   '/usr/share/nginx/html/node_modules/setprototypeof': '/usr/share/nginx/html/node_modules/.setprototypeof-cB2UWmt8',
167 silly reify   '/usr/share/nginx/html/node_modules/side-channel': '/usr/share/nginx/html/node_modules/.side-channel-LIcjNJCr',
167 silly reify   '/usr/share/nginx/html/node_modules/sshpk': '/usr/share/nginx/html/node_modules/.sshpk-DLOcv1Ls',
167 silly reify   '/usr/share/nginx/html/node_modules/.bin/sshpk-conv': '/usr/share/nginx/html/node_modules/.bin/.sshpk-conv-9LLC9PDv',
167 silly reify   '/usr/share/nginx/html/node_modules/.bin/sshpk-sign': '/usr/share/nginx/html/node_modules/.bin/.sshpk-sign-u8UzgW7e',
167 silly reify   '/usr/share/nginx/html/node_modules/.bin/sshpk-verify': '/usr/share/nginx/html/node_modules/.bin/.sshpk-verify-NbCK5uAI',
167 silly reify   '/usr/share/nginx/html/node_modules/statuses': '/usr/share/nginx/html/node_modules/.statuses-rAthlF8a',
167 silly reify   '/usr/share/nginx/html/node_modules/stealthy-require': '/usr/share/nginx/html/node_modules/.stealthy-require-mEqtWlWT',
167 silly reify   '/usr/share/nginx/html/node_modules/stripe': '/usr/share/nginx/html/node_modules/.stripe-UDEqqe6O',
167 silly reify   '/usr/share/nginx/html/node_modules/toidentifier': '/usr/share/nginx/html/node_modules/.toidentifier-ay2UZjY3',
167 silly reify   '/usr/share/nginx/html/node_modules/tough-cookie': '/usr/share/nginx/html/node_modules/.tough-cookie-g47b24zs',
167 silly reify   '/usr/share/nginx/html/node_modules/tunnel-agent': '/usr/share/nginx/html/node_modules/.tunnel-agent-YOlezFI0',
167 silly reify   '/usr/share/nginx/html/node_modules/tweetnacl': '/usr/share/nginx/html/node_modules/.tweetnacl-6h4IaH4J',
167 silly reify   '/usr/share/nginx/html/node_modules/type-is': '/usr/share/nginx/html/node_modules/.type-is-kLL1AEz4',
167 silly reify   '/usr/share/nginx/html/node_modules/underscore': '/usr/share/nginx/html/node_modules/.underscore-BVT2b9cW',
167 silly reify   '/usr/share/nginx/html/node_modules/unpipe': '/usr/share/nginx/html/node_modules/.unpipe-IxsHpglS',
167 silly reify   '/usr/share/nginx/html/node_modules/uri-js': '/usr/share/nginx/html/node_modules/.uri-js-QfHGBzAr',
167 silly reify   '/usr/share/nginx/html/node_modules/utils-merge': '/usr/share/nginx/html/node_modules/.utils-merge-ANxvFexT',
167 silly reify   '/usr/share/nginx/html/node_modules/uuid': '/usr/share/nginx/html/node_modules/.uuid-mPO5T5S6',
167 silly reify   '/usr/share/nginx/html/node_modules/.bin/uuid': '/usr/share/nginx/html/node_modules/.bin/.uuid-KBL9tJ80',
167 silly reify   '/usr/share/nginx/html/node_modules/vary': '/usr/share/nginx/html/node_modules/.vary-9isdalHI',
167 silly reify   '/usr/share/nginx/html/node_modules/verror': '/usr/share/nginx/html/node_modules/.verror-CKpdKMts',
167 silly reify   '/usr/share/nginx/html/node_modules/web-streams-polyfill': '/usr/share/nginx/html/node_modules/.web-streams-polyfill-mij9g6sr'
167 silly reify }
168 timing reify:retireShallow Completed in 73ms
169 timing reify:createSparse Completed in 0ms
170 timing reify:loadBundles Completed in 0ms
171 silly audit bulk request {
171 silly audit   '@sindresorhus/is': [ '0.14.0' ],
171 silly audit   '@szmarczak/http-timer': [ '1.1.2' ],
171 silly audit   abbrev: [ '1.1.1' ],
171 silly audit   'ansi-align': [ '3.0.1' ],
171 silly audit   'ansi-regex': [ '5.0.1' ],
171 silly audit   'ansi-styles': [ '4.3.0' ],
171 silly audit   anymatch: [ '3.1.2' ],
171 silly audit   'balanced-match': [ '1.0.2' ],
171 silly audit   'binary-extensions': [ '2.2.0' ],
171 silly audit   boxen: [ '5.1.2' ],
171 silly audit   'brace-expansion': [ '1.1.11' ],
171 silly audit   braces: [ '3.0.2' ],
171 silly audit   'cacheable-request': [ '6.1.0' ],
171 silly audit   'get-stream': [ '5.2.0', '4.1.0' ],
171 silly audit   'lowercase-keys': [ '2.0.0', '1.0.1' ],
171 silly audit   camelcase: [ '6.3.0' ],
171 silly audit   chalk: [ '4.1.2' ],
171 silly audit   'has-flag': [ '4.0.0', '3.0.0' ],
171 silly audit   'supports-color': [ '7.2.0', '5.5.0' ],
171 silly audit   chokidar: [ '3.5.3' ],
171 silly audit   'ci-info': [ '2.0.0' ],
171 silly audit   'cli-boxes': [ '2.2.1' ],
171 silly audit   'clone-response': [ '1.0.2' ],
171 silly audit   'color-convert': [ '2.0.1' ],
171 silly audit   'color-name': [ '1.1.4' ],
171 silly audit   'concat-map': [ '0.0.1' ],
171 silly audit   configstore: [ '5.0.1' ],
171 silly audit   'crypto-random-string': [ '2.0.0' ],
171 silly audit   debug: [ '3.2.7' ],
171 silly audit   'decompress-response': [ '3.3.0' ],
171 silly audit   'deep-extend': [ '0.6.0' ],
171 silly audit   'defer-to-connect': [ '1.1.3' ],
171 silly audit   'dot-prop': [ '5.3.0' ],
171 silly audit   duplexer3: [ '0.1.4' ],
171 silly audit   'emoji-regex': [ '8.0.0' ],
171 silly audit   'end-of-stream': [ '1.4.4' ],
171 silly audit   'escape-goat': [ '2.1.1' ],
171 silly audit   'fill-range': [ '7.0.1' ],
171 silly audit   'glob-parent': [ '5.1.2' ],
171 silly audit   'global-dirs': [ '3.0.0' ],
171 silly audit   got: [ '9.6.0' ],
171 silly audit   'graceful-fs': [ '4.2.10' ],
171 silly audit   'has-yarn': [ '2.1.0' ],
171 silly audit   'http-cache-semantics': [ '4.1.0' ],
171 silly audit   'ignore-by-default': [ '1.0.1' ],
171 silly audit   'import-lazy': [ '2.1.0' ],
171 silly audit   imurmurhash: [ '0.1.4' ],
171 silly audit   ini: [ '2.0.0', '1.3.8' ],
171 silly audit   'is-binary-path': [ '2.1.0' ],
171 silly audit   'is-ci': [ '2.0.0' ],
171 silly audit   'is-extglob': [ '2.1.1' ],
171 silly audit   'is-fullwidth-code-point': [ '3.0.0' ],
171 silly audit   'is-glob': [ '4.0.3' ],
171 silly audit   'is-installed-globally': [ '0.4.0' ],
171 silly audit   'is-npm': [ '5.0.0' ],
171 silly audit   'is-number': [ '7.0.0' ],
171 silly audit   'is-obj': [ '2.0.0' ],
171 silly audit   'is-path-inside': [ '3.0.3' ],
171 silly audit   'is-typedarray': [ '1.0.0' ],
171 silly audit   'is-yarn-global': [ '0.3.0' ],
171 silly audit   'json-buffer': [ '3.0.0' ],
171 silly audit   keyv: [ '3.1.0' ],
171 silly audit   'latest-version': [ '5.1.0' ],
171 silly audit   'lru-cache': [ '6.0.0' ],
171 silly audit   'make-dir': [ '3.1.0' ],
171 silly audit   semver: [ '6.3.0', '5.7.1', '7.3.7' ],
171 silly audit   'mimic-response': [ '1.0.1' ],
171 silly audit   minimatch: [ '3.1.2' ],
171 silly audit   minimist: [ '1.2.6' ],
171 silly audit   ms: [ '2.1.3' ],
171 silly audit   nopt: [ '1.0.10' ],
171 silly audit   'normalize-path': [ '3.0.0' ],
171 silly audit   'normalize-url': [ '4.5.1' ],
171 silly audit   once: [ '1.4.0' ],
171 silly audit   'p-cancelable': [ '1.1.0' ],
171 silly audit   'package-json': [ '6.5.0' ],
171 silly audit   picomatch: [ '2.3.1' ],
171 silly audit   'prepend-http': [ '2.0.0' ],
171 silly audit   'pstree.remy': [ '1.1.8' ],
171 silly audit   pump: [ '3.0.0' ],
171 silly audit   pupa: [ '2.1.1' ],
171 silly audit   rc: [ '1.2.8' ],
171 silly audit   readdirp: [ '3.6.0' ],
171 silly audit   'registry-auth-token': [ '4.2.1' ],
171 silly audit   'registry-url': [ '5.1.0' ],
171 silly audit   responselike: [ '1.0.2' ],
171 silly audit   'semver-diff': [ '3.1.1' ],
171 silly audit   'signal-exit': [ '3.0.7' ],
171 silly audit   'string-width': [ '4.2.3' ],
171 silly audit   'strip-ansi': [ '6.0.1' ],
171 silly audit   'strip-json-comments': [ '2.0.1' ],
171 silly audit   'to-readable-stream': [ '1.0.0' ],
171 silly audit   'to-regex-range': [ '5.0.1' ],
171 silly audit   touch: [ '3.1.0' ],
171 silly audit   'type-fest': [ '0.20.2' ],
171 silly audit   'typedarray-to-buffer': [ '3.1.5' ],
171 silly audit   undefsafe: [ '2.0.5' ],
171 silly audit   'unique-string': [ '2.0.0' ],
171 silly audit   'update-notifier': [ '5.1.0' ],
171 silly audit   'url-parse-lax': [ '3.0.0' ],
171 silly audit   'widest-line': [ '3.1.0' ],
171 silly audit   'wrap-ansi': [ '7.0.0' ],
171 silly audit   wrappy: [ '1.0.2' ],
171 silly audit   'write-file-atomic': [ '3.0.3' ],
171 silly audit   'xdg-basedir': [ '4.0.0' ],
171 silly audit   yallist: [ '4.0.0' ],
171 silly audit   nodemon: [ '2.0.16' ]
171 silly audit }
172 timing reify:unpack Completed in 1ms
173 timing reify:unretire Completed in 1ms
174 timing build:queue Completed in 0ms
175 timing build:deps Completed in 0ms
176 timing build Completed in 1ms
177 timing reify:build Completed in 2ms
178 http fetch POST 200 https://registry.npmjs.org/-/npm/v1/security/advisories/bulk 162ms
179 timing auditReport:getReport Completed in 167ms
180 silly audit report {}
181 timing auditReport:init Completed in 0ms
182 timing reify:audit Completed in 167ms
183 timing reify:trash Completed in 293ms
184 timing reify:save Completed in 47ms
185 timing reify Completed in 884ms
186 silly REMOVE node_modules/web-streams-polyfill
187 silly REMOVE node_modules/verror
188 silly REMOVE node_modules/vary
189 silly REMOVE node_modules/uuid
190 silly REMOVE node_modules/utils-merge
191 silly REMOVE node_modules/uri-js
192 silly REMOVE node_modules/unpipe
193 silly REMOVE node_modules/underscore
194 silly REMOVE node_modules/type-is
195 silly REMOVE node_modules/tweetnacl
196 silly REMOVE node_modules/tunnel-agent
197 silly REMOVE node_modules/tough-cookie
198 silly REMOVE node_modules/toidentifier
199 silly REMOVE node_modules/stripe
200 silly REMOVE node_modules/stealthy-require
201 silly REMOVE node_modules/statuses
202 silly REMOVE node_modules/sshpk
203 silly REMOVE node_modules/side-channel
204 silly REMOVE node_modules/setprototypeof
205 silly REMOVE node_modules/serve-static
206 silly REMOVE node_modules/send
207 silly REMOVE node_modules/send/node_modules/ms
208 silly REMOVE node_modules/safer-buffer
209 silly REMOVE node_modules/safe-buffer
210 silly REMOVE node_modules/request-promise-core
211 silly REMOVE node_modules/request-promise
212 silly REMOVE node_modules/request
213 silly REMOVE node_modules/request/node_modules/qs
214 silly REMOVE node_modules/raw-body
215 silly REMOVE node_modules/range-parser
216 silly REMOVE node_modules/qs
217 silly REMOVE node_modules/punycode
218 silly REMOVE node_modules/psl
219 silly REMOVE node_modules/proxy-addr
220 silly REMOVE node_modules/performance-now
221 silly REMOVE node_modules/path-to-regexp
222 silly REMOVE node_modules/parseurl
223 silly REMOVE node_modules/on-finished
224 silly REMOVE node_modules/object-inspect
225 silly REMOVE node_modules/oauth-sign
226 silly REMOVE node_modules/node-fetch
227 silly REMOVE node_modules/node-domexception
228 silly REMOVE node_modules/negotiator
229 silly REMOVE node_modules/nedb
230 silly REMOVE node_modules/ms
231 silly REMOVE node_modules/mkdirp
232 silly REMOVE node_modules/mime-types
233 silly REMOVE node_modules/mime-db
234 silly REMOVE node_modules/mime
235 silly REMOVE node_modules/methods
236 silly REMOVE node_modules/merge-descriptors
237 silly REMOVE node_modules/media-typer
238 silly REMOVE node_modules/lodash
239 silly REMOVE node_modules/localforage
240 silly REMOVE node_modules/lie
241 silly REMOVE node_modules/jsprim
242 silly REMOVE node_modules/json-stringify-safe
243 silly REMOVE node_modules/json-schema-traverse
244 silly REMOVE node_modules/json-schema
245 silly REMOVE node_modules/jsbn
246 silly REMOVE node_modules/isstream
247 silly REMOVE node_modules/ipaddr.js
248 silly REMOVE node_modules/inherits
249 silly REMOVE node_modules/immediate
250 silly REMOVE node_modules/iconv-lite
251 silly REMOVE node_modules/http-signature
252 silly REMOVE node_modules/http-errors
253 silly REMOVE node_modules/has-symbols
254 silly REMOVE node_modules/has
255 silly REMOVE node_modules/har-validator
256 silly REMOVE node_modules/har-schema
257 silly REMOVE node_modules/getpass
258 silly REMOVE node_modules/get-intrinsic
259 silly REMOVE node_modules/function-bind
260 silly REMOVE node_modules/fresh
261 silly REMOVE node_modules/forwarded
262 silly REMOVE node_modules/formdata-polyfill
263 silly REMOVE node_modules/form-data
264 silly REMOVE node_modules/forever-agent
265 silly REMOVE node_modules/finalhandler
266 silly REMOVE node_modules/fetch-blob
267 silly REMOVE node_modules/fast-json-stable-stringify
268 silly REMOVE node_modules/fast-deep-equal
269 silly REMOVE node_modules/extsprintf
270 silly REMOVE node_modules/extend
271 silly REMOVE node_modules/express
272 silly REMOVE node_modules/etag
273 silly REMOVE node_modules/escape-html
274 silly REMOVE node_modules/encodeurl
275 silly REMOVE node_modules/ee-first
276 silly REMOVE node_modules/ecc-jsbn
277 silly REMOVE node_modules/destroy
278 silly REMOVE node_modules/depd
279 silly REMOVE node_modules/delayed-stream
280 silly REMOVE node_modules/debug
281 silly REMOVE node_modules/data-uri-to-buffer
282 silly REMOVE node_modules/dashdash
283 silly REMOVE node_modules/core-util-is
284 silly REMOVE node_modules/cookie-signature
285 silly REMOVE node_modules/cookie
286 silly REMOVE node_modules/content-type
287 silly REMOVE node_modules/content-disposition
288 silly REMOVE node_modules/combined-stream
289 silly REMOVE node_modules/caseless
290 silly REMOVE node_modules/call-bind
291 silly REMOVE node_modules/bytes
292 silly REMOVE node_modules/body-parser
293 silly REMOVE node_modules/bluebird
294 silly REMOVE node_modules/binary-search-tree
295 silly REMOVE node_modules/bcrypt-pbkdf
296 silly REMOVE node_modules/aws4
297 silly REMOVE node_modules/aws-sign2
298 silly REMOVE node_modules/asynckit
299 silly REMOVE node_modules/async
300 silly REMOVE node_modules/assert-plus
301 silly REMOVE node_modules/asn1
302 silly REMOVE node_modules/array-flatten
303 silly REMOVE node_modules/ajv
304 silly REMOVE node_modules/accepts
305 silly REMOVE node_modules/@types/node
306 timing command:install Completed in 894ms
307 verbose exit 0
308 timing npm Completed in 998ms
309 info ok
