0 verbose cli /usr/bin/node /usr/bin/npm
1 info using npm@8.11.0
2 info using node@v16.15.1
3 timing npm:load:whichnode Completed in 0ms
4 timing config:load:defaults Completed in 1ms
5 timing config:load:file:/usr/lib/node_modules/npm/npmrc Completed in 1ms
6 timing config:load:builtin Completed in 1ms
7 timing config:load:cli Completed in 2ms
8 timing config:load:env Completed in 0ms
9 timing config:load:file:/usr/share/nginx/html/.npmrc Completed in 1ms
10 timing config:load:project Completed in 18ms
11 timing config:load:file:/root/.npmrc Completed in 0ms
12 timing config:load:user Completed in 0ms
13 timing config:load:file:/usr/etc/npmrc Completed in 1ms
14 timing config:load:global Completed in 1ms
15 timing config:load:validate Completed in 0ms
16 timing config:load:credentials Completed in 1ms
17 timing config:load:setEnvs Completed in 1ms
18 timing config:load Completed in 25ms
19 timing npm:load:configload Completed in 26ms
20 timing npm:load:mkdirpcache Completed in 1ms
21 timing npm:load:mkdirplogs Completed in 0ms
22 verbose title npm install node-fetcj
23 verbose argv "install" "node-fetcj"
24 timing npm:load:setTitle Completed in 1ms
25 timing config:load:flatten Completed in 3ms
26 timing npm:load:display Completed in 5ms
27 verbose logfile logs-max:10 dir:/root/.npm/_logs
28 verbose logfile /root/.npm/_logs/2022-06-08T02_44_20_117Z-debug-0.log
29 timing npm:load:logFile Completed in 4ms
30 timing npm:load:timers Completed in 1ms
31 timing npm:load:configScope Completed in 0ms
32 timing npm:load Completed in 38ms
33 timing arborist:ctor Completed in 1ms
34 silly logfile done cleaning log files
35 timing idealTree:init Completed in 108ms
36 timing idealTree:userRequests Completed in 1ms
37 silly idealTree buildDeps
38 silly fetch manifest node-fetcj@*
39 timing arborist:ctor Completed in 1ms
40 http fetch GET 404 https://registry.npmjs.org/node-fetcj 148ms (cache skip)
41 http fetch GET 404 https://registry.npmjs.org/node-fetcj 76ms (cache skip)
42 silly placeDep ROOT node-fetcj@ OK for:  want: *
43 timing idealTree:#root Completed in 233ms
44 timing idealTree:node_modules/node-fetcj Completed in 0ms
45 timing idealTree:buildDeps Completed in 235ms
46 timing idealTree:fixDepFlags Completed in 1ms
47 timing idealTree Completed in 347ms
48 timing command:install Completed in 365ms
49 verbose stack HttpErrorGeneral: 404 Not Found - GET https://registry.npmjs.org/node-fetcj - Not found
49 verbose stack     at /usr/lib/node_modules/npm/node_modules/npm-registry-fetch/lib/check-response.js:93:15
49 verbose stack     at processTicksAndRejections (node:internal/process/task_queues:96:5)
49 verbose stack     at async RegistryFetcher.packument (/usr/lib/node_modules/npm/node_modules/pacote/lib/registry.js:92:19)
49 verbose stack     at async RegistryFetcher.manifest (/usr/lib/node_modules/npm/node_modules/pacote/lib/registry.js:124:23)
49 verbose stack     at async Arborist.[nodeFromEdge] (/usr/lib/node_modules/npm/node_modules/@npmcli/arborist/lib/arborist/build-ideal-tree.js:1108:19)
49 verbose stack     at async Arborist.[buildDepStep] (/usr/lib/node_modules/npm/node_modules/@npmcli/arborist/lib/arborist/build-ideal-tree.js:976:11)
49 verbose stack     at async Arborist.buildIdealTree (/usr/lib/node_modules/npm/node_modules/@npmcli/arborist/lib/arborist/build-ideal-tree.js:218:7)
49 verbose stack     at async Promise.all (index 1)
49 verbose stack     at async Arborist.reify (/usr/lib/node_modules/npm/node_modules/@npmcli/arborist/lib/arborist/reify.js:153:5)
49 verbose stack     at async Install.exec (/usr/lib/node_modules/npm/lib/commands/install.js:156:5)
50 verbose statusCode 404
51 verbose pkgid node-fetcj@*
52 verbose cwd /usr/share/nginx/html
53 verbose Linux 3.10.0-1160.66.1.el7.x86_64
54 verbose node v16.15.1
55 verbose npm  v8.11.0
56 error code E404
57 error 404 Not Found - GET https://registry.npmjs.org/node-fetcj - Not found
58 error 404
59 error 404  'node-fetcj@*' is not in this registry.
60 error 404
60 error 404 Note that you can also install from a
61 error 404 tarball, folder, http url, or git url.
62 verbose exit 1
63 timing npm Completed in 467ms
64 verbose unfinished npm timer reify 1654656260217
65 verbose unfinished npm timer reify:loadTrees 1654656260230
66 verbose code 1
67 error A complete log of this run can be found in:
67 error     /root/.npm/_logs/2022-06-08T02_44_20_117Z-debug-0.log
